2017-10-26 21:52:37,167 INFO Start
2017-10-26 21:52:37,168 INFO -------------------------------------------------------
2017-10-26 21:52:37,168 INFO 
2017-10-26 21:52:37,168 INFO Generation: 0
2017-10-26 21:52:37,168 INFO 
2017-10-26 21:52:37,168 INFO a new day has come
2017-10-26 21:53:40,285 INFO score
2017-10-26 21:53:40,285 INFO [ 9  5 10  0]
2017-10-26 21:53:40,286 INFO genarating next gen
2017-10-26 21:53:40,293 INFO -------------------------------------------------------
2017-10-26 21:53:40,293 INFO 
2017-10-26 21:53:40,294 INFO Generation: 1
2017-10-26 21:53:40,294 INFO 
2017-10-26 21:53:40,294 INFO a new day has come
2017-10-26 21:54:58,641 INFO score
2017-10-26 21:54:58,642 INFO [0 4 7 3]
2017-10-26 21:54:58,642 INFO genarating next gen
2017-10-26 21:54:58,650 INFO -------------------------------------------------------
2017-10-26 21:54:58,650 INFO 
2017-10-26 21:54:58,650 INFO Generation: 2
2017-10-26 21:54:58,650 INFO 
2017-10-26 21:54:58,650 INFO a new day has come
2017-10-26 21:56:40,416 INFO score
2017-10-26 21:56:40,416 INFO [ 7 11  6  8]
2017-10-26 21:56:40,417 INFO genarating next gen
2017-10-26 21:56:40,421 INFO -------------------------------------------------------
2017-10-26 21:56:40,421 INFO 
2017-10-26 21:56:40,421 INFO Generation: 3
2017-10-26 21:56:40,421 INFO 
2017-10-26 21:56:40,421 INFO a new day has come
