2017-10-26 21:47:42,708 INFO Start
2017-10-26 21:47:42,708 INFO -------------------------------------------------------
2017-10-26 21:47:42,708 INFO 
2017-10-26 21:47:42,709 INFO 
2017-10-26 21:47:42,709 INFO a new day has come
2017-10-26 21:48:08,599 INFO Start
2017-10-26 21:48:08,599 INFO -------------------------------------------------------
2017-10-26 21:48:08,599 INFO 
2017-10-26 21:48:08,599 INFO 
2017-10-26 21:48:08,599 INFO a new day has come
2017-10-26 21:48:55,004 INFO Start
2017-10-26 21:48:55,004 INFO -------------------------------------------------------
2017-10-26 21:48:55,004 INFO 
2017-10-26 21:48:55,004 INFO 
2017-10-26 21:48:55,004 INFO a new day has come
2017-10-26 21:50:45,736 INFO Start
2017-10-26 21:50:45,737 INFO -------------------------------------------------------
2017-10-26 21:50:45,737 INFO 
2017-10-26 21:50:45,737 INFO Generation: 0
2017-10-26 21:50:45,737 INFO 
2017-10-26 21:50:45,737 INFO a new day has come
