2017-10-26 22:32:15,198 : Start
2017-10-26 22:32:15,201 : -------------------------------------------------------
2017-10-26 22:32:15,203 : Generation: 0
2017-10-26 22:32:15,204 : a new day has come
2017-10-26 22:33:38,725 : [1, 2, 1, 1, 1, 1, 10, 13, 1, 3, 1, 1]
2017-10-26 22:33:38,727 : [7 6 9 1]
2017-10-26 22:33:38,731 : genarating next gen
2017-10-26 22:33:38,759 : 
2017-10-26 22:33:38,760 : -------------------------------------------------------
2017-10-26 22:33:38,764 : Generation: 1
2017-10-26 22:33:38,765 : a new day has come
2017-10-26 22:38:17,984 : [33, 3, 3, 1, 1, 1, 37, 1, 27, 1, 1, 46]
2017-10-26 22:38:17,990 : [11  6  0  8]
2017-10-26 22:38:17,999 : genarating next gen
2017-10-26 22:38:18,041 : [ {'b2': array([[ 0.12302623]]), 'W2': array([[ 1.55069208, -0.29862268,  0.30955728]]), 'W1': array([[-0.02219798,  0.00016742,  0.00629043],
       [ 0.01253393,  0.01030243,  0.00125016],
       [ 0.02159961,  0.0104557 ,  0.01044728]]), 'b1': array([[-0.63064256],
       [ 0.21192068],
       [-0.06390319]])}
 {'b2': array([[ 0.12302623]]), 'W2': array([[ 1.55069208, -0.29862268,  0.30955728]]), 'W1': array([[-0.02219798,  0.00016742,  0.00629043],
       [ 0.01253393,  0.01030243,  0.00125016],
       [ 0.02159961,  0.0104557 ,  0.01044728]]), 'b1': array([[-0.63064256],
       [ 0.21192068],
       [-0.06390319]])}
 {'b2': array([[ 0.12302623]]), 'W2': array([[ 1.55069208, -0.29862268,  0.30955728]]), 'W1': array([[-0.02219798,  0.00016742,  0.00629043],
       [ 0.01253393,  0.01030243,  0.00125016],
       [ 0.02159961,  0.0104557 ,  0.01044728]]), 'b1': array([[-0.63064256],
       [ 0.21192068],
       [-0.06390319]])}
 {'b2': array([[ 0.12302623]]), 'W2': array([[ 1.55069208, -0.29862268,  0.30955728]]), 'W1': array([[-0.02219798,  0.00016742,  0.00629043],
       [ 0.01253393,  0.01030243,  0.00125016],
       [ 0.02159961,  0.0104557 ,  0.01044728]]), 'b1': array([[-0.63064256],
       [ 0.21192068],
       [-0.06390319]])}]
2017-10-26 22:38:18,058 : 
2017-10-26 22:38:18,060 : -------------------------------------------------------
2017-10-26 22:38:18,062 : Generation: 2
2017-10-26 22:38:18,063 : a new day has come
2017-10-26 22:50:23,871 : [39, 29, 51, 41, 41, 72, 50, 49, 52, 72, 2, 43]
2017-10-26 22:50:23,875 : [5 9 8 2]
2017-10-26 22:50:23,878 : genarating next gen
2017-10-26 22:50:23,907 : [ {'b2': array([[ 0.12302623]]), 'W2': array([[ 1.55069208, -0.29862268,  0.30955728]]), 'W1': array([[-0.02219798,  0.00016742,  0.00669633],
       [ 0.01253393,  0.00884111,  0.00125016],
       [ 0.02159961,  0.0165905 ,  0.01044728]]), 'b1': array([[-0.35382945],
       [ 0.21192068],
       [-0.06390319]])}
 {'b2': array([[ 0.12302623]]), 'W2': array([[ 2.15375265, -0.29862268,  0.30955728]]), 'W1': array([[-0.02219798,  0.00016742,  0.00629043],
       [ 0.01253393,  0.01030243,  0.00125016],
       [ 0.02159961,  0.0104557 ,  0.01044728]]), 'b1': array([[-0.63064256],
       [ 0.21192068],
       [-0.06390319]])}
 {'b2': array([[ 0.12302623]]), 'W2': array([[ 1.55069208, -0.29862268,  0.30955728]]), 'W1': array([[-0.02219798,  0.00016742,  0.00629043],
       [ 0.01253393,  0.01030243,  0.00125016],
       [ 0.02159961,  0.0104557 ,  0.01044728]]), 'b1': array([[-0.63064256],
       [ 0.04369388],
       [-0.06390319]])}
 {'b2': array([[ 0.12302623]]), 'W2': array([[ 1.55069208, -0.29862268,  0.30955728]]), 'W1': array([[-0.02219798,  0.00016742,  0.00629043],
       [ 0.01253393,  0.01030243,  0.00125016],
       [ 0.02159961,  0.0104557 ,  0.01044728]]), 'b1': array([[-0.63064256],
       [ 0.21192068],
       [-0.06390319]])}]
2017-10-26 22:50:23,925 : 
2017-10-26 22:50:23,927 : -------------------------------------------------------
2017-10-26 22:50:23,933 : Generation: 3
2017-10-26 22:50:23,935 : a new day has come
2017-10-26 22:58:59,511 : [25, 33, 29, 31, 49, 29, 1, 4, 42, 47, 57, 53]
2017-10-26 22:58:59,517 : [10 11  4  9]
2017-10-26 22:58:59,526 : genarating next gen
2017-10-26 22:58:59,567 : [ {'b2': array([[ 0.12302623]]), 'W2': array([[ 2.15375265, -0.29862268,  0.30955728]]), 'W1': array([[-0.02219798,  0.00016742,  0.00629043],
       [ 0.01511129,  0.01030243,  0.00125016],
       [ 0.02159961,  0.0104557 ,  0.01044728]]), 'b1': array([[-0.63064256],
       [ 0.04369388],
       [-0.06390319]])}
 {'b2': array([[ 0.15784305]]), 'W2': array([[ 1.55069208, -0.29862268,  0.30955728]]), 'W1': array([[-0.02219798,  0.00016742,  0.00629043],
       [ 0.01253393,  0.01030243,  0.00125016],
       [ 0.02159961,  0.0104557 ,  0.01044728]]), 'b1': array([[-0.63064256],
       [ 0.06663971],
       [-0.06390319]])}
 {'b2': array([[ 0.12302623]]), 'W2': array([[ 1.55069208, -0.29862268,  0.33893997]]), 'W1': array([[-0.02219798,  0.00016742,  0.00669633],
       [ 0.01253393,  0.00884111,  0.00125016],
       [ 0.02159961,  0.0165905 ,  0.01044728]]), 'b1': array([[-0.63064256],
       [ 0.04369388],
       [-0.06390319]])}
 {'b2': array([[ 0.12302623]]), 'W2': array([[ 1.55069208, -0.29862268,  0.30955728]]), 'W1': array([[-0.02219798,  0.00016742,  0.00629043],
       [ 0.01253393,  0.01030243,  0.00125016],
       [ 0.02159961,  0.0104557 ,  0.01044728]]), 'b1': array([[-0.63064256],
       [ 0.04369388],
       [-0.06390319]])}]
2017-10-26 22:58:59,585 : 
2017-10-26 22:58:59,586 : -------------------------------------------------------
2017-10-26 22:58:59,589 : Generation: 4
2017-10-26 22:58:59,590 : a new day has come
2017-10-26 23:08:44,077 : [32, 21, 20, 62, 76, 15, 55, 60, 43, 42, 1, 38]
2017-10-26 23:08:44,078 : [4 3 7 6]
2017-10-26 23:08:44,080 : genarating next gen
2017-10-26 23:08:44,105 : [ {'b2': array([[ 0.15973474]]), 'W2': array([[ 2.15375265, -0.29862268,  0.30955728]]), 'W1': array([[-0.02219798,  0.00016742,  0.00629043],
       [ 0.01253393,  0.01030243,  0.01146906],
       [ 0.02017874,  0.0104557 ,  0.01044728]]), 'b1': array([[-0.63064256],
       [ 0.04369388],
       [-0.11388866]])}
 {'b2': array([[ 0.12302623]]), 'W2': array([[ 1.55069208, -0.29862268,  0.30955728]]), 'W1': array([[-0.02219798,  0.00016742,  0.00629043],
       [ 0.01253393,  0.01030243,  0.00125016],
       [ 0.02159961,  0.0104557 ,  0.01044728]]), 'b1': array([[-0.63064256],
       [ 0.04369388],
       [-0.06390319]])}
 {'b2': array([[ 0.15784305]]), 'W2': array([[ 1.55069208, -0.29862268,  0.33893997]]), 'W1': array([[-0.02219798,  0.00016742,  0.00947873],
       [ 0.01253393,  0.00884111,  0.00125016],
       [ 0.02263333,  0.0165905 ,  0.01044728]]), 'b1': array([[-0.63064256],
       [ 0.04369388],
       [-0.06390319]])}
 {'b2': array([[ 0.12302623]]), 'W2': array([[ 1.55069208, -0.29862268,  0.33893997]]), 'W1': array([[-0.02219798,  0.00016742,  0.00669633],
       [ 0.01253393,  0.00884111,  0.00125016],
       [ 0.02159961,  0.0165905 ,  0.01044728]]), 'b1': array([[-0.63064256],
       [-0.07968252],
       [-0.06390319]])}]
2017-10-26 23:08:44,122 : 
2017-10-26 23:08:44,123 : -------------------------------------------------------
2017-10-26 23:08:44,126 : Generation: 5
2017-10-26 23:08:44,127 : a new day has come
2017-10-26 23:19:27,293 : [66, 56, 45, 26, 2, 56, 56, 84, 31, 28, 1, 45]
2017-10-26 23:19:27,298 : [7 0 1 5]
2017-10-26 23:19:27,307 : genarating next gen
2017-10-26 23:19:27,359 : [ {'b2': array([[ 0.15784305]]), 'W2': array([[ 1.55069208, -0.29862268,  0.30955728]]), 'W1': array([[-0.02219798,  0.00016742,  0.00629043],
       [ 0.01253393,  0.01030243,  0.00125016],
       [ 0.02159961,  0.0104557 ,  0.01044728]]), 'b1': array([[-0.63064256],
       [ 0.04369388],
       [-0.06390319]])}
 {'b2': array([[ 0.15973474]]), 'W2': array([[ 2.15375265, -0.29862268,  0.30955728]]), 'W1': array([[-0.02219798,  0.00016742,  0.00629043],
       [ 0.01253393,  0.01030243,  0.01146906],
       [ 0.02017874,  0.0104557 ,  0.01044728]]), 'b1': array([[-0.63064256],
       [ 0.04369388],
       [-0.11388866]])}
 {'b2': array([[ 0.12302623]]), 'W2': array([[ 1.55069208, -0.29862268,  0.30955728]]), 'W1': array([[-0.02219798,  0.00016742,  0.00629043],
       [ 0.01253393,  0.01030243,  0.00125016],
       [ 0.02159961,  0.0104557 ,  0.01044728]]), 'b1': array([[-0.63064256],
       [ 0.04369388],
       [-0.06390319]])}
 {'b2': array([[ 0.12302623]]), 'W2': array([[ 1.55069208, -0.29862268,  0.30955728]]), 'W1': array([[-0.02219798,  0.00016742,  0.00629043],
       [ 0.01253393,  0.01030243,  0.00125016],
       [ 0.02159961,  0.0104557 ,  0.01044728]]), 'b1': array([[-0.63064256],
       [ 0.04369388],
       [-0.06390319]])}]
2017-10-26 23:19:27,377 : 
2017-10-26 23:19:27,379 : -------------------------------------------------------
2017-10-26 23:19:27,382 : Generation: 6
2017-10-26 23:19:27,384 : a new day has come
2017-10-26 23:26:57,919 : [41, 22, 39, 17, 14, 6, 34, 51, 29, 55, 37, 2]
2017-10-26 23:26:57,925 : [9 7 0 2]
2017-10-26 23:26:57,932 : genarating next gen
2017-10-26 23:26:57,976 : [ {'b2': array([[ 0.15973474]]), 'W2': array([[ 1.55069208, -0.29862268,  0.30955728]]), 'W1': array([[-0.02219798,  0.00016742,  0.00629043],
       [ 0.01253393,  0.01421116,  0.00125016],
       [ 0.02159961,  0.0104557 ,  0.01044728]]), 'b1': array([[-0.63064256],
       [ 0.04369388],
       [-0.06390319]])}
 {'b2': array([[ 0.15784305]]), 'W2': array([[ 1.55069208, -0.29862268,  0.30955728]]), 'W1': array([[-0.02219798,  0.00016742,  0.00629043],
       [ 0.0129986 ,  0.01030243,  0.00125016],
       [ 0.02159961,  0.0104557 ,  0.01044728]]), 'b1': array([[-0.63064256],
       [ 0.04369388],
       [-0.06390319]])}
 {'b2': array([[ 0.15784305]]), 'W2': array([[ 1.55069208, -0.29862268,  0.30955728]]), 'W1': array([[-0.02219798,  0.00016742,  0.00629043],
       [ 0.01253393,  0.01030243,  0.00125016],
       [ 0.02159961,  0.0104557 ,  0.01044728]]), 'b1': array([[-0.63064256],
       [ 0.04369388],
       [-0.06390319]])}
 {'b2': array([[ 0.12302623]]), 'W2': array([[ 1.55069208, -0.29862268,  0.30955728]]), 'W1': array([[-0.02219798,  0.00016742,  0.00629043],
       [ 0.01253393,  0.01030243,  0.00125016],
       [ 0.02159961,  0.0104557 ,  0.01044728]]), 'b1': array([[-0.63064256],
       [ 0.04369388],
       [-0.06390319]])}]
2017-10-26 23:26:57,992 : 
2017-10-26 23:26:57,994 : -------------------------------------------------------
2017-10-26 23:26:57,996 : Generation: 7
2017-10-26 23:26:57,997 : a new day has come
2017-10-26 23:37:09,473 : [49, 61, 65, 55, 17, 77, 1, 47, 45, 53, 17, 3]
2017-10-26 23:37:09,481 : [5 2 1 3]
2017-10-26 23:37:09,486 : genarating next gen
2017-10-26 23:37:09,512 : [ {'b2': array([[ 0.17565862]]), 'W2': array([[ 1.55069208, -0.29862268,  0.30955728]]), 'W1': array([[-0.02219798,  0.00016742,  0.00629043],
       [ 0.01253393,  0.01030243,  0.00125016],
       [ 0.02159961,  0.0104557 ,  0.01044728]]), 'b1': array([[-0.63064256],
       [ 0.04369388],
       [-0.06390319]])}
 {'b2': array([[ 0.15784305]]), 'W2': array([[ 1.55069208, -0.29862268,  0.30955728]]), 'W1': array([[-0.02219798,  0.00016742,  0.00629043],
       [ 0.01253393,  0.01030243,  0.00125016],
       [ 0.02159961,  0.0104557 ,  0.01044728]]), 'b1': array([[-0.63064256],
       [ 0.04369388],
       [-0.06390319]])}
 {'b2': array([[ 0.15784305]]), 'W2': array([[ 1.55069208, -0.29862268,  0.30955728]]), 'W1': array([[-0.02219798,  0.00016742,  0.00629043],
       [ 0.0129986 ,  0.01030243,  0.00125016],
       [ 0.02159961,  0.0104557 ,  0.01044728]]), 'b1': array([[-0.63064256],
       [ 0.04369388],
       [-0.06390319]])}
 {'b2': array([[ 0.12302623]]), 'W2': array([[ 1.55069208, -0.29862268,  0.30955728]]), 'W1': array([[-0.02219798,  0.00016742,  0.00629043],
       [ 0.01253393,  0.01030243,  0.00125016],
       [ 0.02159961,  0.0104557 ,  0.01044728]]), 'b1': array([[-0.63064256],
       [ 0.04369388],
       [-0.06390319]])}]
2017-10-26 23:37:09,529 : 
2017-10-26 23:37:09,530 : -------------------------------------------------------
2017-10-26 23:37:09,532 : Generation: 8
2017-10-26 23:37:09,533 : a new day has come
2017-10-26 23:49:17,235 : [69, 40, 60, 50, 39, 44, 42, 47, 45, 60, 36, 57]
2017-10-26 23:49:17,237 : [ 0  2  9 11]
2017-10-26 23:49:17,240 : genarating next gen
2017-10-26 23:49:17,264 : [ {'b2': array([[ 0.17565862]]), 'W2': array([[ 1.55069208, -0.29862268,  0.30955728]]), 'W1': array([[-0.02219798,  0.00016742,  0.00629043],
       [ 0.01253393,  0.01030243,  0.00125016],
       [ 0.02159961,  0.0104557 ,  0.01044728]]), 'b1': array([[-0.63064256],
       [ 0.04369388],
       [-0.06390319]])}
 {'b2': array([[ 0.15784305]]), 'W2': array([[ 1.55069208, -0.29862268,  0.30955728]]), 'W1': array([[-0.02219798,  0.00016742,  0.00629043],
       [ 0.0129986 ,  0.01030243,  0.00125016],
       [ 0.02159961,  0.0104557 ,  0.01044728]]), 'b1': array([[-0.63064256],
       [ 0.04369388],
       [-0.06390319]])}
 {'b2': array([[ 0.17565862]]), 'W2': array([[ 1.55069208, -0.29862268,  0.30955728]]), 'W1': array([[-0.02219798,  0.00016742,  0.00629043],
       [ 0.0129986 ,  0.01030243,  0.00125016],
       [ 0.02159961,  0.0104557 ,  0.01044728]]), 'b1': array([[-0.63064256],
       [ 0.04369388],
       [-0.06390319]])}
 {'b2': array([[ 0.15784305]]), 'W2': array([[ 1.55069208, -0.29862268,  0.30955728]]), 'W1': array([[-0.0158323 ,  0.00016742,  0.00629043],
       [ 0.0129986 ,  0.01030243,  0.00125016],
       [ 0.02932923,  0.0104557 ,  0.01044728]]), 'b1': array([[-0.63064256],
       [ 0.04369388],
       [-0.06390319]])}]
2017-10-26 23:49:17,282 : 
2017-10-26 23:49:17,283 : -------------------------------------------------------
2017-10-26 23:49:17,286 : Generation: 9
2017-10-26 23:49:17,288 : a new day has come
2017-10-27 00:00:29,015 : [46, 52, 60, 61, 39, 47, 24, 37, 61, 29, 1, 69]
2017-10-27 00:00:29,017 : [11  3  8  2]
2017-10-27 00:00:29,020 : genarating next gen
2017-10-27 00:00:29,044 : [ {'b2': array([[ 0.17565862]]), 'W2': array([[ 1.55069208, -0.29862268,  0.30955728]]), 'W1': array([[-0.02219798,  0.00016742,  0.00629043],
       [ 0.01253393,  0.01030243,  0.00125016],
       [ 0.02159961,  0.00567309,  0.01044728]]), 'b1': array([[-0.63064256],
       [ 0.04369388],
       [-0.06390319]])}
 {'b2': array([[ 0.15784305]]), 'W2': array([[ 1.55069208, -0.29862268,  0.30955728]]), 'W1': array([[-0.0158323 ,  0.00016742,  0.00629043],
       [ 0.0129986 ,  0.01030243,  0.00125016],
       [ 0.02932923,  0.0104557 ,  0.01044728]]), 'b1': array([[-0.63064256],
       [ 0.04369388],
       [-0.06390319]])}
 {'b2': array([[ 0.17565862]]), 'W2': array([[ 1.55069208, -0.29862268,  0.30955728]]), 'W1': array([[-0.02219798,  0.00016742,  0.00629043],
       [ 0.0129986 ,  0.01030243,  0.00393917],
       [ 0.02159961,  0.0104557 ,  0.01044728]]), 'b1': array([[-0.63064256],
       [ 0.04369388],
       [-0.06390319]])}
 {'b2': array([[ 0.17565862]]), 'W2': array([[ 1.55069208, -0.29862268,  0.30955728]]), 'W1': array([[-0.02219798,  0.00016742,  0.00629043],
       [ 0.0129986 ,  0.01030243,  0.00125016],
       [ 0.02159961,  0.0104557 ,  0.01044728]]), 'b1': array([[-0.63064256],
       [ 0.04369388],
       [-0.06390319]])}]
2017-10-27 00:00:29,062 : 
2017-10-27 00:00:29,064 : -------------------------------------------------------
2017-10-27 00:00:29,067 : Generation: 10
2017-10-27 00:00:29,069 : a new day has come
2017-10-27 00:07:48,599 : [27, 16, 38, 70, 36, 14, 14, 38, 1, 1, 32, 57]
2017-10-27 00:07:48,605 : [ 3 11  2  7]
2017-10-27 00:07:48,617 : genarating next gen
2017-10-27 00:07:48,662 : [ {'b2': array([[ 0.17565862]]), 'W2': array([[ 1.55069208, -0.29862268,  0.30955728]]), 'W1': array([[-0.02219798,  0.00016742,  0.00629043],
       [ 0.0129986 ,  0.01030243,  0.00125016],
       [ 0.02159961,  0.0104557 ,  0.01044728]]), 'b1': array([[-0.63064256],
       [ 0.04369388],
       [-0.06390319]])}
 {'b2': array([[ 0.17565862]]), 'W2': array([[ 1.55069208, -0.29862268,  0.30955728]]), 'W1': array([[-0.02219798,  0.00016742,  0.00629043],
       [ 0.01253393,  0.01030243,  0.00125016],
       [ 0.02159961,  0.00567309,  0.01044728]]), 'b1': array([[-0.63064256],
       [ 0.04369388],
       [-0.06390319]])}
 {'b2': array([[ 0.17565862]]), 'W2': array([[ 1.55069208, -0.29862268,  0.30955728]]), 'W1': array([[-0.02219798,  0.00016742,  0.00629043],
       [ 0.0129986 ,  0.01030243,  0.00393917],
       [ 0.02159961,  0.0104557 ,  0.01044728]]), 'b1': array([[-0.63064256],
       [ 0.04369388],
       [-0.06390319]])}
 {'b2': array([[ 0.17565862]]), 'W2': array([[ 1.55069208, -0.29862268,  0.30955728]]), 'W1': array([[-0.02219798,  0.00016742,  0.012666  ],
       [ 0.01253393,  0.01030243,  0.00125016],
       [ 0.02932923,  0.0104557 ,  0.02036391]]), 'b1': array([[-0.63064256],
       [ 0.04369388],
       [-0.06390319]])}]
2017-10-27 00:07:48,679 : 
2017-10-27 00:07:48,681 : -------------------------------------------------------
2017-10-27 00:07:48,684 : Generation: 11
2017-10-27 00:07:48,686 : a new day has come
2017-10-27 00:15:17,409 : [19, 66, 46, 65, 1, 3, 46, 10, 42, 1, 18, 31]
2017-10-27 00:15:17,414 : [1 3 2 6]
2017-10-27 00:15:17,421 : genarating next gen
2017-10-27 00:15:17,466 : [ {'b2': array([[ 0.17565862]]), 'W2': array([[ 1.55069208, -0.29862268,  0.30955728]]), 'W1': array([[-0.02219798,  0.00016742,  0.00629043],
       [ 0.01253393,  0.01030243,  0.00125016],
       [ 0.02159961,  0.00567309,  0.01044728]]), 'b1': array([[-0.63064256],
       [ 0.04369388],
       [-0.06390319]])}
 {'b2': array([[ 0.17565862]]), 'W2': array([[ 1.55069208, -0.29862268,  0.30955728]]), 'W1': array([[-0.02219798,  0.00016742,  0.012666  ],
       [ 0.01253393,  0.01030243,  0.00125016],
       [ 0.02932923,  0.0104557 ,  0.02036391]]), 'b1': array([[-0.63064256],
       [ 0.04369388],
       [-0.06390319]])}
 {'b2': array([[ 0.17565862]]), 'W2': array([[ 1.55069208, -0.29862268,  0.30955728]]), 'W1': array([[-0.02219798,  0.00016742,  0.00629043],
       [ 0.0129986 ,  0.01030243,  0.00393917],
       [ 0.02159961,  0.0104557 ,  0.01044728]]), 'b1': array([[-0.63064256],
       [ 0.04369388],
       [-0.06390319]])}
 {'b2': array([[ 0.17565862]]), 'W2': array([[ 1.55069208, -0.29862268,  0.30955728]]), 'W1': array([[-0.02062025,  0.00016742,  0.00629043],
       [ 0.0129986 ,  0.01030243,  0.0043464 ],
       [ 0.02159961,  0.0104557 ,  0.01044728]]), 'b1': array([[-0.72054109],
       [ 0.04369388],
       [-0.00290758]])}]
2017-10-27 00:15:17,484 : 
2017-10-27 00:15:17,485 : -------------------------------------------------------
2017-10-27 00:15:17,488 : Generation: 12
2017-10-27 00:15:17,490 : a new day has come
2017-10-27 00:22:46,478 : [34, 35, 63, 51, 5, 28, 52, 2, 14, 32, 26, 1]
2017-10-27 00:22:46,480 : [2 6 3 1]
2017-10-27 00:22:46,485 : genarating next gen
2017-10-27 00:22:46,508 : [ {'b2': array([[ 0.17565862]]), 'W2': array([[ 1.55069208, -0.29862268,  0.30955728]]), 'W1': array([[-0.02219798,  0.00016742,  0.00629043],
       [ 0.0129986 ,  0.01030243,  0.00393917],
       [ 0.02159961,  0.0104557 ,  0.01044728]]), 'b1': array([[-0.63064256],
       [ 0.04369388],
       [-0.06390319]])}
 {'b2': array([[ 0.17565862]]), 'W2': array([[ 1.55069208, -0.29862268,  0.30955728]]), 'W1': array([[-0.02062025,  0.00016742,  0.00629043],
       [ 0.0129986 ,  0.01030243,  0.0043464 ],
       [ 0.02300561,  0.0104557 ,  0.01044728]]), 'b1': array([[-0.63064256],
       [ 0.04369388],
       [-0.00290758]])}
 {'b2': array([[ 0.17565862]]), 'W2': array([[ 1.55069208, -0.29862268,  0.30955728]]), 'W1': array([[-0.02062025,  0.00016742,  0.00629043],
       [ 0.0129986 ,  0.01030243,  0.0043464 ],
       [ 0.02159961,  0.0104557 ,  0.01044728]]), 'b1': array([[-0.72054109],
       [ 0.04369388],
       [-0.00290758]])}
 {'b2': array([[ 0.17565862]]), 'W2': array([[ 1.55069208, -0.29862268,  0.30955728]]), 'W1': array([[-0.02219798,  0.00016742,  0.012666  ],
       [ 0.01253393,  0.01030243,  0.00125016],
       [ 0.02932923,  0.0104557 ,  0.02036391]]), 'b1': array([[-0.63064256],
       [ 0.04369388],
       [-0.06390319]])}]
2017-10-27 00:22:46,526 : 
2017-10-27 00:22:46,527 : -------------------------------------------------------
2017-10-27 00:22:46,529 : Generation: 13
2017-10-27 00:22:46,530 : a new day has come
2017-10-27 00:33:13,812 : [68, 76, 46, 33, 30, 21, 66, 64, 1, 29, 62, 3]
2017-10-27 00:33:13,815 : [1 0 6 7]
2017-10-27 00:33:13,819 : genarating next gen
2017-10-27 00:33:13,850 : [ {'b2': array([[ 0.17565862]]), 'W2': array([[ 1.55069208, -0.29862268,  0.30955728]]), 'W1': array([[-0.02062025,  0.00016742,  0.00629043],
       [ 0.0129986 ,  0.01030243,  0.0043464 ],
       [ 0.02300561,  0.0104557 ,  0.01044728]]), 'b1': array([[-0.63064256],
       [ 0.04369388],
       [-0.00290758]])}
 {'b2': array([[ 0.17565862]]), 'W2': array([[ 1.55069208, -0.29862268,  0.30955728]]), 'W1': array([[-0.02219798,  0.00016742,  0.00629043],
       [ 0.0129986 ,  0.01030243,  0.00393917],
       [ 0.02159961,  0.0104557 ,  0.01044728]]), 'b1': array([[-0.63064256],
       [ 0.04369388],
       [-0.06390319]])}
 {'b2': array([[ 0.17565862]]), 'W2': array([[ 1.55069208, -0.29862268,  0.30955728]]), 'W1': array([[-0.01468018,  0.00016742,  0.00629043],
       [ 0.0129986 ,  0.01030243,  0.0024981 ],
       [ 0.02300561,  0.0104557 ,  0.01539381]]), 'b1': array([[-0.63064256],
       [ 0.04369388],
       [-0.00290758]])}
 {'b2': array([[ 0.17565862]]), 'W2': array([[ 1.55069208, -0.29862268,  0.30955728]]), 'W1': array([[-0.02062025,  0.00016742,  0.00629043],
       [ 0.0129986 ,  0.01030243,  0.0043464 ],
       [ 0.02300561,  0.0104557 ,  0.01044728]]), 'b1': array([[-0.63064256],
       [ 0.04369388],
       [-0.00290758]])}]
2017-10-27 00:33:13,867 : 
2017-10-27 00:33:13,868 : -------------------------------------------------------
2017-10-27 00:33:13,872 : Generation: 14
2017-10-27 00:33:13,873 : a new day has come
2017-10-27 00:41:00,980 : [67, 45, 5, 69, 45, 1, 65, 2, 25, 3, 15, 15]
2017-10-27 00:41:00,986 : [3 0 6 1]
2017-10-27 00:41:00,999 : genarating next gen
2017-10-27 00:41:01,038 : [ {'b2': array([[ 0.17565862]]), 'W2': array([[ 1.55069208, -0.29862268,  0.30955728]]), 'W1': array([[-0.02062025,  0.00016742,  0.00629043],
       [ 0.0129986 ,  0.01030243,  0.0043464 ],
       [ 0.02300561,  0.0104557 ,  0.01044728]]), 'b1': array([[-0.63064256],
       [ 0.04369388],
       [-0.00290758]])}
 {'b2': array([[ 0.17565862]]), 'W2': array([[ 1.55069208, -0.29862268,  0.30955728]]), 'W1': array([[-0.02062025,  0.00016742,  0.00629043],
       [ 0.0129986 ,  0.01030243,  0.0043464 ],
       [ 0.02300561,  0.0104557 ,  0.01044728]]), 'b1': array([[-0.63064256],
       [ 0.04369388],
       [-0.00290758]])}
 {'b2': array([[ 0.17565862]]), 'W2': array([[ 1.55069208, -0.29862268,  0.30955728]]), 'W1': array([[-0.02062025,  0.00016742,  0.00629043],
       [ 0.0129986 ,  0.01030243,  0.0043464 ],
       [ 0.02300561,  0.0104557 ,  0.02594371]]), 'b1': array([[-0.63064256],
       [ 0.04369388],
       [-0.00290758]])}
 {'b2': array([[ 0.17565862]]), 'W2': array([[ 1.55069208, -0.29862268,  0.30955728]]), 'W1': array([[-0.02219798,  0.00016742,  0.00629043],
       [ 0.0129986 ,  0.01030243,  0.00393917],
       [ 0.02159961,  0.0104557 ,  0.01044728]]), 'b1': array([[-0.63064256],
       [ 0.04369388],
       [-0.06390319]])}]
2017-10-27 00:41:01,055 : 
2017-10-27 00:41:01,057 : -------------------------------------------------------
2017-10-27 00:41:01,060 : Generation: 15
2017-10-27 00:41:01,062 : a new day has come
2017-10-27 00:49:29,878 : [44, 44, 43, 22, 35, 53, 33, 52, 1, 4, 16, 47]
2017-10-27 00:49:29,884 : [ 5  7 11  0]
2017-10-27 00:49:29,891 : genarating next gen
2017-10-27 00:49:29,920 : [ {'b2': array([[ 0.17565862]]), 'W2': array([[ 1.55069208, -0.29862268,  0.30955728]]), 'W1': array([[-0.02062025,  0.00016742,  0.00629043],
       [ 0.01217582,  0.01030243,  0.0043464 ],
       [ 0.02300561,  0.0104557 ,  0.01044728]]), 'b1': array([[-0.63064256],
       [ 0.04369388],
       [-0.00290758]])}
 {'b2': array([[ 0.17565862]]), 'W2': array([[ 1.55069208, -0.29862268,  0.30955728]]), 'W1': array([[-0.02062025,  0.00016742,  0.00629043],
       [ 0.0129986 ,  0.01030243,  0.00229812],
       [ 0.02300561,  0.0104557 ,  0.01044728]]), 'b1': array([[-0.63064256],
       [ 0.08576814],
       [-0.00290758]])}
 {'b2': array([[ 0.12243072]]), 'W2': array([[ 1.55069208, -0.29862268,  0.30955728]]), 'W1': array([[-0.02668628,  0.00016742,  0.00628213],
       [ 0.0129986 ,  0.01030243,  0.0043464 ],
       [ 0.02300561,  0.0104557 ,  0.01976794]]), 'b1': array([[-0.17735564],
       [ 0.04369388],
       [-0.06390319]])}
 {'b2': array([[ 0.17565862]]), 'W2': array([[ 1.55069208, -0.29862268,  0.30955728]]), 'W1': array([[-0.02062025,  0.00016742,  0.00629043],
       [ 0.0129986 ,  0.01030243,  0.0043464 ],
       [ 0.02300561,  0.0104557 ,  0.01044728]]), 'b1': array([[-0.63064256],
       [ 0.04369388],
       [-0.00290758]])}]
2017-10-27 00:49:29,937 : 
2017-10-27 00:49:29,938 : -------------------------------------------------------
2017-10-27 00:49:29,941 : Generation: 16
2017-10-27 00:49:29,942 : a new day has come
2017-10-27 01:00:56,887 : [64, 66, 68, 47, 34, 1, 3, 65, 47, 9, 70, 65]
2017-10-27 01:00:56,893 : [10  2  1  7]
2017-10-27 01:00:56,901 : genarating next gen
2017-10-27 01:00:56,940 : [ {'b2': array([[ 0.17565862]]), 'W2': array([[ 1.55069208, -0.29862268,  0.30955728]]), 'W1': array([[-0.02062025,  0.00016742,  0.00629043],
       [ 0.01217582,  0.01347761,  0.0043464 ],
       [ 0.02300561,  0.0104557 ,  0.01044728]]), 'b1': array([[-0.63064256],
       [ 0.04369388],
       [-0.00290758]])}
 {'b2': array([[ 0.12243072]]), 'W2': array([[ 1.55069208, -0.29862268,  0.30955728]]), 'W1': array([[-0.02668628,  0.00016742,  0.00628213],
       [ 0.0129986 ,  0.01030243,  0.0043464 ],
       [ 0.02300561,  0.0104557 ,  0.01976794]]), 'b1': array([[-0.17735564],
       [ 0.04369388],
       [-0.06390319]])}
 {'b2': array([[ 0.17565862]]), 'W2': array([[ 1.55069208, -0.29862268,  0.30955728]]), 'W1': array([[-0.02062025,  0.00016742,  0.00629043],
       [ 0.0129986 ,  0.01030243,  0.00229812],
       [ 0.02300561,  0.0104557 ,  0.01044728]]), 'b1': array([[-0.63064256],
       [ 0.08576814],
       [-0.00290758]])}
 {'b2': array([[ 0.17565862]]), 'W2': array([[ 1.55069208, -0.29862268,  0.30955728]]), 'W1': array([[-0.02062025, -0.00196085,  0.00629043],
       [ 0.0129986 ,  0.01030243,  0.00229812],
       [ 0.02300561,  0.0104557 ,  0.01044728]]), 'b1': array([[-0.63064256],
       [ 0.04369388],
       [ 0.14925723]])}]
2017-10-27 01:00:56,958 : 
2017-10-27 01:00:56,959 : -------------------------------------------------------
2017-10-27 01:00:56,963 : Generation: 17
2017-10-27 01:00:56,965 : a new day has come
2017-10-27 01:11:35,467 : [59, 49, 44, 23, 36, 1, 82, 25, 1, 60, 56, 69]
2017-10-27 01:11:35,477 : [ 6 11  9  0]
2017-10-27 01:11:35,486 : genarating next gen
2017-10-27 01:11:35,532 : [ {'b2': array([[ 0.17565862]]), 'W2': array([[ 1.55069208, -0.29862268,  0.30955728]]), 'W1': array([[-0.02062025,  0.00016742,  0.00629043],
       [ 0.0129986 ,  0.01030243,  0.00229812],
       [ 0.02300561,  0.01320554,  0.01044728]]), 'b1': array([[-0.63064256],
       [ 0.04369388],
       [-0.00290758]])}
 {'b2': array([[ 0.17565862]]), 'W2': array([[ 1.55069208, -0.29862268,  0.30955728]]), 'W1': array([[-0.02668628,  0.00016742,  0.00628213],
       [ 0.0129986 ,  0.01271602,  0.0043464 ],
       [ 0.02300561,  0.0104557 ,  0.01976794]]), 'b1': array([[-0.17735564],
       [ 0.04369388],
       [-0.00290758]])}
 {'b2': array([[ 0.17565862]]), 'W2': array([[ 1.55069208, -0.29862268,  0.30955728]]), 'W1': array([[-0.02062025,  0.00016742,  0.00629043],
       [ 0.00226537,  0.01030243,  0.00229812],
       [ 0.02300561,  0.0104557 ,  0.01044728]]), 'b1': array([[-0.63064256],
       [ 0.08576814],
       [-0.00290758]])}
 {'b2': array([[ 0.17565862]]), 'W2': array([[ 1.55069208, -0.29862268,  0.30955728]]), 'W1': array([[-0.02062025,  0.00016742,  0.00629043],
       [ 0.01217582,  0.01347761,  0.0043464 ],
       [ 0.02300561,  0.0104557 ,  0.01044728]]), 'b1': array([[-0.63064256],
       [ 0.04369388],
       [-0.00290758]])}]
2017-10-27 01:11:35,550 : 
2017-10-27 01:11:35,551 : -------------------------------------------------------
2017-10-27 01:11:35,554 : Generation: 18
2017-10-27 01:11:35,555 : a new day has come
2017-10-27 01:20:28,205 : [57, 37, 73, 60, 0, 15, 39, 39, 33, 37, 2, 26]
2017-10-27 01:20:28,209 : [2 3 0 6]
2017-10-27 01:20:28,215 : genarating next gen
2017-10-27 01:20:28,260 : [ {'b2': array([[ 0.17565862]]), 'W2': array([[ 1.55069208, -0.29862268,  0.30955728]]), 'W1': array([[-0.02062025,  0.00016742,  0.00629043],
       [ 0.00226537,  0.01030243,  0.00229812],
       [ 0.02300561,  0.0104557 ,  0.01044728]]), 'b1': array([[-0.63064256],
       [ 0.08576814],
       [-0.00290758]])}
 {'b2': array([[ 0.17565862]]), 'W2': array([[ 1.55069208, -0.29862268,  0.30955728]]), 'W1': array([[-0.02062025,  0.00016742,  0.00629043],
       [ 0.01217582,  0.01347761,  0.0043464 ],
       [ 0.02300561,  0.0104557 ,  0.01044728]]), 'b1': array([[-0.63064256],
       [ 0.04369388],
       [-0.00290758]])}
 {'b2': array([[ 0.17565862]]), 'W2': array([[ 1.55069208, -0.29862268,  0.30955728]]), 'W1': array([[-0.02062025,  0.00016742,  0.00629043],
       [ 0.0129986 ,  0.01030243,  0.00229812],
       [ 0.02300561,  0.01320554,  0.01044728]]), 'b1': array([[-0.63064256],
       [ 0.04369388],
       [-0.00290758]])}
 {'b2': array([[ 0.17565862]]), 'W2': array([[ 1.55069208, -0.29862268,  0.30955728]]), 'W1': array([[-0.02668628,  0.00016742,  0.00628213],
       [ 0.0129986 ,  0.01271602,  0.0043464 ],
       [ 0.02300561,  0.0104557 ,  0.01976794]]), 'b1': array([[-0.63064256],
       [ 0.37168521],
       [-0.00290758]])}]
2017-10-27 01:20:28,277 : 
2017-10-27 01:20:28,278 : -------------------------------------------------------
2017-10-27 01:20:28,280 : Generation: 19
2017-10-27 01:20:28,281 : a new day has come
2017-10-27 01:28:48,315 : [16, 48, 56, 35, 60, 38, 57, 3, 16, 1, 3, 51]
2017-10-27 01:28:48,319 : [ 4  6  2 11]
2017-10-27 01:28:48,325 : genarating next gen
2017-10-27 01:28:48,351 : [ {'b2': array([[ 0.17565862]]), 'W2': array([[ 1.55069208, -0.29862268,  0.30955728]]), 'W1': array([[-0.02062025,  0.00016742,  0.00629043],
       [ 0.00226537,  0.01030243,  0.00229812],
       [ 0.02300561,  0.00956103,  0.01044728]]), 'b1': array([[-0.63064256],
       [ 0.08576814],
       [-0.00290758]])}
 {'b2': array([[ 0.17565862]]), 'W2': array([[ 1.55069208, -0.29862268,  0.30955728]]), 'W1': array([[-0.02062025,  0.00016742,  0.00629043],
       [ 0.00226537,  0.01030243,  0.00229812],
       [ 0.02300561,  0.0104557 ,  0.01976794]]), 'b1': array([[-0.63064256],
       [ 0.4543091 ],
       [-0.00290758]])}
 {'b2': array([[ 0.17565862]]), 'W2': array([[ 1.55069208, -0.29862268,  0.30955728]]), 'W1': array([[-0.02062025,  0.00016742,  0.00629043],
       [ 0.0129986 ,  0.01030243,  0.00229812],
       [ 0.02300561,  0.01320554,  0.01044728]]), 'b1': array([[-0.63064256],
       [ 0.04369388],
       [-0.00290758]])}
 {'b2': array([[ 0.17565862]]), 'W2': array([[ 1.55069208, -0.29862268,  0.30955728]]), 'W1': array([[-0.02062025,  0.00016742,  0.00629043],
       [ 0.00334914,  0.01030243,  0.00229812],
       [ 0.02300561,  0.01320554,  0.01044728]]), 'b1': array([[-0.63064256],
       [ 0.08576814],
       [-0.00290758]])}]
2017-10-27 01:28:48,369 : 
2017-10-27 01:28:48,370 : -------------------------------------------------------
2017-10-27 01:28:48,373 : Generation: 20
2017-10-27 01:28:48,374 : a new day has come
2017-10-27 01:38:28,193 : [16, 82, 47, 14, 32, 16, 18, 32, 34, 63, 69, 42]
2017-10-27 01:38:28,197 : [ 1 10  9  2]
2017-10-27 01:38:28,203 : genarating next gen
2017-10-27 01:38:28,232 : [ {'b2': array([[ 0.17565862]]), 'W2': array([[ 1.55069208, -0.29862268,  0.30955728]]), 'W1': array([[-0.02062025,  0.00016742,  0.00629043],
       [ 0.00226537,  0.01030243,  0.00229812],
       [ 0.02300561,  0.0104557 ,  0.01976794]]), 'b1': array([[-0.63064256],
       [ 0.4543091 ],
       [-0.00290758]])}
 {'b2': array([[ 0.17565862]]), 'W2': array([[ 1.55069208, -0.29862268,  0.30955728]]), 'W1': array([[-0.02062025,  0.00016742,  0.00629043],
       [ 0.00226537,  0.01030243,  0.00229812],
       [ 0.02300561,  0.0104557 ,  0.02521233]]), 'b1': array([[-0.63064256],
       [ 0.4543091 ],
       [-0.00290758]])}
 {'b2': array([[ 0.17565862]]), 'W2': array([[ 1.55069208, -0.29862268,  0.30955728]]), 'W1': array([[-0.02062025,  0.00016742,  0.00629043],
       [ 0.0129986 ,  0.01030243,  0.00229812],
       [ 0.02300561,  0.0104557 ,  0.01976794]]), 'b1': array([[-0.63064256],
       [ 0.04369388],
       [-0.00290758]])}
 {'b2': array([[ 0.17565862]]), 'W2': array([[ 1.55069208, -0.29862268,  0.30955728]]), 'W1': array([[-0.02062025,  0.00016742,  0.00629043],
       [ 0.0129986 ,  0.01030243,  0.00229812],
       [ 0.02300561,  0.01320554,  0.01044728]]), 'b1': array([[-0.63064256],
       [ 0.04369388],
       [-0.00290758]])}]
2017-10-27 01:38:28,249 : 
2017-10-27 01:38:28,251 : -------------------------------------------------------
2017-10-27 01:38:28,254 : Generation: 21
2017-10-27 01:38:28,255 : a new day has come
2017-10-27 01:48:44,744 : [27, 48, 57, 58, 41, 72, 60, 24, 15, 5, 52, 25]
2017-10-27 01:48:44,749 : [5 6 3 2]
2017-10-27 01:48:44,757 : genarating next gen
2017-10-27 01:48:44,786 : [ {'b2': array([[ 0.17565862]]), 'W2': array([[ 1.55069208, -0.29862268,  0.30955728]]), 'W1': array([[-0.02062025,  0.00016742,  0.00629043],
       [ 0.00226537,  0.01030243,  0.00229812],
       [ 0.02300561,  0.01320554,  0.01044728]]), 'b1': array([[-0.63064256],
       [ 0.04369388],
       [-0.00290758]])}
 {'b2': array([[ 0.17565862]]), 'W2': array([[ 1.55069208, -0.29862268,  0.30955728]]), 'W1': array([[-0.02062025,  0.00016742,  0.00961395],
       [ 0.00226537,  0.00990505,  0.00229812],
       [ 0.02300561,  0.0104557 ,  0.01976794]]), 'b1': array([[-0.63064256],
       [ 0.33336706],
       [ 0.02182637]])}
 {'b2': array([[ 0.17565862]]), 'W2': array([[ 1.55069208, -0.29862268,  0.30955728]]), 'W1': array([[-0.02062025,  0.00016742,  0.00629043],
       [ 0.0129986 ,  0.01030243,  0.00229812],
       [ 0.02300561,  0.01320554,  0.01044728]]), 'b1': array([[-0.63064256],
       [ 0.04369388],
       [-0.00290758]])}
 {'b2': array([[ 0.17565862]]), 'W2': array([[ 1.55069208, -0.29862268,  0.30955728]]), 'W1': array([[-0.02062025,  0.00016742,  0.00629043],
       [ 0.0129986 ,  0.01030243,  0.00229812],
       [ 0.02300561,  0.0104557 ,  0.01976794]]), 'b1': array([[-0.63064256],
       [ 0.04369388],
       [-0.00290758]])}]
2017-10-27 01:48:44,805 : 
2017-10-27 01:48:44,808 : -------------------------------------------------------
2017-10-27 01:48:44,812 : Generation: 22
2017-10-27 01:48:44,813 : a new day has come
2017-10-27 01:56:12,754 : [34, 17, 75, 27, 3, 18, 8, 63, 5, 31, 22, 52]
2017-10-27 01:56:12,758 : [ 2  7 11  0]
2017-10-27 01:56:12,766 : genarating next gen
2017-10-27 01:56:12,810 : [ {'b2': array([[ 0.17565862]]), 'W2': array([[ 1.55069208, -0.29862268,  0.30955728]]), 'W1': array([[-0.02062025,  0.00016742,  0.00629043],
       [ 0.0129986 ,  0.01030243,  0.00229812],
       [ 0.02300561,  0.01320554,  0.01044728]]), 'b1': array([[-0.63064256],
       [ 0.04369388],
       [-0.00290758]])}
 {'b2': array([[ 0.17565862]]), 'W2': array([[ 1.55069208, -0.29862268,  0.30955728]]), 'W1': array([[-0.02062025,  0.00016742,  0.00629043],
       [ 0.00494778,  0.01030243,  0.00229812],
       [ 0.02300561,  0.01320554,  0.01044728]]), 'b1': array([[-0.63064256],
       [ 0.17254772],
       [-0.00290758]])}
 {'b2': array([[ 0.17565862]]), 'W2': array([[ 1.55069208, -0.29862268,  0.30955728]]), 'W1': array([[-0.02062025,  0.00016742,  0.00629043],
       [ 0.0129986 ,  0.01030243,  0.00229812],
       [ 0.01775456,  0.01770578,  0.00856553]]), 'b1': array([[-0.63064256],
       [ 0.21051172],
       [-0.00290758]])}
 {'b2': array([[ 0.17565862]]), 'W2': array([[ 1.55069208, -0.29862268,  0.30955728]]), 'W1': array([[-0.02062025,  0.00016742,  0.00629043],
       [ 0.00226537,  0.01030243,  0.00229812],
       [ 0.02300561,  0.01320554,  0.01044728]]), 'b1': array([[-0.63064256],
       [ 0.04369388],
       [-0.00290758]])}]
2017-10-27 01:56:12,827 : 
2017-10-27 01:56:12,829 : -------------------------------------------------------
2017-10-27 01:56:12,832 : Generation: 23
2017-10-27 01:56:12,834 : a new day has come
2017-10-27 02:06:54,044 : [28, 101, 78, 82, 22, 52, 78, 3, 16, 35, 29, 3]
2017-10-27 02:06:54,049 : [1 3 2 6]
2017-10-27 02:06:54,058 : genarating next gen
2017-10-27 02:06:54,101 : [ {'b2': array([[ 0.17565862]]), 'W2': array([[ 1.55069208, -0.29862268,  0.30955728]]), 'W1': array([[-0.02062025,  0.00016742,  0.00629043],
       [ 0.00494778,  0.01030243,  0.00229812],
       [ 0.02300561,  0.01320554,  0.01044728]]), 'b1': array([[-0.63064256],
       [ 0.17254772],
       [-0.00290758]])}
 {'b2': array([[ 0.17565862]]), 'W2': array([[ 1.55069208, -0.29862268,  0.30955728]]), 'W1': array([[-0.02062025,  0.00016742,  0.00629043],
       [ 0.00226537,  0.01030243,  0.00229812],
       [ 0.02300561,  0.01320554,  0.01044728]]), 'b1': array([[-0.63064256],
       [ 0.04369388],
       [-0.00290758]])}
 {'b2': array([[ 0.17565862]]), 'W2': array([[ 1.55069208, -0.29862268,  0.30955728]]), 'W1': array([[-0.02062025,  0.00016742,  0.00629043],
       [ 0.0129986 ,  0.01030243,  0.00229812],
       [ 0.01775456,  0.01770578,  0.00856553]]), 'b1': array([[-0.63064256],
       [ 0.21051172],
       [-0.00290758]])}
 {'b2': array([[ 0.17565862]]), 'W2': array([[ 1.51010278, -0.29862268,  0.30955728]]), 'W1': array([[-0.02062025,  0.00016742,  0.00629043],
       [ 0.01298943,  0.0098609 ,  0.00229812],
       [ 0.02300561,  0.01320554,  0.01044728]]), 'b1': array([[-0.63064256],
       [ 0.04369388],
       [-0.00290758]])}]
2017-10-27 02:06:54,119 : 
2017-10-27 02:06:54,120 : -------------------------------------------------------
2017-10-27 02:06:54,123 : Generation: 24
2017-10-27 02:06:54,125 : a new day has come
2017-10-27 02:18:25,381 : [47, 63, 71, 44, 86, 25, 2, 1, 31, 52, 23, 115]
2017-10-27 02:18:25,390 : [11  4  2  1]
2017-10-27 02:18:25,400 : genarating next gen
2017-10-27 02:18:25,434 : [ {'b2': array([[ 0.17565862]]), 'W2': array([[ 1.55069208, -0.29862268,  0.30955728]]), 'W1': array([[-0.02062025,  0.00099471,  0.00629043],
       [ 0.00494778,  0.01030243,  0.00229812],
       [ 0.02300561,  0.01216102,  0.01044728]]), 'b1': array([[-0.63064256],
       [ 0.04369388],
       [-0.00290758]])}
 {'b2': array([[ 0.17565862]]), 'W2': array([[ 1.98365371, -0.29862268,  0.30955728]]), 'W1': array([[-0.02062025,  0.00016742,  0.00629043],
       [ 0.0129986 ,  0.01030243,  0.00106789],
       [ 0.02300561,  0.01320554,  0.01044728]]), 'b1': array([[-0.63064256],
       [ 0.04369388],
       [-0.00290758]])}
 {'b2': array([[ 0.17565862]]), 'W2': array([[ 1.55069208, -0.29862268,  0.30955728]]), 'W1': array([[-0.02062025,  0.00016742,  0.00629043],
       [ 0.0129986 ,  0.01030243,  0.00229812],
       [ 0.01775456,  0.01770578,  0.00856553]]), 'b1': array([[-0.63064256],
       [ 0.21051172],
       [-0.00290758]])}
 {'b2': array([[ 0.17565862]]), 'W2': array([[ 1.55069208, -0.29862268,  0.30955728]]), 'W1': array([[-0.02062025,  0.00016742,  0.00629043],
       [ 0.00226537,  0.01030243,  0.00229812],
       [ 0.02300561,  0.01320554,  0.01044728]]), 'b1': array([[-0.63064256],
       [ 0.04369388],
       [-0.00290758]])}]
2017-10-27 02:18:25,452 : 
2017-10-27 02:18:25,453 : -------------------------------------------------------
2017-10-27 02:18:25,456 : Generation: 25
2017-10-27 02:18:25,458 : a new day has come
2017-10-27 02:27:54,315 : [53, 18, 33, 80, 73, 20, 41, 15, 17, 25, 19, 60]
2017-10-27 02:27:54,321 : [ 3  4 11  0]
2017-10-27 02:27:54,328 : genarating next gen
2017-10-27 02:27:54,368 : [ {'b2': array([[ 0.17565862]]), 'W2': array([[ 1.55069208, -0.29862268,  0.30955728]]), 'W1': array([[-0.02062025,  0.00016742,  0.00629043],
       [ 0.00226537,  0.01030243,  0.00229812],
       [ 0.02300561,  0.01320554,  0.01044728]]), 'b1': array([[-0.63064256],
       [ 0.04369388],
       [-0.00290758]])}
 {'b2': array([[ 0.17565862]]), 'W2': array([[ 1.98365371, -0.29862268,  0.30955728]]), 'W1': array([[-0.02062025,  0.00016742,  0.00629043],
       [ 0.0129986 ,  0.01030243,  0.00106789],
       [ 0.02300561,  0.01320554,  0.01249204]]), 'b1': array([[-0.63064256],
       [ 0.04369388],
       [-0.00290758]])}
 {'b2': array([[ 0.21587711]]), 'W2': array([[ 1.55069208, -0.29862268,  0.30955728]]), 'W1': array([[-0.02062025,  0.00016742,  0.00921928],
       [ 0.00494778,  0.01030243,  0.00229812],
       [ 0.02300561,  0.01216102,  0.01044728]]), 'b1': array([[-0.63064256],
       [ 0.21051172],
       [-0.00290758]])}
 {'b2': array([[ 0.17565862]]), 'W2': array([[ 1.55069208, -0.29862268,  0.30955728]]), 'W1': array([[-0.02062025,  0.00099471,  0.00629043],
       [ 0.00494778,  0.01030243,  0.00229812],
       [ 0.02300561,  0.01216102,  0.01044728]]), 'b1': array([[-0.63064256],
       [ 0.04369388],
       [-0.00290758]])}]
2017-10-27 02:27:54,385 : 
2017-10-27 02:27:54,386 : -------------------------------------------------------
2017-10-27 02:27:54,388 : Generation: 26
2017-10-27 02:27:54,389 : a new day has come
2017-10-27 02:38:45,128 : [53, 91, 21, 102, 51, 85, 15, 21, 15, 15, 9, 45]
2017-10-27 02:38:45,132 : [3 1 5 0]
2017-10-27 02:38:45,139 : genarating next gen
2017-10-27 02:38:45,175 : [ {'b2': array([[ 0.17565862]]), 'W2': array([[ 1.55069208, -0.29862268,  0.30955728]]), 'W1': array([[-0.02062025,  0.00099471,  0.00629043],
       [ 0.00494778,  0.01030243,  0.00229812],
       [ 0.02300561,  0.01216102,  0.01044728]]), 'b1': array([[-0.63064256],
       [ 0.04369388],
       [-0.00290758]])}
 {'b2': array([[ 0.17565862]]), 'W2': array([[ 1.98365371, -0.29862268,  0.30955728]]), 'W1': array([[-0.02062025,  0.00016742,  0.00629043],
       [ 0.0129986 ,  0.01030243,  0.00106789],
       [ 0.02300561,  0.01320554,  0.01249204]]), 'b1': array([[-0.63064256],
       [ 0.04369388],
       [-0.00290758]])}
 {'b2': array([[ 0.17565862]]), 'W2': array([[ 1.55069208, -0.31474498,  0.30955728]]), 'W1': array([[-0.02014925,  0.00016742,  0.00629043],
       [ 0.0129986 ,  0.01030243,  0.00106789],
       [ 0.02300561,  0.01320554,  0.01249204]]), 'b1': array([[-0.63064256],
       [ 0.04369388],
       [-0.00290758]])}
 {'b2': array([[ 0.17565862]]), 'W2': array([[ 1.55069208, -0.29862268,  0.30955728]]), 'W1': array([[-0.02062025,  0.00016742,  0.00629043],
       [ 0.00226537,  0.01030243,  0.00229812],
       [ 0.02300561,  0.01320554,  0.01044728]]), 'b1': array([[-0.63064256],
       [ 0.04369388],
       [-0.00290758]])}]
2017-10-27 02:38:45,192 : 
2017-10-27 02:38:45,194 : -------------------------------------------------------
2017-10-27 02:38:45,196 : Generation: 27
2017-10-27 02:38:45,197 : a new day has come
2017-10-27 02:49:57,678 : [63, 54, 19, 17, 20, 77, 1, 55, 1, 110, 40, 77]
2017-10-27 02:49:57,682 : [ 9  5 11  0]
2017-10-27 02:49:57,690 : genarating next gen
2017-10-27 02:49:57,730 : [ {'b2': array([[ 0.18089885]]), 'W2': array([[ 1.55069208, -0.29862268,  0.30955728]]), 'W1': array([[-0.02241802,  0.00016742,  0.00638244],
       [ 0.00226537,  0.01030243,  0.00229812],
       [ 0.02300561,  0.01320554,  0.01044728]]), 'b1': array([[-0.63064256],
       [ 0.04369388],
       [-0.00290758]])}
 {'b2': array([[ 0.17565862]]), 'W2': array([[ 1.70156981, -0.29862268,  0.30955728]]), 'W1': array([[-0.02062025,  0.00016742,  0.00629043],
       [ 0.00226537,  0.01030243,  0.00229812],
       [ 0.02300561,  0.01320554,  0.01044728]]), 'b1': array([[-0.63064256],
       [ 0.04369388],
       [-0.00290758]])}
 {'b2': array([[ 0.17565862]]), 'W2': array([[ 1.55069208, -0.31474498,  0.30955728]]), 'W1': array([[-0.02062025,  0.00016742,  0.00629043],
       [ 0.0129986 ,  0.01030243, -0.00828653],
       [ 0.02300561,  0.01320554,  0.01249204]]), 'b1': array([[-0.63064256],
       [ 0.04369388],
       [-0.00290758]])}
 {'b2': array([[ 0.17565862]]), 'W2': array([[ 1.55069208, -0.29862268,  0.30955728]]), 'W1': array([[-0.02062025,  0.00099471,  0.00629043],
       [ 0.00494778,  0.01030243,  0.00229812],
       [ 0.02300561,  0.01216102,  0.01044728]]), 'b1': array([[-0.63064256],
       [ 0.04369388],
       [-0.00290758]])}]
2017-10-27 02:49:57,748 : 
2017-10-27 02:49:57,749 : -------------------------------------------------------
2017-10-27 02:49:57,751 : Generation: 28
2017-10-27 02:49:57,752 : a new day has come
2017-10-27 02:59:52,378 : [44, 54, 59, 42, 52, 13, 13, 37, 45, 1, 1, 119]
2017-10-27 02:59:52,383 : [11  2  1  4]
2017-10-27 02:59:52,392 : genarating next gen
2017-10-27 02:59:52,432 : [ {'b2': array([[ 0.17565862]]), 'W2': array([[ 1.70156981, -0.29862268,  0.30955728]]), 'W1': array([[-0.02062025,  0.00016742,  0.00629043],
       [ 0.00226537,  0.01030243,  0.00229812],
       [ 0.02300561,  0.01320554,  0.01044728]]), 'b1': array([[-0.63064256],
       [ 0.04369388],
       [-0.00290758]])}
 {'b2': array([[ 0.17565862]]), 'W2': array([[ 1.55069208, -0.31474498,  0.30955728]]), 'W1': array([[-0.02062025,  0.00016742,  0.00629043],
       [ 0.0129986 ,  0.01030243, -0.00828653],
       [ 0.02300561,  0.01320554,  0.01249204]]), 'b1': array([[-0.63064256],
       [ 0.04369388],
       [-0.00290758]])}
 {'b2': array([[ 0.17565862]]), 'W2': array([[ 1.70156981, -0.29862268,  0.30955728]]), 'W1': array([[-0.02062025,  0.00016742,  0.00629043],
       [ 0.00226537,  0.01030243,  0.00229812],
       [ 0.02300561,  0.01320554,  0.01044728]]), 'b1': array([[-0.63064256],
       [ 0.04369388],
       [-0.00290758]])}
 {'b2': array([[ 0.17565862]]), 'W2': array([[ 1.55069208, -0.29862268,  0.30955728]]), 'W1': array([[-0.02062025,  0.00099471,  0.00610215],
       [ 0.00494778,  0.01030243,  0.00229812],
       [ 0.02300561,  0.01216102,  0.01018195]]), 'b1': array([[-0.63064256],
       [-0.0854964 ],
       [-0.00290758]])}]
2017-10-27 02:59:52,449 : 
2017-10-27 02:59:52,450 : -------------------------------------------------------
2017-10-27 02:59:52,454 : Generation: 29
2017-10-27 02:59:52,455 : a new day has come
2017-10-27 03:06:41,248 : [41, 75, 21, 3, 13, 3, 5, 7, 1, 44, 53, 42]
2017-10-27 03:06:41,254 : [ 1 10  9 11]
2017-10-27 03:06:41,266 : genarating next gen
2017-10-27 03:06:41,315 : [ {'b2': array([[ 0.17565862]]), 'W2': array([[ 1.55069208, -0.31474498,  0.30955728]]), 'W1': array([[-0.02062025,  0.00016742,  0.00629043],
       [ 0.0129986 ,  0.01030243, -0.00828653],
       [ 0.02300561,  0.01320554,  0.01249204]]), 'b1': array([[-0.63064256],
       [ 0.04369388],
       [-0.00290758]])}
 {'b2': array([[ 0.17565862]]), 'W2': array([[ 1.70156981, -0.29862268,  0.30955728]]), 'W1': array([[-0.02062025,  0.00016742,  0.00629043],
       [-0.0012888 ,  0.01030243,  0.00229812],
       [ 0.02300561,  0.01320554,  0.01044728]]), 'b1': array([[-0.63064256],
       [ 0.04369388],
       [-0.00290758]])}
 {'b2': array([[ 0.17565862]]), 'W2': array([[ 0.91572382, -0.29862268,  0.30955728]]), 'W1': array([[-0.02062025,  0.00016742,  0.00629043],
       [ 0.00226537,  0.01130652,  0.00229812],
       [ 0.02300561,  0.01320554,  0.01044728]]), 'b1': array([[-0.60048326],
       [ 0.04369388],
       [-0.00290758]])}
 {'b2': array([[ 0.17565862]]), 'W2': array([[ 1.55069208, -0.31474498,  0.30955728]]), 'W1': array([[-0.0212569 , -0.00218348,  0.00629043],
       [ 0.00226537,  0.01030243,  0.00229812],
       [ 0.02300561,  0.01320554,  0.01044728]]), 'b1': array([[-0.63064256],
       [ 0.04369388],
       [-0.00290758]])}]
2017-10-27 03:06:41,333 : 
2017-10-27 03:06:41,335 : -------------------------------------------------------
2017-10-27 03:06:41,338 : Generation: 30
2017-10-27 03:06:41,339 : a new day has come
2017-10-27 03:15:36,377 : [34, 19, 49, 31, 45, 18, 45, 1, 46, 31, 34, 72]
2017-10-27 03:15:36,384 : [11  2  8  4]
2017-10-27 03:15:36,393 : genarating next gen
2017-10-27 03:15:36,442 : [ {'b2': array([[ 0.17565862]]), 'W2': array([[ 1.70156981, -0.29862268,  0.30955728]]), 'W1': array([[-0.02062025,  0.00016742,  0.00629043],
       [-0.0012888 ,  0.01030243,  0.00229812],
       [ 0.02300561,  0.01320554,  0.01044728]]), 'b1': array([[-0.63064256],
       [ 0.04369388],
       [-0.00290758]])}
 {'b2': array([[ 0.17565862]]), 'W2': array([[ 0.91572382, -0.29862268,  0.30955728]]), 'W1': array([[-0.02062025,  0.00016742,  0.00629043],
       [ 0.00226537,  0.01130652,  0.00229812],
       [ 0.02300561,  0.01320554,  0.01044728]]), 'b1': array([[-0.60048326],
       [ 0.04369388],
       [-0.00290758]])}
 {'b2': array([[ 0.17565862]]), 'W2': array([[ 0.91572382, -0.29862268,  0.30955728]]), 'W1': array([[-0.02062025,  0.00016742,  0.00629043],
       [ 0.00226537,  0.01130652,  0.00229812],
       [ 0.02300561,  0.01320554,  0.01044728]]), 'b1': array([[-0.63064256],
       [ 0.04369388],
       [-0.00290758]])}
 {'b2': array([[ 0.17565862]]), 'W2': array([[ 1.55069208, -0.31474498,  0.30955728]]), 'W1': array([[-0.0212569 , -0.00218348,  0.00629043],
       [ 0.00226537,  0.01030243,  0.00229812],
       [ 0.02300561,  0.01320554,  0.01044728]]), 'b1': array([[-0.63064256],
       [-0.05157346],
       [-0.00290758]])}]
2017-10-27 03:15:36,459 : 
2017-10-27 03:15:36,461 : -------------------------------------------------------
2017-10-27 03:15:36,464 : Generation: 31
2017-10-27 03:15:36,466 : a new day has come
2017-10-27 03:21:31,344 : [16, 42, 26, 32, 29, 1, 32, 1, 1, 31, 31, 26]
2017-10-27 03:21:31,355 : [1 3 6 9]
2017-10-27 03:21:31,365 : genarating next gen
2017-10-27 03:21:31,407 : [ {'b2': array([[ 0.17565862]]), 'W2': array([[ 0.91572382, -0.29862268,  0.30955728]]), 'W1': array([[-0.02062025,  0.00016742,  0.00629043],
       [ 0.00226537,  0.01130652,  0.00229812],
       [ 0.02300561,  0.01320554,  0.01044728]]), 'b1': array([[-0.60048326],
       [ 0.04369388],
       [-0.00290758]])}
 {'b2': array([[ 0.17565862]]), 'W2': array([[ 1.55069208, -0.31474498,  0.30955728]]), 'W1': array([[-0.0212569 , -0.00218348,  0.00629043],
       [ 0.00226537,  0.01030243,  0.00229812],
       [ 0.02300561,  0.01320554,  0.01044728]]), 'b1': array([[-0.63064256],
       [-0.05157346],
       [-0.00290758]])}
 {'b2': array([[ 0.17565862]]), 'W2': array([[ 1.55069208, -0.31474498,  0.30955728]]), 'W1': array([[-0.02062025,  0.00016742,  0.00629043],
       [ 0.00226537,  0.01130652,  0.00229812],
       [ 0.02300561,  0.01320554,  0.01044728]]), 'b1': array([[-0.63064256],
       [-0.05157346],
       [-0.00290758]])}
 {'b2': array([[ 0.25064354]]), 'W2': array([[ 0.91572382, -0.29862268,  0.30955728]]), 'W1': array([[-0.02328483,  0.00016742,  0.00629043],
       [ 0.00226537,  0.01130652,  0.00787365],
       [ 0.02300561,  0.01320554,  0.01044728]]), 'b1': array([[-0.60048326],
       [ 0.04369388],
       [-0.00290758]])}]
2017-10-27 03:21:31,425 : 
2017-10-27 03:21:31,426 : -------------------------------------------------------
2017-10-27 03:21:31,428 : Generation: 32
2017-10-27 03:21:31,429 : a new day has come
2017-10-27 03:31:04,075 : [16, 31, 78, 120, 2, 16, 39, 56, 5, 45, 18, 38]
2017-10-27 03:31:04,080 : [3 2 7 9]
2017-10-27 03:31:04,092 : genarating next gen
2017-10-27 03:31:04,151 : [ {'b2': array([[ 0.25064354]]), 'W2': array([[ 0.91572382, -0.29862268,  0.30955728]]), 'W1': array([[-0.02328483,  0.00016742,  0.00629043],
       [ 0.00226537,  0.01130652,  0.00787365],
       [ 0.02300561,  0.01320554,  0.01044728]]), 'b1': array([[-0.60048326],
       [ 0.04369388],
       [-0.00290758]])}
 {'b2': array([[ 0.17565862]]), 'W2': array([[ 1.55069208, -0.31474498,  0.30955728]]), 'W1': array([[-0.02062025,  0.00016742,  0.00629043],
       [ 0.00226537,  0.01130652,  0.00229812],
       [ 0.02300561,  0.01320554,  0.01044728]]), 'b1': array([[-0.63064256],
       [-0.05157346],
       [-0.00290758]])}
 {'b2': array([[ 0.17565862]]), 'W2': array([[ 1.55069208, -0.31474498,  0.30955728]]), 'W1': array([[-0.02062025,  0.00016742,  0.00629043],
       [ 0.00226537,  0.01130652,  0.00993   ],
       [ 0.02300561,  0.01320554,  0.01044728]]), 'b1': array([[-0.63064256],
       [-0.05157346],
       [-0.00290758]])}
 {'b2': array([[ 0.25064354]]), 'W2': array([[ 0.91572382, -0.29862268,  0.30955728]]), 'W1': array([[-0.02062025,  0.00016742,  0.00629043],
       [-0.0009317 ,  0.01130652,  0.00229812],
       [ 0.02300561,  0.01320554,  0.01044728]]), 'b1': array([[-0.60048326],
       [ 0.04369388],
       [-0.00290758]])}]
2017-10-27 03:31:04,169 : 
2017-10-27 03:31:04,171 : -------------------------------------------------------
2017-10-27 03:31:04,175 : Generation: 33
2017-10-27 03:31:04,176 : a new day has come
2017-10-27 03:43:50,931 : [20, 76, 43, 41, 17, 1, 15, 73, 144, 107, 84, 1]
2017-10-27 03:43:50,933 : [ 8  9 10  1]
2017-10-27 03:43:50,936 : genarating next gen
2017-10-27 03:43:50,965 : [ {'b2': array([[ 0.25064354]]), 'W2': array([[ 0.91572382, -0.25964701,  0.30955728]]), 'W1': array([[-0.02328483,  0.00016742,  0.00629043],
       [ 0.00226537,  0.00968003,  0.00787365],
       [ 0.02300561,  0.01320554,  0.01044728]]), 'b1': array([[-0.60048326],
       [ 0.04369388],
       [-0.00290758]])}
 {'b2': array([[ 0.25064354]]), 'W2': array([[ 0.91572382, -0.29862268,  0.30955728]]), 'W1': array([[-0.02062025,  0.00016742,  0.00629043],
       [ 0.00226537,  0.01130652,  0.02087847],
       [ 0.02300561,  0.01320554,  0.01044728]]), 'b1': array([[-0.63064256],
       [-0.05157346],
       [-0.00290758]])}
 {'b2': array([[ 0.25064354]]), 'W2': array([[ 0.91572382, -0.29862268,  0.30955728]]), 'W1': array([[-0.02062025,  0.00016742,  0.00629043],
       [ 0.00226537,  0.01130652,  0.00993   ],
       [ 0.02300561,  0.01320554,  0.01041885]]), 'b1': array([[-0.63064256],
       [-0.05157346],
       [-0.00290758]])}
 {'b2': array([[ 0.17565862]]), 'W2': array([[ 1.55069208, -0.31474498,  0.30955728]]), 'W1': array([[-0.02062025,  0.00016742,  0.00629043],
       [ 0.00226537,  0.01130652,  0.00229812],
       [ 0.02300561,  0.01320554,  0.01044728]]), 'b1': array([[-0.63064256],
       [-0.05157346],
       [-0.00290758]])}]
2017-10-27 03:43:50,983 : 
2017-10-27 03:43:50,984 : -------------------------------------------------------
2017-10-27 03:43:50,988 : Generation: 34
2017-10-27 03:43:50,989 : a new day has come
2017-10-27 03:57:06,165 : [112, 72, 62, 32, 106, 20, 68, 36, 2, 97, 44, 5]
2017-10-27 03:57:06,170 : [0 4 9 1]
2017-10-27 03:57:06,175 : genarating next gen
2017-10-27 03:57:06,203 : [ {'b2': array([[ 0.25064354]]), 'W2': array([[ 0.91572382, -0.25964701,  0.30955728]]), 'W1': array([[-0.02328483,  0.00016742,  0.00629043],
       [ 0.00226537,  0.00968003,  0.00787365],
       [ 0.02300561,  0.01320554,  0.01044728]]), 'b1': array([[-0.60048326],
       [ 0.04369388],
       [-0.00290758]])}
 {'b2': array([[ 0.25064354]]), 'W2': array([[ 0.91572382, -0.29862268,  0.30955728]]), 'W1': array([[-0.02062025,  0.00016742,  0.00629043],
       [ 0.00226537,  0.01130652,  0.01901607],
       [ 0.02300561,  0.01351209,  0.01044728]]), 'b1': array([[-0.63064256],
       [-0.05157346],
       [-0.00290758]])}
 {'b2': array([[ 0.25064354]]), 'W2': array([[ 0.91572382, -0.29862268,  0.30955728]]), 'W1': array([[-0.02328483,  0.00016742,  0.00629043],
       [ 0.00226537,  0.01130652,  0.02087847],
       [ 0.02300561,  0.01320554,  0.01044728]]), 'b1': array([[-0.63064256],
       [-0.05157346],
       [-0.00290758]])}
 {'b2': array([[ 0.25064354]]), 'W2': array([[ 0.91572382, -0.29862268,  0.30955728]]), 'W1': array([[-0.02062025,  0.00016742,  0.00629043],
       [ 0.00226537,  0.01130652,  0.02087847],
       [ 0.02300561,  0.01320554,  0.01044728]]), 'b1': array([[-0.63064256],
       [-0.05157346],
       [-0.00290758]])}]
2017-10-27 03:57:06,221 : 
2017-10-27 03:57:06,223 : -------------------------------------------------------
2017-10-27 03:57:06,225 : Generation: 35
2017-10-27 03:57:06,228 : a new day has come
2017-10-27 04:09:00,610 : [169, 107, 65, 87, 32, 66, 4, 2, 39, 5, 1, 1]
2017-10-27 04:09:00,615 : [0 1 3 5]
2017-10-27 04:09:00,621 : genarating next gen
2017-10-27 04:09:00,650 : [ {'b2': array([[ 0.25064354]]), 'W2': array([[ 0.91572382, -0.25964701,  0.30955728]]), 'W1': array([[-0.02328483,  0.00016742,  0.00629043],
       [ 0.00226537,  0.00968003,  0.00787365],
       [ 0.02300561,  0.01320554,  0.01044728]]), 'b1': array([[-0.60048326],
       [ 0.04369388],
       [-0.00290758]])}
 {'b2': array([[ 0.25064354]]), 'W2': array([[ 0.91572382, -0.29862268,  0.30955728]]), 'W1': array([[-0.02062025,  0.00016742,  0.00629043],
       [ 0.00226537,  0.01130652,  0.01901607],
       [ 0.02300561,  0.01351209,  0.01044728]]), 'b1': array([[-0.63064256],
       [-0.05157346],
       [-0.00290758]])}
 {'b2': array([[ 0.25064354]]), 'W2': array([[ 0.91572382, -0.29862268,  0.30955728]]), 'W1': array([[-0.02062025,  0.00016742,  0.00629043],
       [ 0.00226537,  0.01130652,  0.02087847],
       [ 0.02300561,  0.01320554,  0.01044728]]), 'b1': array([[-0.63064256],
       [-0.05157346],
       [-0.00290758]])}
 {'b2': array([[ 0.25064354]]), 'W2': array([[ 0.91572382, -0.29862268,  0.30955728]]), 'W1': array([[-0.02328483,  0.00016742,  0.00629043],
       [ 0.00226537,  0.00968003,  0.00787365],
       [ 0.02300561,  0.01320554,  0.01044728]]), 'b1': array([[-0.60048326],
       [ 0.04369388],
       [-0.00290758]])}]
2017-10-27 04:09:00,667 : 
2017-10-27 04:09:00,669 : -------------------------------------------------------
2017-10-27 04:09:00,672 : Generation: 36
2017-10-27 04:09:00,673 : a new day has come
2017-10-27 04:21:26,333 : [16, 137, 35, 108, 28, 1, 9, 93, 2, 84, 1, 124]
2017-10-27 04:21:26,338 : [ 1 11  3  7]
2017-10-27 04:21:26,343 : genarating next gen
2017-10-27 04:21:26,370 : [ {'b2': array([[ 0.25064354]]), 'W2': array([[ 0.91572382, -0.29862268,  0.30955728]]), 'W1': array([[-0.02062025,  0.00016742,  0.00629043],
       [ 0.00226537,  0.01130652,  0.01901607],
       [ 0.02300561,  0.01351209,  0.01044728]]), 'b1': array([[-0.63064256],
       [-0.05157346],
       [-0.00290758]])}
 {'b2': array([[ 0.25064354]]), 'W2': array([[ 0.91572382, -0.29862268,  0.30955728]]), 'W1': array([[-0.02328483,  0.00138713,  0.00629043],
       [ 0.00226537,  0.00536338,  0.02087847],
       [ 0.02915461,  0.01320554,  0.00695987]]), 'b1': array([[-0.63064256],
       [-0.05157346],
       [-0.00290758]])}
 {'b2': array([[ 0.25064354]]), 'W2': array([[ 0.91572382, -0.29862268,  0.30955728]]), 'W1': array([[-0.02328483,  0.00016742,  0.00629043],
       [ 0.00226537,  0.00968003,  0.00787365],
       [ 0.02300561,  0.01320554,  0.01044728]]), 'b1': array([[-0.60048326],
       [ 0.04369388],
       [-0.00290758]])}
 {'b2': array([[ 0.25064354]]), 'W2': array([[ 0.91572382, -0.29862268,  0.30955728]]), 'W1': array([[-0.02328483,  0.00016742,  0.00629043],
       [ 0.00226537,  0.01130652,  0.02087847],
       [ 0.02300561,  0.01320554,  0.01044728]]), 'b1': array([[-0.60048326],
       [ 0.04369388],
       [ 0.04122659]])}]
2017-10-27 04:21:26,387 : 
2017-10-27 04:21:26,388 : -------------------------------------------------------
2017-10-27 04:21:26,390 : Generation: 37
2017-10-27 04:21:26,391 : a new day has come
2017-10-27 04:35:45,529 : [96, 22, 14, 73, 83, 130, 4, 69, 103, 4, 53, 65]
2017-10-27 04:35:45,534 : [5 8 0 4]
2017-10-27 04:35:45,547 : genarating next gen
2017-10-27 04:35:45,582 : [ {'b2': array([[ 0.25064354]]), 'W2': array([[ 1.54225981, -0.29862268,  0.30955728]]), 'W1': array([[-0.02062025,  0.00016742,  0.00629043],
       [ 0.00226537,  0.01130652,  0.01901607],
       [ 0.02300561,  0.01320554,  0.00695987]]), 'b1': array([[-0.63064256],
       [-0.05157346],
       [-0.00290758]])}
 {'b2': array([[ 0.25064354]]), 'W2': array([[ 0.91572382, -0.29862268,  0.30955728]]), 'W1': array([[-0.02062025,  0.00016742,  0.00629043],
       [ 0.00226537,  0.01130652,  0.01901607],
       [ 0.02300561,  0.01351209,  0.00588823]]), 'b1': array([[-0.39806385],
       [-0.16222164],
       [-0.00290758]])}
 {'b2': array([[ 0.25064354]]), 'W2': array([[ 0.91572382, -0.29862268,  0.30955728]]), 'W1': array([[-0.02062025,  0.00016742,  0.00629043],
       [ 0.00226537,  0.01130652,  0.01901607],
       [ 0.02300561,  0.01351209,  0.01044728]]), 'b1': array([[-0.63064256],
       [-0.05157346],
       [-0.00290758]])}
 {'b2': array([[ 0.25064354]]), 'W2': array([[ 0.91572382, -0.29862268,  0.30955728]]), 'W1': array([[-0.02062025,  0.00016742,  0.00629043],
       [ 0.00226537,  0.01130652,  0.01347215],
       [ 0.02300561,  0.01351209,  0.01044728]]), 'b1': array([[-0.63064256],
       [-0.05157346],
       [-0.00290758]])}]
2017-10-27 04:35:45,605 : 
2017-10-27 04:35:45,606 : -------------------------------------------------------
2017-10-27 04:35:45,610 : Generation: 38
2017-10-27 04:35:45,612 : a new day has come
2017-10-27 04:48:49,279 : [26, 102, 92, 129, 19, 34, 2, 40, 120, 2, 51, 31]
2017-10-27 04:48:49,282 : [3 8 1 2]
2017-10-27 04:48:49,286 : genarating next gen
2017-10-27 04:48:49,311 : [ {'b2': array([[ 0.25064354]]), 'W2': array([[ 0.91572382, -0.29862268,  0.30955728]]), 'W1': array([[-0.02062025,  0.00016742,  0.00629043],
       [ 0.00226537,  0.01130652,  0.01347215],
       [ 0.02300561,  0.01351209,  0.01044728]]), 'b1': array([[-0.63064256],
       [-0.05157346],
       [-0.00290758]])}
 {'b2': array([[ 0.25064354]]), 'W2': array([[ 0.91572382, -0.29862268,  0.30955728]]), 'W1': array([[-0.02062025, -0.00072845,  0.00629043],
       [ 0.00226537,  0.01130652,  0.01901607],
       [ 0.02300561,  0.01379195,  0.00695987]]), 'b1': array([[-0.63064256],
       [-0.05157346],
       [-0.00290758]])}
 {'b2': array([[ 0.25064354]]), 'W2': array([[ 0.91572382, -0.29862268,  0.30955728]]), 'W1': array([[-0.02062025,  0.00016742,  0.00629043],
       [ 0.00226537,  0.01130652,  0.01901607],
       [ 0.02300561,  0.01351209,  0.00588823]]), 'b1': array([[-0.39806385],
       [-0.16222164],
       [-0.00290758]])}
 {'b2': array([[ 0.25064354]]), 'W2': array([[ 0.91572382, -0.29862268,  0.30955728]]), 'W1': array([[-0.02062025,  0.00016742,  0.00629043],
       [ 0.00226537,  0.01130652,  0.01901607],
       [ 0.02300561,  0.01351209,  0.01044728]]), 'b1': array([[-0.63064256],
       [-0.05157346],
       [-0.00290758]])}]
2017-10-27 04:48:49,328 : 
2017-10-27 04:48:49,330 : -------------------------------------------------------
2017-10-27 04:48:49,334 : Generation: 39
2017-10-27 04:48:49,335 : a new day has come
2017-10-27 04:59:39,832 : [123, 27, 38, 99, 1, 81, 25, 22, 1, 37, 1, 81]
2017-10-27 04:59:39,846 : [ 0  3  5 11]
2017-10-27 04:59:39,855 : genarating next gen
2017-10-27 04:59:39,909 : [ {'b2': array([[ 0.25064354]]), 'W2': array([[ 0.91572382, -0.29862268,  0.30955728]]), 'W1': array([[-0.02062025,  0.00016742,  0.00629043],
       [ 0.00226537,  0.01130652,  0.01347215],
       [ 0.02300561,  0.01351209,  0.01044728]]), 'b1': array([[-0.63064256],
       [-0.05157346],
       [-0.00290758]])}
 {'b2': array([[ 0.25064354]]), 'W2': array([[ 0.91572382, -0.29862268,  0.30955728]]), 'W1': array([[-0.02062025,  0.00016742,  0.00629043],
       [ 0.00226537,  0.01130652,  0.01901607],
       [ 0.02300561,  0.01351209,  0.01044728]]), 'b1': array([[-0.63064256],
       [-0.05157346],
       [-0.00290758]])}
 {'b2': array([[ 0.25064354]]), 'W2': array([[ 0.91572382, -0.29862268,  0.30955728]]), 'W1': array([[-0.02062025,  0.00016742, -0.00211831],
       [ 0.00226537,  0.01130652,  0.01901607],
       [ 0.02300561,  0.01351209,  0.00588823]]), 'b1': array([[-0.39806385],
       [-0.16222164],
       [-0.00290758]])}
 {'b2': array([[ 0.25064354]]), 'W2': array([[ 0.91572382, -0.29862268,  0.30955728]]), 'W1': array([[-0.02062025,  0.00016742,  0.00629043],
       [ 0.00226537,  0.01325698,  0.01901607],
       [ 0.02300561,  0.01351209,  0.00588823]]), 'b1': array([[-0.63064256],
       [-0.05157346],
       [-0.00290758]])}]
2017-10-27 04:59:39,927 : 
2017-10-27 04:59:39,928 : -------------------------------------------------------
2017-10-27 04:59:39,932 : Generation: 40
2017-10-27 04:59:39,934 : a new day has come
2017-10-27 05:09:53,319 : [90, 31, 66, 81, 1, 35, 93, 32, 15, 47, 1, 1]
2017-10-27 05:09:53,321 : [6 0 3 2]
2017-10-27 05:09:53,326 : genarating next gen
2017-10-27 05:09:53,359 : [ {'b2': array([[ 0.25064354]]), 'W2': array([[ 0.91572382, -0.29862268,  0.30955728]]), 'W1': array([[-0.02062025,  0.00016742,  0.00629043],
       [ 0.00226537,  0.01325698,  0.01901607],
       [ 0.02300561,  0.01351209,  0.00588823]]), 'b1': array([[-0.63064256],
       [-0.05157346],
       [-0.00290758]])}
 {'b2': array([[ 0.25064354]]), 'W2': array([[ 0.91572382, -0.29862268,  0.30955728]]), 'W1': array([[-0.02062025,  0.00016742,  0.00629043],
       [ 0.00226537,  0.01130652,  0.01347215],
       [ 0.02300561,  0.01351209,  0.01044728]]), 'b1': array([[-0.63064256],
       [-0.05157346],
       [-0.00290758]])}
 {'b2': array([[ 0.25064354]]), 'W2': array([[ 0.91572382, -0.29862268,  0.30955728]]), 'W1': array([[-0.02062025,  0.00016742,  0.00629043],
       [ 0.00226537,  0.01325698,  0.01901607],
       [ 0.02300561,  0.01351209,  0.00588823]]), 'b1': array([[-0.63064256],
       [-0.05157346],
       [-0.00290758]])}
 {'b2': array([[ 0.25064354]]), 'W2': array([[ 0.91572382, -0.29862268,  0.30955728]]), 'W1': array([[-0.02062025,  0.00016742, -0.00211831],
       [ 0.00226537,  0.01130652,  0.01901607],
       [ 0.02300561,  0.01351209,  0.00588823]]), 'b1': array([[-0.39806385],
       [-0.16222164],
       [-0.00290758]])}]
2017-10-27 05:09:53,376 : 
2017-10-27 05:09:53,378 : -------------------------------------------------------
2017-10-27 05:09:53,381 : Generation: 41
2017-10-27 05:09:53,382 : a new day has come
2017-10-27 05:34:12,863 : [81, 69, 48, 103, 172, 87, 89, 172, 15, 244, 129, 76]
2017-10-27 05:34:12,864 : [ 9  4  7 10]
2017-10-27 05:34:12,870 : genarating next gen
2017-10-27 05:34:12,892 : [ {'b2': array([[ 0.25064354]]), 'W2': array([[ 0.91572382, -0.29862268,  0.30955728]]), 'W1': array([[-0.01792104,  0.00016742,  0.00629043],
       [ 0.00226537,  0.01325698,  0.01901607],
       [ 0.02300561,  0.01351209,  0.00588823]]), 'b1': array([[-0.63064256],
       [-0.05157346],
       [-0.00290758]])}
 {'b2': array([[ 0.25064354]]), 'W2': array([[ 0.91572382, -0.29862268,  0.30955728]]), 'W1': array([[-0.02062025,  0.00016742,  0.00629043],
       [ 0.00226537,  0.01185713,  0.01347215],
       [ 0.02300561,  0.00391872,  0.01044728]]), 'b1': array([[-0.63064256],
       [-0.05157346],
       [-0.00290758]])}
 {'b2': array([[ 0.25064354]]), 'W2': array([[ 0.91572382, -0.29862268,  0.30955728]]), 'W1': array([[-0.02062025,  0.00016742,  0.00629043],
       [ 0.00226537,  0.01130652,  0.01347215],
       [ 0.02300561,  0.01351209,  0.00856635]]), 'b1': array([[-0.63064256],
       [-0.05157346],
       [-0.00290758]])}
 {'b2': array([[ 0.25064354]]), 'W2': array([[ 0.91572382, -0.29862268,  0.30955728]]), 'W1': array([[-0.02062025,  0.00016742,  0.00629043],
       [ 0.00226537,  0.01325698,  0.01901607],
       [ 0.02300561,  0.01351209,  0.00588823]]), 'b1': array([[-0.63064256],
       [-0.05157346],
       [ 0.32310552]])}]
2017-10-27 05:34:12,909 : 
2017-10-27 05:34:12,910 : -------------------------------------------------------
2017-10-27 05:34:12,912 : Generation: 42
2017-10-27 05:34:12,914 : a new day has come
2017-10-27 05:49:58,016 : [46, 29, 70, 84, 16, 30, 1, 3, 101, 39, 362, 34]
2017-10-27 05:49:58,019 : [10  8  3  2]
2017-10-27 05:49:58,023 : genarating next gen
2017-10-27 05:49:58,061 : [ {'b2': array([[ 0.25064354]]), 'W2': array([[ 0.91572382, -0.29862268,  0.30955728]]), 'W1': array([[-0.01792104,  0.00016742,  0.00629043],
       [ 0.00226537,  0.01325698,  0.01901607],
       [ 0.02300561,  0.01351209,  0.00588823]]), 'b1': array([[-0.63064256],
       [-0.05157346],
       [-0.00290758]])}
 {'b2': array([[ 0.25064354]]), 'W2': array([[ 0.69167464, -0.29862268,  0.30955728]]), 'W1': array([[-0.01792104,  0.00016742,  0.00629043],
       [ 0.00226537,  0.01325698,  0.01901607],
       [ 0.02300561,  0.01351209,  0.00588823]]), 'b1': array([[-0.63064256],
       [-0.05157346],
       [-0.00290758]])}
 {'b2': array([[ 0.25064354]]), 'W2': array([[ 0.91572382, -0.29862268,  0.30955728]]), 'W1': array([[-0.02062025,  0.00016742,  0.00629043],
       [ 0.00226537,  0.01325698,  0.01901607],
       [ 0.02300561,  0.01351209,  0.00588823]]), 'b1': array([[-0.63064256],
       [-0.05157346],
       [ 0.32310552]])}
 {'b2': array([[ 0.25064354]]), 'W2': array([[ 0.91572382, -0.29862268,  0.30955728]]), 'W1': array([[-0.02062025,  0.00016742,  0.00629043],
       [ 0.00226537,  0.01130652,  0.01347215],
       [ 0.02300561,  0.01351209,  0.00856635]]), 'b1': array([[-0.63064256],
       [-0.05157346],
       [-0.00290758]])}]
2017-10-27 05:49:58,078 : 
2017-10-27 05:49:58,080 : -------------------------------------------------------
2017-10-27 05:49:58,084 : Generation: 43
2017-10-27 05:49:58,085 : a new day has come
2017-10-27 06:05:04,437 : [83, 89, 171, 103, 17, 45, 22, 164, 28, 50, 1, 2]
2017-10-27 06:05:04,438 : [2 7 3 1]
2017-10-27 06:05:04,443 : genarating next gen
2017-10-27 06:05:04,468 : [ {'b2': array([[ 0.25064354]]), 'W2': array([[ 0.91572382, -0.29862268,  0.30955728]]), 'W1': array([[-0.02062025,  0.00016742,  0.00629043],
       [ 0.00226537,  0.01325698,  0.01901607],
       [ 0.02300561,  0.01351209,  0.00588823]]), 'b1': array([[-0.63064256],
       [-0.05157346],
       [ 0.32310552]])}
 {'b2': array([[ 0.2803829]]), 'W2': array([[ 0.69167464, -0.29862268,  0.30955728]]), 'W1': array([[-0.01792104,  0.00016742,  0.00629043],
       [ 0.00226537,  0.01325698,  0.01901607],
       [ 0.02300561,  0.01351209,  0.00588823]]), 'b1': array([[-0.45134199],
       [-0.05157346],
       [-0.00290758]])}
 {'b2': array([[ 0.25064354]]), 'W2': array([[ 0.91572382, -0.29862268,  0.30955728]]), 'W1': array([[-0.02062025,  0.00016742,  0.00629043],
       [ 0.00226537,  0.01130652,  0.01347215],
       [ 0.02300561,  0.01351209,  0.00856635]]), 'b1': array([[-0.63064256],
       [-0.05157346],
       [-0.00290758]])}
 {'b2': array([[ 0.25064354]]), 'W2': array([[ 0.69167464, -0.29862268,  0.30955728]]), 'W1': array([[-0.01792104,  0.00016742,  0.00629043],
       [ 0.00226537,  0.01325698,  0.01901607],
       [ 0.02300561,  0.01351209,  0.00588823]]), 'b1': array([[-0.63064256],
       [-0.05157346],
       [-0.00290758]])}]
2017-10-27 06:05:04,484 : 
2017-10-27 06:05:04,485 : -------------------------------------------------------
2017-10-27 06:05:04,487 : Generation: 44
2017-10-27 06:05:04,488 : a new day has come
2017-10-27 06:22:44,010 : [150, 24, 66, 43, 106, 128, 60, 1, 145, 54, 75, 46]
2017-10-27 06:22:44,015 : [0 8 5 4]
2017-10-27 06:22:44,027 : genarating next gen
2017-10-27 06:22:44,081 : [ {'b2': array([[ 0.25064354]]), 'W2': array([[ 0.91572382, -0.29862268,  0.30955728]]), 'W1': array([[-0.02062025,  0.00016742,  0.00629043],
       [ 0.00226537,  0.01325698,  0.01901607],
       [ 0.02300561,  0.01351209,  0.00588823]]), 'b1': array([[-0.63064256],
       [-0.05157346],
       [ 0.32310552]])}
 {'b2': array([[ 0.25064354]]), 'W2': array([[ 0.91572382, -0.29862268,  0.30955728]]), 'W1': array([[-0.02062025,  0.00016742,  0.00629043],
       [ 0.00226537,  0.01325698,  0.01901607],
       [ 0.02300561,  0.01351209,  0.00588823]]), 'b1': array([[-0.63064256],
       [-0.05157346],
       [-0.00290758]])}
 {'b2': array([[ 0.25064354]]), 'W2': array([[ 0.91572382, -0.29862268,  0.30955728]]), 'W1': array([[-0.01792104,  0.00016742,  0.00629043],
       [ 0.00226537,  0.01325698,  0.01901607],
       [ 0.02300561,  0.01351209,  0.00588823]]), 'b1': array([[-0.45134199],
       [-0.05157346],
       [ 0.32310552]])}
 {'b2': array([[ 0.25064354]]), 'W2': array([[ 0.91572382, -0.29862268,  0.30955728]]), 'W1': array([[-0.02062025,  0.00016742,  0.00629043],
       [ 0.00226537,  0.01325698,  0.01901607],
       [ 0.02300561,  0.01351209,  0.00588823]]), 'b1': array([[-0.63064256],
       [-0.05157346],
       [ 0.32310552]])}]
2017-10-27 06:22:44,099 : 
2017-10-27 06:22:44,104 : -------------------------------------------------------
2017-10-27 06:22:44,109 : Generation: 45
2017-10-27 06:22:44,110 : a new day has come
2017-10-27 06:38:46,306 : [159, 122, 106, 42, 52, 84, 14, 69, 18, 24, 1, 127]
2017-10-27 06:38:46,312 : [ 0 11  1  2]
2017-10-27 06:38:46,318 : genarating next gen
2017-10-27 06:38:46,353 : [ {'b2': array([[ 0.25064354]]), 'W2': array([[ 0.91572382, -0.29862268,  0.30955728]]), 'W1': array([[-0.02062025,  0.00016742,  0.00629043],
       [ 0.00226537,  0.01325698,  0.01901607],
       [ 0.02300561,  0.01351209,  0.00588823]]), 'b1': array([[-0.63064256],
       [-0.05157346],
       [ 0.32310552]])}
 {'b2': array([[ 0.25064354]]), 'W2': array([[ 0.91572382, -0.29862268,  0.30955728]]), 'W1': array([[-0.02137321,  0.00016742,  0.00629043],
       [ 0.00226537,  0.01325698,  0.01901607],
       [ 0.02300561,  0.01351209,  0.00588823]]), 'b1': array([[-0.63064256],
       [-0.05157346],
       [-0.00290758]])}
 {'b2': array([[ 0.25064354]]), 'W2': array([[ 0.91572382, -0.29862268,  0.30955728]]), 'W1': array([[-0.02062025,  0.00016742,  0.00629043],
       [ 0.00226537,  0.01325698,  0.01901607],
       [ 0.02300561,  0.01351209,  0.00588823]]), 'b1': array([[-0.63064256],
       [-0.05157346],
       [-0.00290758]])}
 {'b2': array([[ 0.25064354]]), 'W2': array([[ 0.91572382, -0.29862268,  0.30955728]]), 'W1': array([[-0.01792104,  0.00016742,  0.00629043],
       [ 0.00226537,  0.01325698,  0.01901607],
       [ 0.02300561,  0.01351209,  0.00588823]]), 'b1': array([[-0.45134199],
       [-0.05157346],
       [ 0.32310552]])}]
2017-10-27 06:38:46,371 : 
2017-10-27 06:38:46,373 : -------------------------------------------------------
2017-10-27 06:38:46,374 : Generation: 46
2017-10-27 06:38:46,376 : a new day has come
2017-10-27 06:52:38,214 : [85, 86, 89, 126, 17, 4, 108, 1, 1, 2, 143, 31]
2017-10-27 06:52:38,216 : [10  3  6  2]
2017-10-27 06:52:38,219 : genarating next gen
2017-10-27 06:52:38,248 : [ {'b2': array([[ 0.25064354]]), 'W2': array([[ 0.91572382, -0.29862268,  0.30955728]]), 'W1': array([[-0.02062025,  0.00016742,  0.00629043],
       [ 0.00226537,  0.01325698,  0.01901607],
       [ 0.02300561,  0.01351209,  0.00588823]]), 'b1': array([[-0.63064256],
       [-0.05157346],
       [-0.00290758]])}
 {'b2': array([[ 0.25064354]]), 'W2': array([[ 0.91572382, -0.29862268,  0.30955728]]), 'W1': array([[-0.01792104,  0.00016742,  0.00629043],
       [ 0.00226537,  0.01325698,  0.01901607],
       [ 0.02300561,  0.01351209,  0.00588823]]), 'b1': array([[-0.45134199],
       [-0.05157346],
       [ 0.32310552]])}
 {'b2': array([[ 0.25064354]]), 'W2': array([[ 0.91572382, -0.29862268,  0.30955728]]), 'W1': array([[-0.02062025,  0.00016742,  0.00629043],
       [ 0.00226537,  0.01325698,  0.01901607],
       [ 0.02300561,  0.01406483,  0.00378515]]), 'b1': array([[-0.45134199],
       [-0.61257187],
       [ 0.32310552]])}
 {'b2': array([[ 0.25064354]]), 'W2': array([[ 0.91572382, -0.29862268,  0.30955728]]), 'W1': array([[-0.02062025,  0.00016742,  0.00629043],
       [ 0.00226537,  0.01325698,  0.01901607],
       [ 0.02300561,  0.01351209,  0.00588823]]), 'b1': array([[-0.63064256],
       [-0.05157346],
       [-0.00290758]])}]
2017-10-27 06:52:38,265 : 
2017-10-27 06:52:38,267 : -------------------------------------------------------
2017-10-27 06:52:38,270 : Generation: 47
2017-10-27 06:52:38,273 : a new day has come
2017-10-27 07:07:20,383 : [67, 27, 12, 99, 92, 68, 105, 5, 33, 67, 72, 84]
2017-10-27 07:07:20,389 : [ 6  3  4 11]
2017-10-27 07:07:20,397 : genarating next gen
2017-10-27 07:07:20,443 : [ {'b2': array([[ 0.23996915]]), 'W2': array([[ 0.91572382, -0.29862268,  0.30955728]]), 'W1': array([[-0.02062025,  0.00016742,  0.00629043],
       [ 0.00226537,  0.01325698,  0.01901607],
       [ 0.02300561,  0.01351209,  0.00588823]]), 'b1': array([[-0.45134199],
       [-0.05157346],
       [ 0.32310552]])}
 {'b2': array([[ 0.25064354]]), 'W2': array([[ 0.91572382, -0.29862268,  0.30955728]]), 'W1': array([[-0.02062025,  0.00016742,  0.00629043],
       [ 0.00226537,  0.01325698,  0.01901607],
       [ 0.02300561,  0.01351209,  0.00588823]]), 'b1': array([[-0.63064256],
       [-0.05157346],
       [-0.00290758]])}
 {'b2': array([[ 0.25064354]]), 'W2': array([[ 0.91572382, -0.29862268,  0.30955728]]), 'W1': array([[-0.02062025,  0.00016742,  0.00629043],
       [ 0.00226537,  0.01325698,  0.01901607],
       [ 0.02300561,  0.01351209,  0.00588823]]), 'b1': array([[-0.63064256],
       [ 0.24541927],
       [ 0.00507853]])}
 {'b2': array([[ 0.25064354]]), 'W2': array([[ 0.91572382, -0.29862268,  0.30955728]]), 'W1': array([[-0.02062025,  0.00016742,  0.00629043],
       [ 0.00226537,  0.01325698,  0.01901607],
       [ 0.02300561,  0.01351209,  0.00588823]]), 'b1': array([[-0.45134199],
       [-0.61257187],
       [ 0.32310552]])}]
2017-10-27 07:07:20,461 : 
2017-10-27 07:07:20,463 : -------------------------------------------------------
2017-10-27 07:07:20,466 : Generation: 48
2017-10-27 07:07:20,468 : a new day has come
2017-10-27 07:23:07,294 : [58, 128, 18, 23, 17, 76, 94, 74, 68, 140, 91, 3]
2017-10-27 07:23:07,298 : [ 9  1  6 10]
2017-10-27 07:23:07,305 : genarating next gen
2017-10-27 07:23:07,334 : [ {'b2': array([[ 0.25064354]]), 'W2': array([[ 0.91572382, -0.29862268,  0.30955728]]), 'W1': array([[-0.02062025,  0.00016742,  0.00629043],
       [ 0.00226537,  0.01325698,  0.02494384],
       [ 0.02300561,  0.01351209,  0.00588823]]), 'b1': array([[-0.45134199],
       [-0.61257187],
       [ 0.32310552]])}
 {'b2': array([[ 0.25064354]]), 'W2': array([[ 0.91572382, -0.29862268,  0.30955728]]), 'W1': array([[-0.02062025,  0.00016742,  0.00629043],
       [ 0.00226537,  0.01325698,  0.01901607],
       [ 0.02300561,  0.01351209,  0.00588823]]), 'b1': array([[-0.63064256],
       [-0.05157346],
       [-0.00290758]])}
 {'b2': array([[ 0.25064354]]), 'W2': array([[ 0.91572382, -0.29862268,  0.30955728]]), 'W1': array([[-0.02062025,  0.00016742,  0.00629043],
       [ 0.00226537,  0.01325698,  0.0196858 ],
       [ 0.02300561,  0.01351209,  0.00588823]]), 'b1': array([[-0.63064256],
       [ 0.24541927],
       [ 0.00507853]])}
 {'b2': array([[ 0.23996915]]), 'W2': array([[ 0.91572382, -0.29862268,  0.30955728]]), 'W1': array([[-0.02062025,  0.00016742,  0.00265704],
       [ 0.00226537,  0.01325698,  0.01901607],
       [ 0.01891984,  0.01351209,  0.00588823]]), 'b1': array([[-0.45134199],
       [-0.05157346],
       [ 0.32310552]])}]
2017-10-27 07:23:07,351 : 
2017-10-27 07:23:07,352 : -------------------------------------------------------
2017-10-27 07:23:07,355 : Generation: 49
2017-10-27 07:23:07,356 : a new day has come
2017-10-27 07:37:41,185 : [24, 116, 75, 129, 2, 31, 1, 108, 67, 61, 1, 108]
2017-10-27 07:37:41,190 : [ 3  1  7 11]
2017-10-27 07:37:41,196 : genarating next gen
2017-10-27 07:37:41,231 : [ {'b2': array([[ 0.23996915]]), 'W2': array([[ 0.91572382, -0.29862268,  0.30955728]]), 'W1': array([[-0.02062025,  0.00016742,  0.00265704],
       [ 0.00226537,  0.01325698,  0.01901607],
       [ 0.01891984,  0.01351209,  0.00588823]]), 'b1': array([[-0.45134199],
       [-0.05157346],
       [ 0.32310552]])}
 {'b2': array([[ 0.25064354]]), 'W2': array([[ 0.91572382, -0.29862268,  0.30955728]]), 'W1': array([[-0.02062025,  0.00016742,  0.00629043],
       [ 0.00226537,  0.01325698,  0.01901607],
       [ 0.02300561,  0.01351209,  0.00588823]]), 'b1': array([[-0.63064256],
       [-0.05157346],
       [-0.00290758]])}
 {'b2': array([[ 0.25064354]]), 'W2': array([[ 0.91572382, -0.29862268,  0.30955728]]), 'W1': array([[-0.02062025,  0.00016742,  0.00629043],
       [ 0.00226537,  0.01325698,  0.02494384],
       [ 0.02300561,  0.01351209,  0.00588823]]), 'b1': array([[-0.45134199],
       [-0.61257187],
       [ 0.32310552]])}
 {'b2': array([[ 0.25064354]]), 'W2': array([[ 0.91572382, -0.29862268,  0.30955728]]), 'W1': array([[-0.02062025,  0.00016742,  0.00629043],
       [ 0.00226537,  0.01325698,  0.01901607],
       [ 0.02300561,  0.01351209,  0.00588823]]), 'b1': array([[-0.63064256],
       [-0.05157346],
       [-0.00290758]])}]
2017-10-27 07:37:41,249 : 
2017-10-27 07:37:41,250 : -------------------------------------------------------
2017-10-27 07:37:41,253 : Generation: 50
2017-10-27 07:37:41,254 : a new day has come
2017-10-27 07:54:45,713 : [96, 74, 26, 112, 31, 98, 35, 96, 94, 20, 45, 143]
2017-10-27 07:54:45,717 : [11  3  5  0]
2017-10-27 07:54:45,722 : genarating next gen
2017-10-27 07:54:45,758 : [ {'b2': array([[ 0.27304736]]), 'W2': array([[ 0.91572382, -0.29862268,  0.30955728]]), 'W1': array([[-0.02062025,  0.00016742,  0.00629043],
       [ 0.00226537,  0.01325698,  0.01901607],
       [ 0.02300561,  0.01351209,  0.00588823]]), 'b1': array([[-0.63064256],
       [-0.05157346],
       [-0.00290758]])}
 {'b2': array([[ 0.25064354]]), 'W2': array([[ 0.91572382, -0.29862268,  0.30955728]]), 'W1': array([[-0.02062025,  0.00016742,  0.00629043],
       [ 0.00226537,  0.01325698,  0.01901607],
       [ 0.02300561,  0.01351209,  0.00588823]]), 'b1': array([[-0.63064256],
       [-0.05157346],
       [-0.00290758]])}
 {'b2': array([[ 0.23996915]]), 'W2': array([[ 0.91572382, -0.29862268,  0.30955728]]), 'W1': array([[-0.02062025, -0.00018317,  0.00265704],
       [ 0.00226537,  0.01325698,  0.01901607],
       [ 0.01891984,  0.01351209,  0.00588823]]), 'b1': array([[-0.45134199],
       [-0.05157346],
       [ 0.32310552]])}
 {'b2': array([[ 0.23996915]]), 'W2': array([[ 0.91572382, -0.29862268,  0.30955728]]), 'W1': array([[-0.02062025,  0.00016742,  0.00265704],
       [ 0.00226537,  0.01325698,  0.01901607],
       [ 0.01891984,  0.01351209,  0.00588823]]), 'b1': array([[-0.45134199],
       [-0.05157346],
       [ 0.32310552]])}]
2017-10-27 07:54:45,775 : 
2017-10-27 07:54:45,777 : -------------------------------------------------------
2017-10-27 07:54:45,780 : Generation: 51
2017-10-27 07:54:45,782 : a new day has come
2017-10-27 08:13:06,671 : [263, 113, 64, 66, 18, 106, 43, 123, 1, 59, 4, 78]
2017-10-27 08:13:06,673 : [0 7 1 5]
2017-10-27 08:13:06,677 : genarating next gen
2017-10-27 08:13:06,701 : [ {'b2': array([[ 0.27304736]]), 'W2': array([[ 0.91572382, -0.29862268,  0.30955728]]), 'W1': array([[-0.02062025,  0.00016742,  0.00629043],
       [ 0.00226537,  0.01325698,  0.01901607],
       [ 0.02300561,  0.01351209,  0.00588823]]), 'b1': array([[-0.63064256],
       [-0.05157346],
       [-0.00290758]])}
 {'b2': array([[ 0.23996915]]), 'W2': array([[ 0.91572382, -0.29862268,  0.30955728]]), 'W1': array([[-0.02062025,  0.00016742,  0.00629043],
       [ 0.00226537,  0.01325698,  0.02208008],
       [ 0.02300561,  0.01351209,  0.00588823]]), 'b1': array([[-0.45134199],
       [-0.05157346],
       [ 0.32310552]])}
 {'b2': array([[ 0.25064354]]), 'W2': array([[ 0.91572382, -0.29862268,  0.30955728]]), 'W1': array([[-0.02062025,  0.00016742,  0.00629043],
       [ 0.00226537,  0.01325698,  0.01901607],
       [ 0.02300561,  0.01351209,  0.00588823]]), 'b1': array([[-0.63064256],
       [-0.05157346],
       [-0.00290758]])}
 {'b2': array([[ 0.25064354]]), 'W2': array([[ 0.91572382, -0.29862268,  0.30955728]]), 'W1': array([[-0.02062025, -0.00106749,  0.00629043],
       [ 0.00226537,  0.01325698,  0.01901607],
       [ 0.02300561,  0.01351209,  0.00588823]]), 'b1': array([[-0.63064256],
       [-0.05157346],
       [-0.00290758]])}]
2017-10-27 08:13:06,719 : 
2017-10-27 08:13:06,720 : -------------------------------------------------------
2017-10-27 08:13:06,722 : Generation: 52
2017-10-27 08:13:06,723 : a new day has come
2017-10-27 08:25:38,713 : [177, 40, 86, 38, 53, 1, 67, 1, 3, 90, 28, 18]
2017-10-27 08:25:38,718 : [0 9 2 6]
2017-10-27 08:25:38,729 : genarating next gen
2017-10-27 08:25:38,769 : [ {'b2': array([[ 0.27304736]]), 'W2': array([[ 0.91572382, -0.29862268,  0.30955728]]), 'W1': array([[-0.02062025,  0.00016742,  0.00629043],
       [ 0.00226537,  0.01325698,  0.01901607],
       [ 0.02300561,  0.01351209,  0.00588823]]), 'b1': array([[-0.63064256],
       [-0.05157346],
       [-0.00290758]])}
 {'b2': array([[ 0.23996915]]), 'W2': array([[ 0.91572382, -0.29862268,  0.30955728]]), 'W1': array([[ -2.06202500e-02,   1.67420000e-04,   6.29043000e-03],
       [  2.26537000e-03,   1.32569800e-02,   2.20800800e-02],
       [  2.01238934e-02,   1.35120900e-02,   2.59997887e-05]]), 'b1': array([[-0.487053  ],
       [-0.05157346],
       [-0.04142694]])}
 {'b2': array([[ 0.25064354]]), 'W2': array([[ 0.91572382, -0.29862268,  0.30955728]]), 'W1': array([[-0.02062025,  0.00016742,  0.00629043],
       [ 0.00226537,  0.01325698,  0.01901607],
       [ 0.02300561,  0.01351209,  0.00588823]]), 'b1': array([[-0.63064256],
       [-0.05157346],
       [-0.00290758]])}
 {'b2': array([[ 0.23996915]]), 'W2': array([[ 1.34599611, -0.29862268,  0.30955728]]), 'W1': array([[-0.02062025,  0.00016742,  0.00629043],
       [ 0.00226537,  0.01325698,  0.02208008],
       [ 0.02300561,  0.01351209,  0.00588823]]), 'b1': array([[-0.63406808],
       [-0.05157346],
       [ 0.32310552]])}]
2017-10-27 08:25:38,786 : 
2017-10-27 08:25:38,788 : -------------------------------------------------------
2017-10-27 08:25:38,791 : Generation: 53
2017-10-27 08:25:38,793 : a new day has come
2017-10-27 08:40:46,861 : [133, 64, 32, 45, 38, 248, 59, 3, 41, 25, 81, 2]
2017-10-27 08:40:46,863 : [ 5  0 10  1]
2017-10-27 08:40:46,866 : genarating next gen
2017-10-27 08:40:46,889 : [ {'b2': array([[ 0.25064354]]), 'W2': array([[ 1.34599611, -0.29862268,  0.30955728]]), 'W1': array([[-0.02062025,  0.00016742,  0.00629043],
       [ 0.00226537,  0.01325698,  0.02208008],
       [ 0.02300561,  0.01351209,  0.00588823]]), 'b1': array([[-0.63406808],
       [-0.03488594],
       [ 0.32310552]])}
 {'b2': array([[ 0.27304736]]), 'W2': array([[ 0.91572382, -0.29862268,  0.30955728]]), 'W1': array([[-0.02062025,  0.00016742,  0.00629043],
       [ 0.00226537,  0.01325698,  0.01901607],
       [ 0.02300561,  0.01351209,  0.00588823]]), 'b1': array([[-0.63064256],
       [-0.05157346],
       [-0.00290758]])}
 {'b2': array([[ 0.23996915]]), 'W2': array([[ 0.91572382, -0.29862268,  0.30955728]]), 'W1': array([[-0.02062025,  0.00016742,  0.00629043],
       [ 0.00226537,  0.01325698,  0.01901607],
       [ 0.02300561,  0.01351209,  0.00588823]]), 'b1': array([[-0.63064256],
       [-0.05157346],
       [ 0.32310552]])}
 {'b2': array([[ 0.23996915]]), 'W2': array([[ 0.91572382, -0.29862268,  0.30955728]]), 'W1': array([[ -2.06202500e-02,   1.67420000e-04,   6.29043000e-03],
       [  2.26537000e-03,   1.32569800e-02,   2.20800800e-02],
       [  2.01238934e-02,   1.35120900e-02,   2.59997887e-05]]), 'b1': array([[-0.487053  ],
       [-0.05157346],
       [-0.04142694]])}]
2017-10-27 08:40:46,906 : 
2017-10-27 08:40:46,907 : -------------------------------------------------------
2017-10-27 08:40:46,909 : Generation: 54
2017-10-27 08:40:46,910 : a new day has come
2017-10-27 08:55:11,987 : [1, 28, 79, 88, 19, 132, 68, 1, 2, 1, 326, 32]
2017-10-27 08:55:11,991 : [10  5  3  2]
2017-10-27 08:55:11,995 : genarating next gen
2017-10-27 08:55:12,023 : [ {'b2': array([[ 0.27304736]]), 'W2': array([[ 0.91572382, -0.29862268,  0.30955728]]), 'W1': array([[-0.01875676,  0.00016742,  0.00629043],
       [ 0.00226537,  0.01325698,  0.01901607],
       [ 0.02300561,  0.01351209,  0.00588823]]), 'b1': array([[-0.63064256],
       [-0.05157346],
       [-0.00290758]])}
 {'b2': array([[ 0.27304736]]), 'W2': array([[ 0.91572382, -0.29862268,  0.30955728]]), 'W1': array([[-0.02062025,  0.00016742,  0.00629043],
       [ 0.00226537,  0.01325698,  0.02389935],
       [ 0.02300561,  0.01351209,  0.00588823]]), 'b1': array([[-0.73119972],
       [-0.05157346],
       [-0.00290758]])}
 {'b2': array([[ 0.23996915]]), 'W2': array([[ 0.91572382, -0.29862268,  0.30955728]]), 'W1': array([[ -2.06202500e-02,   1.67420000e-04,   6.29043000e-03],
       [  2.26537000e-03,   1.32569800e-02,   2.20800800e-02],
       [  2.01238934e-02,   1.35120900e-02,   2.59997887e-05]]), 'b1': array([[-0.487053  ],
       [-0.05157346],
       [-0.04142694]])}
 {'b2': array([[ 0.23996915]]), 'W2': array([[ 0.91572382, -0.29862268,  0.30955728]]), 'W1': array([[-0.02062025,  0.00016742,  0.00629043],
       [ 0.00226537,  0.01325698,  0.01901607],
       [ 0.02300561,  0.01351209,  0.00588823]]), 'b1': array([[-0.63064256],
       [-0.05157346],
       [ 0.32310552]])}]
2017-10-27 08:55:12,041 : 
2017-10-27 08:55:12,043 : -------------------------------------------------------
2017-10-27 08:55:12,046 : Generation: 55
2017-10-27 08:55:12,049 : a new day has come
2017-10-27 09:10:55,331 : [16, 184, 28, 47, 283, 65, 119, 17, 33, 15, 2, 32]
2017-10-27 09:10:55,335 : [4 1 6 5]
2017-10-27 09:10:55,342 : genarating next gen
2017-10-27 09:10:55,378 : [ {'b2': array([[ 0.27304736]]), 'W2': array([[ 0.91572382, -0.29862268,  0.30955728]]), 'W1': array([[-0.02062025,  0.00016742,  0.01148373],
       [ 0.00226537,  0.01325698,  0.01901607],
       [ 0.02300561,  0.01351209,  0.00588823]]), 'b1': array([[-0.63064256],
       [-0.05157346],
       [-0.00290758]])}
 {'b2': array([[ 0.27304736]]), 'W2': array([[ 0.91572382, -0.29862268,  0.30955728]]), 'W1': array([[-0.02062025,  0.00016742,  0.00629043],
       [ 0.00226537,  0.01325698,  0.02389935],
       [ 0.02300561,  0.01351209,  0.00588823]]), 'b1': array([[-0.73119972],
       [-0.05157346],
       [-0.00290758]])}
 {'b2': array([[ 0.27304736]]), 'W2': array([[ 0.91572382, -0.29862268,  0.30955728]]), 'W1': array([[-0.02062025,  0.00016742,  0.00629043],
       [ 0.00226537,  0.01325698,  0.02389935],
       [ 0.02300561,  0.01351209,  0.00588823]]), 'b1': array([[-0.73119972],
       [-0.05157346],
       [-0.00290758]])}
 {'b2': array([[ 0.23996915]]), 'W2': array([[ 0.91572382, -0.29862268,  0.30955728]]), 'W1': array([[-0.02062025,  0.00016742,  0.00629043],
       [ 0.00226537,  0.01352433,  0.01901607],
       [ 0.02300561,  0.01351209,  0.00588823]]), 'b1': array([[-0.63064256],
       [-0.05157346],
       [ 0.32310552]])}]
2017-10-27 09:10:55,396 : 
2017-10-27 09:10:55,399 : -------------------------------------------------------
2017-10-27 09:10:55,402 : Generation: 56
2017-10-27 09:10:55,404 : a new day has come
2017-10-27 09:24:14,133 : [22, 15, 77, 34, 24, 1, 117, 125, 100, 17, 131, 19]
2017-10-27 09:24:14,135 : [10  7  6  8]
2017-10-27 09:24:14,140 : genarating next gen
2017-10-27 09:24:14,163 : [ {'b2': array([[ 0.27304736]]), 'W2': array([[ 0.91572382, -0.29862268,  0.30955728]]), 'W1': array([[-0.02062025,  0.00016742,  0.00629043],
       [ 0.00226537,  0.01325698,  0.02389935],
       [ 0.02300561,  0.01649217,  0.0095058 ]]), 'b1': array([[-0.73119972],
       [-0.05157346],
       [-0.00290758]])}
 {'b2': array([[ 0.27304736]]), 'W2': array([[ 0.91572382, -0.29862268,  0.30955728]]), 'W1': array([[-0.02062025, -0.00020864,  0.00629043],
       [ 0.00226537,  0.01325698,  0.02389935],
       [ 0.02300561,  0.01351209,  0.00588823]]), 'b1': array([[-0.63064256],
       [-0.05157346],
       [-0.00290758]])}
 {'b2': array([[ 0.27304736]]), 'W2': array([[ 0.91572382, -0.29862268,  0.30955728]]), 'W1': array([[-0.02062025,  0.00107289,  0.00629043],
       [ 0.00226537,  0.01325698,  0.02389935],
       [ 0.02300561,  0.01351209,  0.00588823]]), 'b1': array([[-0.73119972],
       [-0.05157346],
       [-0.00290758]])}
 {'b2': array([[ 0.27304736]]), 'W2': array([[ 0.91572382, -0.29862268,  0.30955728]]), 'W1': array([[-0.02062025,  0.00016742,  0.00381535],
       [ 0.00226537,  0.01325698,  0.02389935],
       [ 0.02300561,  0.01351209,  0.00588823]]), 'b1': array([[-0.73119972],
       [-0.05157346],
       [-0.00290758]])}]
2017-10-27 09:24:14,180 : 
2017-10-27 09:24:14,181 : -------------------------------------------------------
2017-10-27 09:24:14,183 : Generation: 57
2017-10-27 09:24:14,184 : a new day has come
