2017-10-26 22:15:03,449 INFO Start
2017-10-26 22:15:03,449 INFO -------------------------------------------------------
2017-10-26 22:15:03,449 INFO Generation: 0
2017-10-26 22:15:03,449 INFO a new day has come
2017-10-26 22:16:01,473 INFO [1, 1, 1, 2, 1, 1, 1, 1, 1, 2, 1, 1]
2017-10-26 22:16:01,473 INFO [3 9 0 1]
2017-10-26 22:16:01,474 INFO genarating next gen
2017-10-26 22:16:01,481 INFO 
2017-10-26 22:16:01,481 INFO -------------------------------------------------------
2017-10-26 22:16:01,481 INFO Generation: 1
2017-10-26 22:16:01,482 INFO a new day has come
2017-10-26 22:17:07,128 INFO [2, 2, 1, 1, 1, 2, 2, 1, 2, 1, 2, 1]
2017-10-26 22:17:07,128 INFO [0 1 5 6]
2017-10-26 22:17:07,129 INFO genarating next gen
2017-10-26 22:17:07,135 INFO 
2017-10-26 22:17:07,135 INFO -------------------------------------------------------
2017-10-26 22:17:07,136 INFO Generation: 2
2017-10-26 22:17:07,136 INFO a new day has come
2017-10-26 22:18:12,702 INFO [3, 2, 3, 1, 1, 1, 1, 2, 1, 1, 1, 1]
2017-10-26 22:18:12,703 INFO [0 2 1 7]
2017-10-26 22:18:12,704 INFO genarating next gen
2017-10-26 22:18:12,715 INFO 
2017-10-26 22:18:12,715 INFO -------------------------------------------------------
2017-10-26 22:18:12,715 INFO Generation: 3
2017-10-26 22:18:12,716 INFO a new day has come
2017-10-26 22:19:21,760 INFO [1, 1, 3, 2, 1, 1, 3, 2, 2, 2, 1, 2]
2017-10-26 22:19:21,760 INFO [2 6 3 7]
2017-10-26 22:19:21,762 INFO genarating next gen
2017-10-26 22:19:21,774 INFO 
2017-10-26 22:19:21,774 INFO -------------------------------------------------------
2017-10-26 22:19:21,774 INFO Generation: 4
2017-10-26 22:19:21,774 INFO a new day has come
2017-10-26 22:20:41,191 INFO [2, 3, 4, 1, 2, 2, 5, 1, 3, 1, 3, 2]
2017-10-26 22:20:41,192 INFO [6 2 1 8]
2017-10-26 22:20:41,194 INFO genarating next gen
2017-10-26 22:20:41,205 INFO 
2017-10-26 22:20:41,205 INFO -------------------------------------------------------
2017-10-26 22:20:41,205 INFO Generation: 5
2017-10-26 22:20:41,205 INFO a new day has come
2017-10-26 22:21:54,018 INFO [1, 4, 1, 3, 1, 2, 2, 2, 1, 4, 1, 1]
2017-10-26 22:21:54,018 INFO [1 9 3 5]
2017-10-26 22:21:54,019 INFO genarating next gen
2017-10-26 22:21:54,022 INFO 
2017-10-26 22:21:54,022 INFO -------------------------------------------------------
2017-10-26 22:21:54,023 INFO Generation: 6
2017-10-26 22:21:54,023 INFO a new day has come
2017-10-26 22:23:16,828 INFO [4, 5, 1, 2, 2, 2, 1, 4, 1, 3, 1, 6]
2017-10-26 22:23:16,829 INFO [11  1  0  7]
2017-10-26 22:23:16,830 INFO genarating next gen
2017-10-26 22:23:16,838 INFO 
2017-10-26 22:23:16,838 INFO -------------------------------------------------------
2017-10-26 22:23:16,838 INFO Generation: 7
2017-10-26 22:23:16,838 INFO a new day has come
2017-10-26 22:24:45,719 INFO [2, 2, 3, 3, 9, 3, 3, 3, 2, 2, 3, 2]
2017-10-26 22:24:45,720 INFO [4 2 3 5]
2017-10-26 22:24:45,722 INFO genarating next gen
2017-10-26 22:24:45,729 INFO 
2017-10-26 22:24:45,729 INFO -------------------------------------------------------
2017-10-26 22:24:45,730 INFO Generation: 8
2017-10-26 22:24:45,730 INFO a new day has come
