2017-10-26 21:59:26,430 INFO Start
2017-10-26 21:59:26,430 INFO -------------------------------------------------------
2017-10-26 21:59:26,430 INFO Generation: 0
2017-10-26 21:59:26,430 INFO a new day has come
2017-10-26 22:00:42,313 INFO [7, 1, 1, 1, 1, 3, 1, 1, 1, 4, 1, 2]
2017-10-26 22:00:42,313 INFO [ 0  9  5 11]
2017-10-26 22:00:42,313 INFO genarating next gen
2017-10-26 22:00:42,317 INFO 
2017-10-26 22:00:42,317 INFO -------------------------------------------------------
2017-10-26 22:00:42,317 INFO Generation: 1
2017-10-26 22:00:42,317 INFO a new day has come
2017-10-26 22:01:45,724 INFO [1, 2, 3, 1, 1, 1, 2, 2, 1, 1, 1, 1]
2017-10-26 22:01:45,724 INFO [2 1 6 7]
2017-10-26 22:01:45,725 INFO genarating next gen
2017-10-26 22:01:45,728 INFO 
2017-10-26 22:01:45,728 INFO -------------------------------------------------------
2017-10-26 22:01:45,729 INFO Generation: 2
2017-10-26 22:01:45,729 INFO a new day has come
2017-10-26 22:03:01,994 INFO [4, 1, 1, 1, 4, 5, 1, 3, 3, 1, 2, 2]
2017-10-26 22:03:01,994 INFO [5 0 4 7]
2017-10-26 22:03:01,995 INFO genarating next gen
2017-10-26 22:03:01,999 INFO 
2017-10-26 22:03:02,000 INFO -------------------------------------------------------
2017-10-26 22:03:02,000 INFO Generation: 3
2017-10-26 22:03:02,000 INFO a new day has come
2017-10-26 22:04:26,226 INFO [2, 2, 3, 1, 4, 5, 1, 2, 3, 1, 1, 6]
2017-10-26 22:04:26,227 INFO [11  5  4  2]
2017-10-26 22:04:26,228 INFO genarating next gen
2017-10-26 22:04:26,236 INFO 
2017-10-26 22:04:26,236 INFO -------------------------------------------------------
2017-10-26 22:04:26,236 INFO Generation: 4
2017-10-26 22:04:26,236 INFO a new day has come
2017-10-26 22:05:45,918 INFO [6, 4, 1, 1, 3, 1, 1, 6, 1, 1, 1, 4]
2017-10-26 22:05:45,919 INFO [ 0  7  1 11]
2017-10-26 22:05:45,919 INFO genarating next gen
2017-10-26 22:05:45,923 INFO 
2017-10-26 22:05:45,923 INFO -------------------------------------------------------
2017-10-26 22:05:45,923 INFO Generation: 5
2017-10-26 22:05:45,923 INFO a new day has come
2017-10-26 22:07:03,609 INFO [1, 1, 5, 2, 4, 1, 1, 1, 1, 5, 1, 5]
2017-10-26 22:07:03,609 INFO [ 2  9 11  4]
2017-10-26 22:07:03,609 INFO genarating next gen
2017-10-26 22:07:03,614 INFO 
2017-10-26 22:07:03,614 INFO -------------------------------------------------------
2017-10-26 22:07:03,614 INFO Generation: 6
2017-10-26 22:07:03,614 INFO a new day has come
2017-10-26 22:08:26,119 INFO [2, 3, 2, 3, 4, 1, 1, 3, 4, 0, 6, 1]
2017-10-26 22:08:26,120 INFO [10  4  8  1]
2017-10-26 22:08:26,121 INFO genarating next gen
2017-10-26 22:08:26,127 INFO 
2017-10-26 22:08:26,127 INFO -------------------------------------------------------
2017-10-26 22:08:26,127 INFO Generation: 7
2017-10-26 22:08:26,127 INFO a new day has come
2017-10-26 22:09:49,096 INFO [4, 3, 1, 1, 1, 3, 3, 0, 7, 3, 3, 4]
2017-10-26 22:09:49,097 INFO [ 8  0 11  1]
2017-10-26 22:09:49,097 INFO genarating next gen
2017-10-26 22:09:49,101 INFO 
2017-10-26 22:09:49,101 INFO -------------------------------------------------------
2017-10-26 22:09:49,101 INFO Generation: 8
2017-10-26 22:09:49,101 INFO a new day has come
