2017-10-27 16:30:07,052 : Start
2017-10-27 16:30:07,054 : -------------------------------------------------------
2017-10-27 16:30:07,055 : Generation: 0
2017-10-27 16:30:07,056 : a new day has come
2017-10-27 16:31:18,516 : [1, 1, 1, 4, 2, 2, 1, 1, 1, 1, 1, 5]
2017-10-27 16:31:18,519 : [11  3  4  5]
2017-10-27 16:31:18,522 : genarating next gen
2017-10-27 16:31:18,542 : 
2017-10-27 16:31:18,542 : -------------------------------------------------------
2017-10-27 16:31:18,544 : Generation: 1
2017-10-27 16:31:18,545 : a new day has come
7 16:31:18,529 INFO [ {'b2': array([[-0.26691217]]), 'b1': array([[-0.5831331 ],
       [ 0.46368934],
       [ 0.61017077]]), 'W1': array([[ 0.00050316, -0.01647467,  0.00133508],
       [ 0.00450473,  0.00466513, -0.00159019],
       [-0.00670823,  0.00010232,  0.01040385]]), 'W2': array([[ 1.55696887,  1.5713826 ,  0.82202755]])}
 {'b2': array([[-0.03814158]]), 'b1': array([[-0.66812503],
       [ 0.71557194],
       [-0.57269497]]), 'W1': array([[ 0.00942571, -0.01346737, -0.0072983 ],
       [-0.00414071,  0.01507965,  0.00717499],
       [-0.00802833,  0.0027167 ,  0.01157329]]), 'W2': array([[ 0.66478416,  1.05027888, -0.27948611]])}
 {'b2': array([[-0.08476228]]), 'b1': array([[ 0.37459809],
       [-0.34696776],
       [-0.18618488]]), 'W1': array([[-0.01543289, -0.0067437 ,  0.00984079],
       [-0.00199771,  0.00073066, -0.0101047 ],
       [-0.00510881,  0.0064923 , -0.02014936]]), 'W2': array([[-0.79196933,  2.25047794,  0.92874885]])}
 {'b2': array([[ 0.10635244]]), 'b1': array([[ 0.72671676],
       [-0.51506651],
       [-0.28950353]]), 'W1': array([[ 0.00698578, -0.00380539, -0.01002016],
       [ 0.02447867, -0.0046272 ,  0.00825313],
       [ 0.01754709, -0.0068027 , -0.00055164]]), 'W2': array([[-0.91129142,  3.61950755,  2.44214535]])}]
2017-10-27 16:31:18,542 INFO 
2017-10-27 16:31:18,542 INFO -------------------------------------------------------
2017-10-27 16:31:18,543 INFO -------------------------------------------------------
2017-10-27 16:31:18,544 INFO Generation: 1
2017-10-27 16:31:18,545 INFO a new day has come
