2017-10-26 22:32:15,199 : Start
2017-10-26 22:32:15,202 : -------------------------------------------------------
2017-10-26 22:33:38,738 : [ {'b2': array([[ 0.12302623]]), 'b1': array([[-0.63064256],
       [ 0.21192068],
       [-0.06390319]]), 'W1': array([[-0.02219798,  0.00016742,  0.00629043],
       [ 0.01253393,  0.01030243,  0.00125016],
       [ 0.02159961,  0.0104557 ,  0.01044728]]), 'W2': array([[ 1.55069208, -0.29862268,  0.30955728]])}
 {'b2': array([[-0.01561787]]), 'b1': array([[ 1.08713842],
       [ 0.02960031],
       [-0.24445269]]), 'W1': array([[ 0.01384851, -0.01635308,  0.00321014],
       [ 0.00570716, -0.00697507, -0.00344829],
       [ 0.00791568,  0.00274297,  0.01589771]]), 'W2': array([[-1.87201484,  0.88887779,  0.5434799 ]])}
 {'b2': array([[-0.10493588]]), 'b1': array([[ 0.57476596],
       [ 0.0843631 ],
       [-0.36955776]]), 'W1': array([[  1.75523493e-03,  -1.74371430e-04,  -6.31825455e-03],
       [ -2.33917509e-05,  -3.47251657e-03,   1.62148710e-02],
       [ -3.18316147e-03,  -4.87940351e-03,  -3.81774918e-03]]), 'W2': array([[ 1.03337071, -0.02649252, -0.64049557]])}
 {'b2': array([[ 0.06241258]]), 'b1': array([[ 0.31344865],
       [-0.46144286],
       [ 0.33892603]]), 'W1': array([[ 0.00688348, -0.00268249, -0.00400289],
       [ 0.0173938 ,  0.00053021, -0.00065867],
       [-0.02936722,  0.0067862 ,  0.0054719 ]]), 'W2': array([[ 1.10128372,  1.31129654, -2.52158889]])}]
2017-10-26 22:33:38,762 : -------------------------------------------------------
2017-10-26 22:38:18,016 : [ {'b2': array([[ 0.12302623]]), 'W2': array([[ 1.55069208, -0.29862268,  0.30955728]]), 'W1': array([[-0.02219798,  0.00016742,  0.00629043],
       [ 0.01253393,  0.01030243,  0.00125016],
       [ 0.02159961,  0.0104557 ,  0.01044728]]), 'b1': array([[-0.63064256],
       [ 0.21192068],
       [-0.06390319]])}
 {'b2': array([[ 0.12302623]]), 'W2': array([[ 1.55069208, -0.29862268,  0.30955728]]), 'W1': array([[-0.02219798,  0.00016742,  0.00629043],
       [ 0.01253393,  0.01030243,  0.00125016],
       [ 0.02159961,  0.0104557 ,  0.01044728]]), 'b1': array([[-0.63064256],
       [ 0.21192068],
       [-0.06390319]])}
 {'b2': array([[ 0.12302623]]), 'W2': array([[ 1.55069208, -0.29862268,  0.30955728]]), 'W1': array([[-0.02219798,  0.00016742,  0.00629043],
       [ 0.01253393,  0.01030243,  0.00125016],
       [ 0.02159961,  0.0104557 ,  0.01044728]]), 'b1': array([[-0.63064256],
       [ 0.21192068],
       [-0.06390319]])}
 {'b2': array([[ 0.12302623]]), 'W2': array([[ 1.55069208, -0.29862268,  0.30955728]]), 'W1': array([[-0.02219798,  0.00016742,  0.00629043],
       [ 0.01253393,  0.01030243,  0.00125016],
       [ 0.02159961,  0.0104557 ,  0.01044728]]), 'b1': array([[-0.63064256],
       [ 0.21192068],
       [-0.06390319]])}]
2017-10-26 22:38:18,061 : -------------------------------------------------------
2017-10-26 22:50:23,885 : [ {'b2': array([[ 0.12302623]]), 'W2': array([[ 1.55069208, -0.29862268,  0.30955728]]), 'W1': array([[-0.02219798,  0.00016742,  0.00669633],
       [ 0.01253393,  0.00884111,  0.00125016],
       [ 0.02159961,  0.0165905 ,  0.01044728]]), 'b1': array([[-0.35382945],
       [ 0.21192068],
       [-0.06390319]])}
 {'b2': array([[ 0.12302623]]), 'W2': array([[ 2.15375265, -0.29862268,  0.30955728]]), 'W1': array([[-0.02219798,  0.00016742,  0.00629043],
       [ 0.01253393,  0.01030243,  0.00125016],
       [ 0.02159961,  0.0104557 ,  0.01044728]]), 'b1': array([[-0.63064256],
       [ 0.21192068],
       [-0.06390319]])}
 {'b2': array([[ 0.12302623]]), 'W2': array([[ 1.55069208, -0.29862268,  0.30955728]]), 'W1': array([[-0.02219798,  0.00016742,  0.00629043],
       [ 0.01253393,  0.01030243,  0.00125016],
       [ 0.02159961,  0.0104557 ,  0.01044728]]), 'b1': array([[-0.63064256],
       [ 0.04369388],
       [-0.06390319]])}
 {'b2': array([[ 0.12302623]]), 'W2': array([[ 1.55069208, -0.29862268,  0.30955728]]), 'W1': array([[-0.02219798,  0.00016742,  0.00629043],
       [ 0.01253393,  0.01030243,  0.00125016],
       [ 0.02159961,  0.0104557 ,  0.01044728]]), 'b1': array([[-0.63064256],
       [ 0.21192068],
       [-0.06390319]])}]
2017-10-26 22:50:23,930 : -------------------------------------------------------
2017-10-26 22:58:59,542 : [ {'b2': array([[ 0.12302623]]), 'W2': array([[ 2.15375265, -0.29862268,  0.30955728]]), 'W1': array([[-0.02219798,  0.00016742,  0.00629043],
       [ 0.01511129,  0.01030243,  0.00125016],
       [ 0.02159961,  0.0104557 ,  0.01044728]]), 'b1': array([[-0.63064256],
       [ 0.04369388],
       [-0.06390319]])}
 {'b2': array([[ 0.15784305]]), 'W2': array([[ 1.55069208, -0.29862268,  0.30955728]]), 'W1': array([[-0.02219798,  0.00016742,  0.00629043],
       [ 0.01253393,  0.01030243,  0.00125016],
       [ 0.02159961,  0.0104557 ,  0.01044728]]), 'b1': array([[-0.63064256],
       [ 0.06663971],
       [-0.06390319]])}
 {'b2': array([[ 0.12302623]]), 'W2': array([[ 1.55069208, -0.29862268,  0.33893997]]), 'W1': array([[-0.02219798,  0.00016742,  0.00669633],
       [ 0.01253393,  0.00884111,  0.00125016],
       [ 0.02159961,  0.0165905 ,  0.01044728]]), 'b1': array([[-0.63064256],
       [ 0.04369388],
       [-0.06390319]])}
 {'b2': array([[ 0.12302623]]), 'W2': array([[ 1.55069208, -0.29862268,  0.30955728]]), 'W1': array([[-0.02219798,  0.00016742,  0.00629043],
       [ 0.01253393,  0.01030243,  0.00125016],
       [ 0.02159961,  0.0104557 ,  0.01044728]]), 'b1': array([[-0.63064256],
       [ 0.04369388],
       [-0.06390319]])}]
2017-10-26 22:58:59,588 : -------------------------------------------------------
2017-10-26 23:08:44,087 : [ {'b2': array([[ 0.15973474]]), 'W2': array([[ 2.15375265, -0.29862268,  0.30955728]]), 'W1': array([[-0.02219798,  0.00016742,  0.00629043],
       [ 0.01253393,  0.01030243,  0.01146906],
       [ 0.02017874,  0.0104557 ,  0.01044728]]), 'b1': array([[-0.63064256],
       [ 0.04369388],
       [-0.11388866]])}
 {'b2': array([[ 0.12302623]]), 'W2': array([[ 1.55069208, -0.29862268,  0.30955728]]), 'W1': array([[-0.02219798,  0.00016742,  0.00629043],
       [ 0.01253393,  0.01030243,  0.00125016],
       [ 0.02159961,  0.0104557 ,  0.01044728]]), 'b1': array([[-0.63064256],
       [ 0.04369388],
       [-0.06390319]])}
 {'b2': array([[ 0.15784305]]), 'W2': array([[ 1.55069208, -0.29862268,  0.33893997]]), 'W1': array([[-0.02219798,  0.00016742,  0.00947873],
       [ 0.01253393,  0.00884111,  0.00125016],
       [ 0.02263333,  0.0165905 ,  0.01044728]]), 'b1': array([[-0.63064256],
       [ 0.04369388],
       [-0.06390319]])}
 {'b2': array([[ 0.12302623]]), 'W2': array([[ 1.55069208, -0.29862268,  0.33893997]]), 'W1': array([[-0.02219798,  0.00016742,  0.00669633],
       [ 0.01253393,  0.00884111,  0.00125016],
       [ 0.02159961,  0.0165905 ,  0.01044728]]), 'b1': array([[-0.63064256],
       [-0.07968252],
       [-0.06390319]])}]
2017-10-26 23:08:44,124 : -------------------------------------------------------
2017-10-26 23:19:27,326 : [ {'b2': array([[ 0.15784305]]), 'W2': array([[ 1.55069208, -0.29862268,  0.30955728]]), 'W1': array([[-0.02219798,  0.00016742,  0.00629043],
       [ 0.01253393,  0.01030243,  0.00125016],
       [ 0.02159961,  0.0104557 ,  0.01044728]]), 'b1': array([[-0.63064256],
       [ 0.04369388],
       [-0.06390319]])}
 {'b2': array([[ 0.15973474]]), 'W2': array([[ 2.15375265, -0.29862268,  0.30955728]]), 'W1': array([[-0.02219798,  0.00016742,  0.00629043],
       [ 0.01253393,  0.01030243,  0.01146906],
       [ 0.02017874,  0.0104557 ,  0.01044728]]), 'b1': array([[-0.63064256],
       [ 0.04369388],
       [-0.11388866]])}
 {'b2': array([[ 0.12302623]]), 'W2': array([[ 1.55069208, -0.29862268,  0.30955728]]), 'W1': array([[-0.02219798,  0.00016742,  0.00629043],
       [ 0.01253393,  0.01030243,  0.00125016],
       [ 0.02159961,  0.0104557 ,  0.01044728]]), 'b1': array([[-0.63064256],
       [ 0.04369388],
       [-0.06390319]])}
 {'b2': array([[ 0.12302623]]), 'W2': array([[ 1.55069208, -0.29862268,  0.30955728]]), 'W1': array([[-0.02219798,  0.00016742,  0.00629043],
       [ 0.01253393,  0.01030243,  0.00125016],
       [ 0.02159961,  0.0104557 ,  0.01044728]]), 'b1': array([[-0.63064256],
       [ 0.04369388],
       [-0.06390319]])}]
2017-10-26 23:19:27,380 : -------------------------------------------------------
2017-10-26 23:26:57,951 : [ {'b2': array([[ 0.15973474]]), 'W2': array([[ 1.55069208, -0.29862268,  0.30955728]]), 'W1': array([[-0.02219798,  0.00016742,  0.00629043],
       [ 0.01253393,  0.01421116,  0.00125016],
       [ 0.02159961,  0.0104557 ,  0.01044728]]), 'b1': array([[-0.63064256],
       [ 0.04369388],
       [-0.06390319]])}
 {'b2': array([[ 0.15784305]]), 'W2': array([[ 1.55069208, -0.29862268,  0.30955728]]), 'W1': array([[-0.02219798,  0.00016742,  0.00629043],
       [ 0.0129986 ,  0.01030243,  0.00125016],
       [ 0.02159961,  0.0104557 ,  0.01044728]]), 'b1': array([[-0.63064256],
       [ 0.04369388],
       [-0.06390319]])}
 {'b2': array([[ 0.15784305]]), 'W2': array([[ 1.55069208, -0.29862268,  0.30955728]]), 'W1': array([[-0.02219798,  0.00016742,  0.00629043],
       [ 0.01253393,  0.01030243,  0.00125016],
       [ 0.02159961,  0.0104557 ,  0.01044728]]), 'b1': array([[-0.63064256],
       [ 0.04369388],
       [-0.06390319]])}
 {'b2': array([[ 0.12302623]]), 'W2': array([[ 1.55069208, -0.29862268,  0.30955728]]), 'W1': array([[-0.02219798,  0.00016742,  0.00629043],
       [ 0.01253393,  0.01030243,  0.00125016],
       [ 0.02159961,  0.0104557 ,  0.01044728]]), 'b1': array([[-0.63064256],
       [ 0.04369388],
       [-0.06390319]])}]
2017-10-26 23:26:57,995 : -------------------------------------------------------
2017-10-26 23:37:09,494 : [ {'b2': array([[ 0.17565862]]), 'W2': array([[ 1.55069208, -0.29862268,  0.30955728]]), 'W1': array([[-0.02219798,  0.00016742,  0.00629043],
       [ 0.01253393,  0.01030243,  0.00125016],
       [ 0.02159961,  0.0104557 ,  0.01044728]]), 'b1': array([[-0.63064256],
       [ 0.04369388],
       [-0.06390319]])}
 {'b2': array([[ 0.15784305]]), 'W2': array([[ 1.55069208, -0.29862268,  0.30955728]]), 'W1': array([[-0.02219798,  0.00016742,  0.00629043],
       [ 0.01253393,  0.01030243,  0.00125016],
       [ 0.02159961,  0.0104557 ,  0.01044728]]), 'b1': array([[-0.63064256],
       [ 0.04369388],
       [-0.06390319]])}
 {'b2': array([[ 0.15784305]]), 'W2': array([[ 1.55069208, -0.29862268,  0.30955728]]), 'W1': array([[-0.02219798,  0.00016742,  0.00629043],
       [ 0.0129986 ,  0.01030243,  0.00125016],
       [ 0.02159961,  0.0104557 ,  0.01044728]]), 'b1': array([[-0.63064256],
       [ 0.04369388],
       [-0.06390319]])}
 {'b2': array([[ 0.12302623]]), 'W2': array([[ 1.55069208, -0.29862268,  0.30955728]]), 'W1': array([[-0.02219798,  0.00016742,  0.00629043],
       [ 0.01253393,  0.01030243,  0.00125016],
       [ 0.02159961,  0.0104557 ,  0.01044728]]), 'b1': array([[-0.63064256],
       [ 0.04369388],
       [-0.06390319]])}]
2017-10-26 23:37:09,531 : -------------------------------------------------------
2017-10-26 23:49:17,246 : [ {'b2': array([[ 0.17565862]]), 'W2': array([[ 1.55069208, -0.29862268,  0.30955728]]), 'W1': array([[-0.02219798,  0.00016742,  0.00629043],
       [ 0.01253393,  0.01030243,  0.00125016],
       [ 0.02159961,  0.0104557 ,  0.01044728]]), 'b1': array([[-0.63064256],
       [ 0.04369388],
       [-0.06390319]])}
 {'b2': array([[ 0.15784305]]), 'W2': array([[ 1.55069208, -0.29862268,  0.30955728]]), 'W1': array([[-0.02219798,  0.00016742,  0.00629043],
       [ 0.0129986 ,  0.01030243,  0.00125016],
       [ 0.02159961,  0.0104557 ,  0.01044728]]), 'b1': array([[-0.63064256],
       [ 0.04369388],
       [-0.06390319]])}
 {'b2': array([[ 0.17565862]]), 'W2': array([[ 1.55069208, -0.29862268,  0.30955728]]), 'W1': array([[-0.02219798,  0.00016742,  0.00629043],
       [ 0.0129986 ,  0.01030243,  0.00125016],
       [ 0.02159961,  0.0104557 ,  0.01044728]]), 'b1': array([[-0.63064256],
       [ 0.04369388],
       [-0.06390319]])}
 {'b2': array([[ 0.15784305]]), 'W2': array([[ 1.55069208, -0.29862268,  0.30955728]]), 'W1': array([[-0.0158323 ,  0.00016742,  0.00629043],
       [ 0.0129986 ,  0.01030243,  0.00125016],
       [ 0.02932923,  0.0104557 ,  0.01044728]]), 'b1': array([[-0.63064256],
       [ 0.04369388],
       [-0.06390319]])}]
2017-10-26 23:49:17,285 : -------------------------------------------------------
2017-10-27 00:00:29,026 : [ {'b2': array([[ 0.17565862]]), 'W2': array([[ 1.55069208, -0.29862268,  0.30955728]]), 'W1': array([[-0.02219798,  0.00016742,  0.00629043],
       [ 0.01253393,  0.01030243,  0.00125016],
       [ 0.02159961,  0.00567309,  0.01044728]]), 'b1': array([[-0.63064256],
       [ 0.04369388],
       [-0.06390319]])}
 {'b2': array([[ 0.15784305]]), 'W2': array([[ 1.55069208, -0.29862268,  0.30955728]]), 'W1': array([[-0.0158323 ,  0.00016742,  0.00629043],
       [ 0.0129986 ,  0.01030243,  0.00125016],
       [ 0.02932923,  0.0104557 ,  0.01044728]]), 'b1': array([[-0.63064256],
       [ 0.04369388],
       [-0.06390319]])}
 {'b2': array([[ 0.17565862]]), 'W2': array([[ 1.55069208, -0.29862268,  0.30955728]]), 'W1': array([[-0.02219798,  0.00016742,  0.00629043],
       [ 0.0129986 ,  0.01030243,  0.00393917],
       [ 0.02159961,  0.0104557 ,  0.01044728]]), 'b1': array([[-0.63064256],
       [ 0.04369388],
       [-0.06390319]])}
 {'b2': array([[ 0.17565862]]), 'W2': array([[ 1.55069208, -0.29862268,  0.30955728]]), 'W1': array([[-0.02219798,  0.00016742,  0.00629043],
       [ 0.0129986 ,  0.01030243,  0.00125016],
       [ 0.02159961,  0.0104557 ,  0.01044728]]), 'b1': array([[-0.63064256],
       [ 0.04369388],
       [-0.06390319]])}]
2017-10-27 00:00:29,066 : -------------------------------------------------------
2017-10-27 00:07:48,636 : [ {'b2': array([[ 0.17565862]]), 'W2': array([[ 1.55069208, -0.29862268,  0.30955728]]), 'W1': array([[-0.02219798,  0.00016742,  0.00629043],
       [ 0.0129986 ,  0.01030243,  0.00125016],
       [ 0.02159961,  0.0104557 ,  0.01044728]]), 'b1': array([[-0.63064256],
       [ 0.04369388],
       [-0.06390319]])}
 {'b2': array([[ 0.17565862]]), 'W2': array([[ 1.55069208, -0.29862268,  0.30955728]]), 'W1': array([[-0.02219798,  0.00016742,  0.00629043],
       [ 0.01253393,  0.01030243,  0.00125016],
       [ 0.02159961,  0.00567309,  0.01044728]]), 'b1': array([[-0.63064256],
       [ 0.04369388],
       [-0.06390319]])}
 {'b2': array([[ 0.17565862]]), 'W2': array([[ 1.55069208, -0.29862268,  0.30955728]]), 'W1': array([[-0.02219798,  0.00016742,  0.00629043],
       [ 0.0129986 ,  0.01030243,  0.00393917],
       [ 0.02159961,  0.0104557 ,  0.01044728]]), 'b1': array([[-0.63064256],
       [ 0.04369388],
       [-0.06390319]])}
 {'b2': array([[ 0.17565862]]), 'W2': array([[ 1.55069208, -0.29862268,  0.30955728]]), 'W1': array([[-0.02219798,  0.00016742,  0.012666  ],
       [ 0.01253393,  0.01030243,  0.00125016],
       [ 0.02932923,  0.0104557 ,  0.02036391]]), 'b1': array([[-0.63064256],
       [ 0.04369388],
       [-0.06390319]])}]
2017-10-27 00:07:48,682 : -------------------------------------------------------
2017-10-27 00:15:17,441 : [ {'b2': array([[ 0.17565862]]), 'W2': array([[ 1.55069208, -0.29862268,  0.30955728]]), 'W1': array([[-0.02219798,  0.00016742,  0.00629043],
       [ 0.01253393,  0.01030243,  0.00125016],
       [ 0.02159961,  0.00567309,  0.01044728]]), 'b1': array([[-0.63064256],
       [ 0.04369388],
       [-0.06390319]])}
 {'b2': array([[ 0.17565862]]), 'W2': array([[ 1.55069208, -0.29862268,  0.30955728]]), 'W1': array([[-0.02219798,  0.00016742,  0.012666  ],
       [ 0.01253393,  0.01030243,  0.00125016],
       [ 0.02932923,  0.0104557 ,  0.02036391]]), 'b1': array([[-0.63064256],
       [ 0.04369388],
       [-0.06390319]])}
 {'b2': array([[ 0.17565862]]), 'W2': array([[ 1.55069208, -0.29862268,  0.30955728]]), 'W1': array([[-0.02219798,  0.00016742,  0.00629043],
       [ 0.0129986 ,  0.01030243,  0.00393917],
       [ 0.02159961,  0.0104557 ,  0.01044728]]), 'b1': array([[-0.63064256],
       [ 0.04369388],
       [-0.06390319]])}
 {'b2': array([[ 0.17565862]]), 'W2': array([[ 1.55069208, -0.29862268,  0.30955728]]), 'W1': array([[-0.02062025,  0.00016742,  0.00629043],
       [ 0.0129986 ,  0.01030243,  0.0043464 ],
       [ 0.02159961,  0.0104557 ,  0.01044728]]), 'b1': array([[-0.72054109],
       [ 0.04369388],
       [-0.00290758]])}]
2017-10-27 00:15:17,487 : -------------------------------------------------------
2017-10-27 00:22:46,490 : [ {'b2': array([[ 0.17565862]]), 'W2': array([[ 1.55069208, -0.29862268,  0.30955728]]), 'W1': array([[-0.02219798,  0.00016742,  0.00629043],
       [ 0.0129986 ,  0.01030243,  0.00393917],
       [ 0.02159961,  0.0104557 ,  0.01044728]]), 'b1': array([[-0.63064256],
       [ 0.04369388],
       [-0.06390319]])}
 {'b2': array([[ 0.17565862]]), 'W2': array([[ 1.55069208, -0.29862268,  0.30955728]]), 'W1': array([[-0.02062025,  0.00016742,  0.00629043],
       [ 0.0129986 ,  0.01030243,  0.0043464 ],
       [ 0.02300561,  0.0104557 ,  0.01044728]]), 'b1': array([[-0.63064256],
       [ 0.04369388],
       [-0.00290758]])}
 {'b2': array([[ 0.17565862]]), 'W2': array([[ 1.55069208, -0.29862268,  0.30955728]]), 'W1': array([[-0.02062025,  0.00016742,  0.00629043],
       [ 0.0129986 ,  0.01030243,  0.0043464 ],
       [ 0.02159961,  0.0104557 ,  0.01044728]]), 'b1': array([[-0.72054109],
       [ 0.04369388],
       [-0.00290758]])}
 {'b2': array([[ 0.17565862]]), 'W2': array([[ 1.55069208, -0.29862268,  0.30955728]]), 'W1': array([[-0.02219798,  0.00016742,  0.012666  ],
       [ 0.01253393,  0.01030243,  0.00125016],
       [ 0.02932923,  0.0104557 ,  0.02036391]]), 'b1': array([[-0.63064256],
       [ 0.04369388],
       [-0.06390319]])}]
2017-10-27 00:22:46,528 : -------------------------------------------------------
2017-10-27 00:33:13,829 : [ {'b2': array([[ 0.17565862]]), 'W2': array([[ 1.55069208, -0.29862268,  0.30955728]]), 'W1': array([[-0.02062025,  0.00016742,  0.00629043],
       [ 0.0129986 ,  0.01030243,  0.0043464 ],
       [ 0.02300561,  0.0104557 ,  0.01044728]]), 'b1': array([[-0.63064256],
       [ 0.04369388],
       [-0.00290758]])}
 {'b2': array([[ 0.17565862]]), 'W2': array([[ 1.55069208, -0.29862268,  0.30955728]]), 'W1': array([[-0.02219798,  0.00016742,  0.00629043],
       [ 0.0129986 ,  0.01030243,  0.00393917],
       [ 0.02159961,  0.0104557 ,  0.01044728]]), 'b1': array([[-0.63064256],
       [ 0.04369388],
       [-0.06390319]])}
 {'b2': array([[ 0.17565862]]), 'W2': array([[ 1.55069208, -0.29862268,  0.30955728]]), 'W1': array([[-0.01468018,  0.00016742,  0.00629043],
       [ 0.0129986 ,  0.01030243,  0.0024981 ],
       [ 0.02300561,  0.0104557 ,  0.01539381]]), 'b1': array([[-0.63064256],
       [ 0.04369388],
       [-0.00290758]])}
 {'b2': array([[ 0.17565862]]), 'W2': array([[ 1.55069208, -0.29862268,  0.30955728]]), 'W1': array([[-0.02062025,  0.00016742,  0.00629043],
       [ 0.0129986 ,  0.01030243,  0.0043464 ],
       [ 0.02300561,  0.0104557 ,  0.01044728]]), 'b1': array([[-0.63064256],
       [ 0.04369388],
       [-0.00290758]])}]
2017-10-27 00:33:13,870 : -------------------------------------------------------
2017-10-27 00:41:01,016 : [ {'b2': array([[ 0.17565862]]), 'W2': array([[ 1.55069208, -0.29862268,  0.30955728]]), 'W1': array([[-0.02062025,  0.00016742,  0.00629043],
       [ 0.0129986 ,  0.01030243,  0.0043464 ],
       [ 0.02300561,  0.0104557 ,  0.01044728]]), 'b1': array([[-0.63064256],
       [ 0.04369388],
       [-0.00290758]])}
 {'b2': array([[ 0.17565862]]), 'W2': array([[ 1.55069208, -0.29862268,  0.30955728]]), 'W1': array([[-0.02062025,  0.00016742,  0.00629043],
       [ 0.0129986 ,  0.01030243,  0.0043464 ],
       [ 0.02300561,  0.0104557 ,  0.01044728]]), 'b1': array([[-0.63064256],
       [ 0.04369388],
       [-0.00290758]])}
 {'b2': array([[ 0.17565862]]), 'W2': array([[ 1.55069208, -0.29862268,  0.30955728]]), 'W1': array([[-0.02062025,  0.00016742,  0.00629043],
       [ 0.0129986 ,  0.01030243,  0.0043464 ],
       [ 0.02300561,  0.0104557 ,  0.02594371]]), 'b1': array([[-0.63064256],
       [ 0.04369388],
       [-0.00290758]])}
 {'b2': array([[ 0.17565862]]), 'W2': array([[ 1.55069208, -0.29862268,  0.30955728]]), 'W1': array([[-0.02219798,  0.00016742,  0.00629043],
       [ 0.0129986 ,  0.01030243,  0.00393917],
       [ 0.02159961,  0.0104557 ,  0.01044728]]), 'b1': array([[-0.63064256],
       [ 0.04369388],
       [-0.06390319]])}]
2017-10-27 00:41:01,058 : -------------------------------------------------------
2017-10-27 00:49:29,900 : [ {'b2': array([[ 0.17565862]]), 'W2': array([[ 1.55069208, -0.29862268,  0.30955728]]), 'W1': array([[-0.02062025,  0.00016742,  0.00629043],
       [ 0.01217582,  0.01030243,  0.0043464 ],
       [ 0.02300561,  0.0104557 ,  0.01044728]]), 'b1': array([[-0.63064256],
       [ 0.04369388],
       [-0.00290758]])}
 {'b2': array([[ 0.17565862]]), 'W2': array([[ 1.55069208, -0.29862268,  0.30955728]]), 'W1': array([[-0.02062025,  0.00016742,  0.00629043],
       [ 0.0129986 ,  0.01030243,  0.00229812],
       [ 0.02300561,  0.0104557 ,  0.01044728]]), 'b1': array([[-0.63064256],
       [ 0.08576814],
       [-0.00290758]])}
 {'b2': array([[ 0.12243072]]), 'W2': array([[ 1.55069208, -0.29862268,  0.30955728]]), 'W1': array([[-0.02668628,  0.00016742,  0.00628213],
       [ 0.0129986 ,  0.01030243,  0.0043464 ],
       [ 0.02300561,  0.0104557 ,  0.01976794]]), 'b1': array([[-0.17735564],
       [ 0.04369388],
       [-0.06390319]])}
 {'b2': array([[ 0.17565862]]), 'W2': array([[ 1.55069208, -0.29862268,  0.30955728]]), 'W1': array([[-0.02062025,  0.00016742,  0.00629043],
       [ 0.0129986 ,  0.01030243,  0.0043464 ],
       [ 0.02300561,  0.0104557 ,  0.01044728]]), 'b1': array([[-0.63064256],
       [ 0.04369388],
       [-0.00290758]])}]
2017-10-27 00:49:29,940 : -------------------------------------------------------
2017-10-27 01:00:56,911 : [ {'b2': array([[ 0.17565862]]), 'W2': array([[ 1.55069208, -0.29862268,  0.30955728]]), 'W1': array([[-0.02062025,  0.00016742,  0.00629043],
       [ 0.01217582,  0.01347761,  0.0043464 ],
       [ 0.02300561,  0.0104557 ,  0.01044728]]), 'b1': array([[-0.63064256],
       [ 0.04369388],
       [-0.00290758]])}
 {'b2': array([[ 0.12243072]]), 'W2': array([[ 1.55069208, -0.29862268,  0.30955728]]), 'W1': array([[-0.02668628,  0.00016742,  0.00628213],
       [ 0.0129986 ,  0.01030243,  0.0043464 ],
       [ 0.02300561,  0.0104557 ,  0.01976794]]), 'b1': array([[-0.17735564],
       [ 0.04369388],
       [-0.06390319]])}
 {'b2': array([[ 0.17565862]]), 'W2': array([[ 1.55069208, -0.29862268,  0.30955728]]), 'W1': array([[-0.02062025,  0.00016742,  0.00629043],
       [ 0.0129986 ,  0.01030243,  0.00229812],
       [ 0.02300561,  0.0104557 ,  0.01044728]]), 'b1': array([[-0.63064256],
       [ 0.08576814],
       [-0.00290758]])}
 {'b2': array([[ 0.17565862]]), 'W2': array([[ 1.55069208, -0.29862268,  0.30955728]]), 'W1': array([[-0.02062025, -0.00196085,  0.00629043],
       [ 0.0129986 ,  0.01030243,  0.00229812],
       [ 0.02300561,  0.0104557 ,  0.01044728]]), 'b1': array([[-0.63064256],
       [ 0.04369388],
       [ 0.14925723]])}]
2017-10-27 01:00:56,961 : -------------------------------------------------------
2017-10-27 01:11:35,503 : [ {'b2': array([[ 0.17565862]]), 'W2': array([[ 1.55069208, -0.29862268,  0.30955728]]), 'W1': array([[-0.02062025,  0.00016742,  0.00629043],
       [ 0.0129986 ,  0.01030243,  0.00229812],
       [ 0.02300561,  0.01320554,  0.01044728]]), 'b1': array([[-0.63064256],
       [ 0.04369388],
       [-0.00290758]])}
 {'b2': array([[ 0.17565862]]), 'W2': array([[ 1.55069208, -0.29862268,  0.30955728]]), 'W1': array([[-0.02668628,  0.00016742,  0.00628213],
       [ 0.0129986 ,  0.01271602,  0.0043464 ],
       [ 0.02300561,  0.0104557 ,  0.01976794]]), 'b1': array([[-0.17735564],
       [ 0.04369388],
       [-0.00290758]])}
 {'b2': array([[ 0.17565862]]), 'W2': array([[ 1.55069208, -0.29862268,  0.30955728]]), 'W1': array([[-0.02062025,  0.00016742,  0.00629043],
       [ 0.00226537,  0.01030243,  0.00229812],
       [ 0.02300561,  0.0104557 ,  0.01044728]]), 'b1': array([[-0.63064256],
       [ 0.08576814],
       [-0.00290758]])}
 {'b2': array([[ 0.17565862]]), 'W2': array([[ 1.55069208, -0.29862268,  0.30955728]]), 'W1': array([[-0.02062025,  0.00016742,  0.00629043],
       [ 0.01217582,  0.01347761,  0.0043464 ],
       [ 0.02300561,  0.0104557 ,  0.01044728]]), 'b1': array([[-0.63064256],
       [ 0.04369388],
       [-0.00290758]])}]
2017-10-27 01:11:35,552 : -------------------------------------------------------
2017-10-27 01:20:28,230 : [ {'b2': array([[ 0.17565862]]), 'W2': array([[ 1.55069208, -0.29862268,  0.30955728]]), 'W1': array([[-0.02062025,  0.00016742,  0.00629043],
       [ 0.00226537,  0.01030243,  0.00229812],
       [ 0.02300561,  0.0104557 ,  0.01044728]]), 'b1': array([[-0.63064256],
       [ 0.08576814],
       [-0.00290758]])}
 {'b2': array([[ 0.17565862]]), 'W2': array([[ 1.55069208, -0.29862268,  0.30955728]]), 'W1': array([[-0.02062025,  0.00016742,  0.00629043],
       [ 0.01217582,  0.01347761,  0.0043464 ],
       [ 0.02300561,  0.0104557 ,  0.01044728]]), 'b1': array([[-0.63064256],
       [ 0.04369388],
       [-0.00290758]])}
 {'b2': array([[ 0.17565862]]), 'W2': array([[ 1.55069208, -0.29862268,  0.30955728]]), 'W1': array([[-0.02062025,  0.00016742,  0.00629043],
       [ 0.0129986 ,  0.01030243,  0.00229812],
       [ 0.02300561,  0.01320554,  0.01044728]]), 'b1': array([[-0.63064256],
       [ 0.04369388],
       [-0.00290758]])}
 {'b2': array([[ 0.17565862]]), 'W2': array([[ 1.55069208, -0.29862268,  0.30955728]]), 'W1': array([[-0.02668628,  0.00016742,  0.00628213],
       [ 0.0129986 ,  0.01271602,  0.0043464 ],
       [ 0.02300561,  0.0104557 ,  0.01976794]]), 'b1': array([[-0.63064256],
       [ 0.37168521],
       [-0.00290758]])}]
2017-10-27 01:20:28,279 : -------------------------------------------------------
2017-10-27 01:28:48,333 : [ {'b2': array([[ 0.17565862]]), 'W2': array([[ 1.55069208, -0.29862268,  0.30955728]]), 'W1': array([[-0.02062025,  0.00016742,  0.00629043],
       [ 0.00226537,  0.01030243,  0.00229812],
       [ 0.02300561,  0.00956103,  0.01044728]]), 'b1': array([[-0.63064256],
       [ 0.08576814],
       [-0.00290758]])}
 {'b2': array([[ 0.17565862]]), 'W2': array([[ 1.55069208, -0.29862268,  0.30955728]]), 'W1': array([[-0.02062025,  0.00016742,  0.00629043],
       [ 0.00226537,  0.01030243,  0.00229812],
       [ 0.02300561,  0.0104557 ,  0.01976794]]), 'b1': array([[-0.63064256],
       [ 0.4543091 ],
       [-0.00290758]])}
 {'b2': array([[ 0.17565862]]), 'W2': array([[ 1.55069208, -0.29862268,  0.30955728]]), 'W1': array([[-0.02062025,  0.00016742,  0.00629043],
       [ 0.0129986 ,  0.01030243,  0.00229812],
       [ 0.02300561,  0.01320554,  0.01044728]]), 'b1': array([[-0.63064256],
       [ 0.04369388],
       [-0.00290758]])}
 {'b2': array([[ 0.17565862]]), 'W2': array([[ 1.55069208, -0.29862268,  0.30955728]]), 'W1': array([[-0.02062025,  0.00016742,  0.00629043],
       [ 0.00334914,  0.01030243,  0.00229812],
       [ 0.02300561,  0.01320554,  0.01044728]]), 'b1': array([[-0.63064256],
       [ 0.08576814],
       [-0.00290758]])}]
2017-10-27 01:28:48,372 : -------------------------------------------------------
2017-10-27 01:38:28,212 : [ {'b2': array([[ 0.17565862]]), 'W2': array([[ 1.55069208, -0.29862268,  0.30955728]]), 'W1': array([[-0.02062025,  0.00016742,  0.00629043],
       [ 0.00226537,  0.01030243,  0.00229812],
       [ 0.02300561,  0.0104557 ,  0.01976794]]), 'b1': array([[-0.63064256],
       [ 0.4543091 ],
       [-0.00290758]])}
 {'b2': array([[ 0.17565862]]), 'W2': array([[ 1.55069208, -0.29862268,  0.30955728]]), 'W1': array([[-0.02062025,  0.00016742,  0.00629043],
       [ 0.00226537,  0.01030243,  0.00229812],
       [ 0.02300561,  0.0104557 ,  0.02521233]]), 'b1': array([[-0.63064256],
       [ 0.4543091 ],
       [-0.00290758]])}
 {'b2': array([[ 0.17565862]]), 'W2': array([[ 1.55069208, -0.29862268,  0.30955728]]), 'W1': array([[-0.02062025,  0.00016742,  0.00629043],
       [ 0.0129986 ,  0.01030243,  0.00229812],
       [ 0.02300561,  0.0104557 ,  0.01976794]]), 'b1': array([[-0.63064256],
       [ 0.04369388],
       [-0.00290758]])}
 {'b2': array([[ 0.17565862]]), 'W2': array([[ 1.55069208, -0.29862268,  0.30955728]]), 'W1': array([[-0.02062025,  0.00016742,  0.00629043],
       [ 0.0129986 ,  0.01030243,  0.00229812],
       [ 0.02300561,  0.01320554,  0.01044728]]), 'b1': array([[-0.63064256],
       [ 0.04369388],
       [-0.00290758]])}]
2017-10-27 01:38:28,253 : -------------------------------------------------------
2017-10-27 01:48:44,765 : [ {'b2': array([[ 0.17565862]]), 'W2': array([[ 1.55069208, -0.29862268,  0.30955728]]), 'W1': array([[-0.02062025,  0.00016742,  0.00629043],
       [ 0.00226537,  0.01030243,  0.00229812],
       [ 0.02300561,  0.01320554,  0.01044728]]), 'b1': array([[-0.63064256],
       [ 0.04369388],
       [-0.00290758]])}
 {'b2': array([[ 0.17565862]]), 'W2': array([[ 1.55069208, -0.29862268,  0.30955728]]), 'W1': array([[-0.02062025,  0.00016742,  0.00961395],
       [ 0.00226537,  0.00990505,  0.00229812],
       [ 0.02300561,  0.0104557 ,  0.01976794]]), 'b1': array([[-0.63064256],
       [ 0.33336706],
       [ 0.02182637]])}
 {'b2': array([[ 0.17565862]]), 'W2': array([[ 1.55069208, -0.29862268,  0.30955728]]), 'W1': array([[-0.02062025,  0.00016742,  0.00629043],
       [ 0.0129986 ,  0.01030243,  0.00229812],
       [ 0.02300561,  0.01320554,  0.01044728]]), 'b1': array([[-0.63064256],
       [ 0.04369388],
       [-0.00290758]])}
 {'b2': array([[ 0.17565862]]), 'W2': array([[ 1.55069208, -0.29862268,  0.30955728]]), 'W1': array([[-0.02062025,  0.00016742,  0.00629043],
       [ 0.0129986 ,  0.01030243,  0.00229812],
       [ 0.02300561,  0.0104557 ,  0.01976794]]), 'b1': array([[-0.63064256],
       [ 0.04369388],
       [-0.00290758]])}]
2017-10-27 01:48:44,809 : -------------------------------------------------------
2017-10-27 01:56:12,784 : [ {'b2': array([[ 0.17565862]]), 'W2': array([[ 1.55069208, -0.29862268,  0.30955728]]), 'W1': array([[-0.02062025,  0.00016742,  0.00629043],
       [ 0.0129986 ,  0.01030243,  0.00229812],
       [ 0.02300561,  0.01320554,  0.01044728]]), 'b1': array([[-0.63064256],
       [ 0.04369388],
       [-0.00290758]])}
 {'b2': array([[ 0.17565862]]), 'W2': array([[ 1.55069208, -0.29862268,  0.30955728]]), 'W1': array([[-0.02062025,  0.00016742,  0.00629043],
       [ 0.00494778,  0.01030243,  0.00229812],
       [ 0.02300561,  0.01320554,  0.01044728]]), 'b1': array([[-0.63064256],
       [ 0.17254772],
       [-0.00290758]])}
 {'b2': array([[ 0.17565862]]), 'W2': array([[ 1.55069208, -0.29862268,  0.30955728]]), 'W1': array([[-0.02062025,  0.00016742,  0.00629043],
       [ 0.0129986 ,  0.01030243,  0.00229812],
       [ 0.01775456,  0.01770578,  0.00856553]]), 'b1': array([[-0.63064256],
       [ 0.21051172],
       [-0.00290758]])}
 {'b2': array([[ 0.17565862]]), 'W2': array([[ 1.55069208, -0.29862268,  0.30955728]]), 'W1': array([[-0.02062025,  0.00016742,  0.00629043],
       [ 0.00226537,  0.01030243,  0.00229812],
       [ 0.02300561,  0.01320554,  0.01044728]]), 'b1': array([[-0.63064256],
       [ 0.04369388],
       [-0.00290758]])}]
2017-10-27 01:56:12,830 : -------------------------------------------------------
2017-10-27 02:06:54,076 : [ {'b2': array([[ 0.17565862]]), 'W2': array([[ 1.55069208, -0.29862268,  0.30955728]]), 'W1': array([[-0.02062025,  0.00016742,  0.00629043],
       [ 0.00494778,  0.01030243,  0.00229812],
       [ 0.02300561,  0.01320554,  0.01044728]]), 'b1': array([[-0.63064256],
       [ 0.17254772],
       [-0.00290758]])}
 {'b2': array([[ 0.17565862]]), 'W2': array([[ 1.55069208, -0.29862268,  0.30955728]]), 'W1': array([[-0.02062025,  0.00016742,  0.00629043],
       [ 0.00226537,  0.01030243,  0.00229812],
       [ 0.02300561,  0.01320554,  0.01044728]]), 'b1': array([[-0.63064256],
       [ 0.04369388],
       [-0.00290758]])}
 {'b2': array([[ 0.17565862]]), 'W2': array([[ 1.55069208, -0.29862268,  0.30955728]]), 'W1': array([[-0.02062025,  0.00016742,  0.00629043],
       [ 0.0129986 ,  0.01030243,  0.00229812],
       [ 0.01775456,  0.01770578,  0.00856553]]), 'b1': array([[-0.63064256],
       [ 0.21051172],
       [-0.00290758]])}
 {'b2': array([[ 0.17565862]]), 'W2': array([[ 1.51010278, -0.29862268,  0.30955728]]), 'W1': array([[-0.02062025,  0.00016742,  0.00629043],
       [ 0.01298943,  0.0098609 ,  0.00229812],
       [ 0.02300561,  0.01320554,  0.01044728]]), 'b1': array([[-0.63064256],
       [ 0.04369388],
       [-0.00290758]])}]
2017-10-27 02:06:54,122 : -------------------------------------------------------
2017-10-27 02:18:25,411 : [ {'b2': array([[ 0.17565862]]), 'W2': array([[ 1.55069208, -0.29862268,  0.30955728]]), 'W1': array([[-0.02062025,  0.00099471,  0.00629043],
       [ 0.00494778,  0.01030243,  0.00229812],
       [ 0.02300561,  0.01216102,  0.01044728]]), 'b1': array([[-0.63064256],
       [ 0.04369388],
       [-0.00290758]])}
 {'b2': array([[ 0.17565862]]), 'W2': array([[ 1.98365371, -0.29862268,  0.30955728]]), 'W1': array([[-0.02062025,  0.00016742,  0.00629043],
       [ 0.0129986 ,  0.01030243,  0.00106789],
       [ 0.02300561,  0.01320554,  0.01044728]]), 'b1': array([[-0.63064256],
       [ 0.04369388],
       [-0.00290758]])}
 {'b2': array([[ 0.17565862]]), 'W2': array([[ 1.55069208, -0.29862268,  0.30955728]]), 'W1': array([[-0.02062025,  0.00016742,  0.00629043],
       [ 0.0129986 ,  0.01030243,  0.00229812],
       [ 0.01775456,  0.01770578,  0.00856553]]), 'b1': array([[-0.63064256],
       [ 0.21051172],
       [-0.00290758]])}
 {'b2': array([[ 0.17565862]]), 'W2': array([[ 1.55069208, -0.29862268,  0.30955728]]), 'W1': array([[-0.02062025,  0.00016742,  0.00629043],
       [ 0.00226537,  0.01030243,  0.00229812],
       [ 0.02300561,  0.01320554,  0.01044728]]), 'b1': array([[-0.63064256],
       [ 0.04369388],
       [-0.00290758]])}]
2017-10-27 02:18:25,455 : -------------------------------------------------------
2017-10-27 02:27:54,344 : [ {'b2': array([[ 0.17565862]]), 'W2': array([[ 1.55069208, -0.29862268,  0.30955728]]), 'W1': array([[-0.02062025,  0.00016742,  0.00629043],
       [ 0.00226537,  0.01030243,  0.00229812],
       [ 0.02300561,  0.01320554,  0.01044728]]), 'b1': array([[-0.63064256],
       [ 0.04369388],
       [-0.00290758]])}
 {'b2': array([[ 0.17565862]]), 'W2': array([[ 1.98365371, -0.29862268,  0.30955728]]), 'W1': array([[-0.02062025,  0.00016742,  0.00629043],
       [ 0.0129986 ,  0.01030243,  0.00106789],
       [ 0.02300561,  0.01320554,  0.01249204]]), 'b1': array([[-0.63064256],
       [ 0.04369388],
       [-0.00290758]])}
 {'b2': array([[ 0.21587711]]), 'W2': array([[ 1.55069208, -0.29862268,  0.30955728]]), 'W1': array([[-0.02062025,  0.00016742,  0.00921928],
       [ 0.00494778,  0.01030243,  0.00229812],
       [ 0.02300561,  0.01216102,  0.01044728]]), 'b1': array([[-0.63064256],
       [ 0.21051172],
       [-0.00290758]])}
 {'b2': array([[ 0.17565862]]), 'W2': array([[ 1.55069208, -0.29862268,  0.30955728]]), 'W1': array([[-0.02062025,  0.00099471,  0.00629043],
       [ 0.00494778,  0.01030243,  0.00229812],
       [ 0.02300561,  0.01216102,  0.01044728]]), 'b1': array([[-0.63064256],
       [ 0.04369388],
       [-0.00290758]])}]
2017-10-27 02:27:54,387 : -------------------------------------------------------
2017-10-27 02:38:45,151 : [ {'b2': array([[ 0.17565862]]), 'W2': array([[ 1.55069208, -0.29862268,  0.30955728]]), 'W1': array([[-0.02062025,  0.00099471,  0.00629043],
       [ 0.00494778,  0.01030243,  0.00229812],
       [ 0.02300561,  0.01216102,  0.01044728]]), 'b1': array([[-0.63064256],
       [ 0.04369388],
       [-0.00290758]])}
 {'b2': array([[ 0.17565862]]), 'W2': array([[ 1.98365371, -0.29862268,  0.30955728]]), 'W1': array([[-0.02062025,  0.00016742,  0.00629043],
       [ 0.0129986 ,  0.01030243,  0.00106789],
       [ 0.02300561,  0.01320554,  0.01249204]]), 'b1': array([[-0.63064256],
       [ 0.04369388],
       [-0.00290758]])}
 {'b2': array([[ 0.17565862]]), 'W2': array([[ 1.55069208, -0.31474498,  0.30955728]]), 'W1': array([[-0.02014925,  0.00016742,  0.00629043],
       [ 0.0129986 ,  0.01030243,  0.00106789],
       [ 0.02300561,  0.01320554,  0.01249204]]), 'b1': array([[-0.63064256],
       [ 0.04369388],
       [-0.00290758]])}
 {'b2': array([[ 0.17565862]]), 'W2': array([[ 1.55069208, -0.29862268,  0.30955728]]), 'W1': array([[-0.02062025,  0.00016742,  0.00629043],
       [ 0.00226537,  0.01030243,  0.00229812],
       [ 0.02300561,  0.01320554,  0.01044728]]), 'b1': array([[-0.63064256],
       [ 0.04369388],
       [-0.00290758]])}]
2017-10-27 02:38:45,195 : -------------------------------------------------------
2017-10-27 02:49:57,706 : [ {'b2': array([[ 0.18089885]]), 'W2': array([[ 1.55069208, -0.29862268,  0.30955728]]), 'W1': array([[-0.02241802,  0.00016742,  0.00638244],
       [ 0.00226537,  0.01030243,  0.00229812],
       [ 0.02300561,  0.01320554,  0.01044728]]), 'b1': array([[-0.63064256],
       [ 0.04369388],
       [-0.00290758]])}
 {'b2': array([[ 0.17565862]]), 'W2': array([[ 1.70156981, -0.29862268,  0.30955728]]), 'W1': array([[-0.02062025,  0.00016742,  0.00629043],
       [ 0.00226537,  0.01030243,  0.00229812],
       [ 0.02300561,  0.01320554,  0.01044728]]), 'b1': array([[-0.63064256],
       [ 0.04369388],
       [-0.00290758]])}
 {'b2': array([[ 0.17565862]]), 'W2': array([[ 1.55069208, -0.31474498,  0.30955728]]), 'W1': array([[-0.02062025,  0.00016742,  0.00629043],
       [ 0.0129986 ,  0.01030243, -0.00828653],
       [ 0.02300561,  0.01320554,  0.01249204]]), 'b1': array([[-0.63064256],
       [ 0.04369388],
       [-0.00290758]])}
 {'b2': array([[ 0.17565862]]), 'W2': array([[ 1.55069208, -0.29862268,  0.30955728]]), 'W1': array([[-0.02062025,  0.00099471,  0.00629043],
       [ 0.00494778,  0.01030243,  0.00229812],
       [ 0.02300561,  0.01216102,  0.01044728]]), 'b1': array([[-0.63064256],
       [ 0.04369388],
       [-0.00290758]])}]
2017-10-27 02:49:57,750 : -------------------------------------------------------
2017-10-27 02:59:52,408 : [ {'b2': array([[ 0.17565862]]), 'W2': array([[ 1.70156981, -0.29862268,  0.30955728]]), 'W1': array([[-0.02062025,  0.00016742,  0.00629043],
       [ 0.00226537,  0.01030243,  0.00229812],
       [ 0.02300561,  0.01320554,  0.01044728]]), 'b1': array([[-0.63064256],
       [ 0.04369388],
       [-0.00290758]])}
 {'b2': array([[ 0.17565862]]), 'W2': array([[ 1.55069208, -0.31474498,  0.30955728]]), 'W1': array([[-0.02062025,  0.00016742,  0.00629043],
       [ 0.0129986 ,  0.01030243, -0.00828653],
       [ 0.02300561,  0.01320554,  0.01249204]]), 'b1': array([[-0.63064256],
       [ 0.04369388],
       [-0.00290758]])}
 {'b2': array([[ 0.17565862]]), 'W2': array([[ 1.70156981, -0.29862268,  0.30955728]]), 'W1': array([[-0.02062025,  0.00016742,  0.00629043],
       [ 0.00226537,  0.01030243,  0.00229812],
       [ 0.02300561,  0.01320554,  0.01044728]]), 'b1': array([[-0.63064256],
       [ 0.04369388],
       [-0.00290758]])}
 {'b2': array([[ 0.17565862]]), 'W2': array([[ 1.55069208, -0.29862268,  0.30955728]]), 'W1': array([[-0.02062025,  0.00099471,  0.00610215],
       [ 0.00494778,  0.01030243,  0.00229812],
       [ 0.02300561,  0.01216102,  0.01018195]]), 'b1': array([[-0.63064256],
       [-0.0854964 ],
       [-0.00290758]])}]
2017-10-27 02:59:52,452 : -------------------------------------------------------
2017-10-27 03:06:41,285 : [ {'b2': array([[ 0.17565862]]), 'W2': array([[ 1.55069208, -0.31474498,  0.30955728]]), 'W1': array([[-0.02062025,  0.00016742,  0.00629043],
       [ 0.0129986 ,  0.01030243, -0.00828653],
       [ 0.02300561,  0.01320554,  0.01249204]]), 'b1': array([[-0.63064256],
       [ 0.04369388],
       [-0.00290758]])}
 {'b2': array([[ 0.17565862]]), 'W2': array([[ 1.70156981, -0.29862268,  0.30955728]]), 'W1': array([[-0.02062025,  0.00016742,  0.00629043],
       [-0.0012888 ,  0.01030243,  0.00229812],
       [ 0.02300561,  0.01320554,  0.01044728]]), 'b1': array([[-0.63064256],
       [ 0.04369388],
       [-0.00290758]])}
 {'b2': array([[ 0.17565862]]), 'W2': array([[ 0.91572382, -0.29862268,  0.30955728]]), 'W1': array([[-0.02062025,  0.00016742,  0.00629043],
       [ 0.00226537,  0.01130652,  0.00229812],
       [ 0.02300561,  0.01320554,  0.01044728]]), 'b1': array([[-0.60048326],
       [ 0.04369388],
       [-0.00290758]])}
 {'b2': array([[ 0.17565862]]), 'W2': array([[ 1.55069208, -0.31474498,  0.30955728]]), 'W1': array([[-0.0212569 , -0.00218348,  0.00629043],
       [ 0.00226537,  0.01030243,  0.00229812],
       [ 0.02300561,  0.01320554,  0.01044728]]), 'b1': array([[-0.63064256],
       [ 0.04369388],
       [-0.00290758]])}]
2017-10-27 03:06:41,336 : -------------------------------------------------------
2017-10-27 03:15:36,411 : [ {'b2': array([[ 0.17565862]]), 'W2': array([[ 1.70156981, -0.29862268,  0.30955728]]), 'W1': array([[-0.02062025,  0.00016742,  0.00629043],
       [-0.0012888 ,  0.01030243,  0.00229812],
       [ 0.02300561,  0.01320554,  0.01044728]]), 'b1': array([[-0.63064256],
       [ 0.04369388],
       [-0.00290758]])}
 {'b2': array([[ 0.17565862]]), 'W2': array([[ 0.91572382, -0.29862268,  0.30955728]]), 'W1': array([[-0.02062025,  0.00016742,  0.00629043],
       [ 0.00226537,  0.01130652,  0.00229812],
       [ 0.02300561,  0.01320554,  0.01044728]]), 'b1': array([[-0.60048326],
       [ 0.04369388],
       [-0.00290758]])}
 {'b2': array([[ 0.17565862]]), 'W2': array([[ 0.91572382, -0.29862268,  0.30955728]]), 'W1': array([[-0.02062025,  0.00016742,  0.00629043],
       [ 0.00226537,  0.01130652,  0.00229812],
       [ 0.02300561,  0.01320554,  0.01044728]]), 'b1': array([[-0.63064256],
       [ 0.04369388],
       [-0.00290758]])}
 {'b2': array([[ 0.17565862]]), 'W2': array([[ 1.55069208, -0.31474498,  0.30955728]]), 'W1': array([[-0.0212569 , -0.00218348,  0.00629043],
       [ 0.00226537,  0.01030243,  0.00229812],
       [ 0.02300561,  0.01320554,  0.01044728]]), 'b1': array([[-0.63064256],
       [-0.05157346],
       [-0.00290758]])}]
2017-10-27 03:15:36,462 : -------------------------------------------------------
2017-10-27 03:21:31,383 : [ {'b2': array([[ 0.17565862]]), 'W2': array([[ 0.91572382, -0.29862268,  0.30955728]]), 'W1': array([[-0.02062025,  0.00016742,  0.00629043],
       [ 0.00226537,  0.01130652,  0.00229812],
       [ 0.02300561,  0.01320554,  0.01044728]]), 'b1': array([[-0.60048326],
       [ 0.04369388],
       [-0.00290758]])}
 {'b2': array([[ 0.17565862]]), 'W2': array([[ 1.55069208, -0.31474498,  0.30955728]]), 'W1': array([[-0.0212569 , -0.00218348,  0.00629043],
       [ 0.00226537,  0.01030243,  0.00229812],
       [ 0.02300561,  0.01320554,  0.01044728]]), 'b1': array([[-0.63064256],
       [-0.05157346],
       [-0.00290758]])}
 {'b2': array([[ 0.17565862]]), 'W2': array([[ 1.55069208, -0.31474498,  0.30955728]]), 'W1': array([[-0.02062025,  0.00016742,  0.00629043],
       [ 0.00226537,  0.01130652,  0.00229812],
       [ 0.02300561,  0.01320554,  0.01044728]]), 'b1': array([[-0.63064256],
       [-0.05157346],
       [-0.00290758]])}
 {'b2': array([[ 0.25064354]]), 'W2': array([[ 0.91572382, -0.29862268,  0.30955728]]), 'W1': array([[-0.02328483,  0.00016742,  0.00629043],
       [ 0.00226537,  0.01130652,  0.00787365],
       [ 0.02300561,  0.01320554,  0.01044728]]), 'b1': array([[-0.60048326],
       [ 0.04369388],
       [-0.00290758]])}]
2017-10-27 03:21:31,427 : -------------------------------------------------------
2017-10-27 03:31:04,111 : [ {'b2': array([[ 0.25064354]]), 'W2': array([[ 0.91572382, -0.29862268,  0.30955728]]), 'W1': array([[-0.02328483,  0.00016742,  0.00629043],
       [ 0.00226537,  0.01130652,  0.00787365],
       [ 0.02300561,  0.01320554,  0.01044728]]), 'b1': array([[-0.60048326],
       [ 0.04369388],
       [-0.00290758]])}
 {'b2': array([[ 0.17565862]]), 'W2': array([[ 1.55069208, -0.31474498,  0.30955728]]), 'W1': array([[-0.02062025,  0.00016742,  0.00629043],
       [ 0.00226537,  0.01130652,  0.00229812],
       [ 0.02300561,  0.01320554,  0.01044728]]), 'b1': array([[-0.63064256],
       [-0.05157346],
       [-0.00290758]])}
 {'b2': array([[ 0.17565862]]), 'W2': array([[ 1.55069208, -0.31474498,  0.30955728]]), 'W1': array([[-0.02062025,  0.00016742,  0.00629043],
       [ 0.00226537,  0.01130652,  0.00993   ],
       [ 0.02300561,  0.01320554,  0.01044728]]), 'b1': array([[-0.63064256],
       [-0.05157346],
       [-0.00290758]])}
 {'b2': array([[ 0.25064354]]), 'W2': array([[ 0.91572382, -0.29862268,  0.30955728]]), 'W1': array([[-0.02062025,  0.00016742,  0.00629043],
       [-0.0009317 ,  0.01130652,  0.00229812],
       [ 0.02300561,  0.01320554,  0.01044728]]), 'b1': array([[-0.60048326],
       [ 0.04369388],
       [-0.00290758]])}]
2017-10-27 03:31:04,173 : -------------------------------------------------------
2017-10-27 03:43:50,945 : [ {'b2': array([[ 0.25064354]]), 'W2': array([[ 0.91572382, -0.25964701,  0.30955728]]), 'W1': array([[-0.02328483,  0.00016742,  0.00629043],
       [ 0.00226537,  0.00968003,  0.00787365],
       [ 0.02300561,  0.01320554,  0.01044728]]), 'b1': array([[-0.60048326],
       [ 0.04369388],
       [-0.00290758]])}
 {'b2': array([[ 0.25064354]]), 'W2': array([[ 0.91572382, -0.29862268,  0.30955728]]), 'W1': array([[-0.02062025,  0.00016742,  0.00629043],
       [ 0.00226537,  0.01130652,  0.02087847],
       [ 0.02300561,  0.01320554,  0.01044728]]), 'b1': array([[-0.63064256],
       [-0.05157346],
       [-0.00290758]])}
 {'b2': array([[ 0.25064354]]), 'W2': array([[ 0.91572382, -0.29862268,  0.30955728]]), 'W1': array([[-0.02062025,  0.00016742,  0.00629043],
       [ 0.00226537,  0.01130652,  0.00993   ],
       [ 0.02300561,  0.01320554,  0.01041885]]), 'b1': array([[-0.63064256],
       [-0.05157346],
       [-0.00290758]])}
 {'b2': array([[ 0.17565862]]), 'W2': array([[ 1.55069208, -0.31474498,  0.30955728]]), 'W1': array([[-0.02062025,  0.00016742,  0.00629043],
       [ 0.00226537,  0.01130652,  0.00229812],
       [ 0.02300561,  0.01320554,  0.01044728]]), 'b1': array([[-0.63064256],
       [-0.05157346],
       [-0.00290758]])}]
2017-10-27 03:43:50,986 : -------------------------------------------------------
2017-10-27 03:57:06,184 : [ {'b2': array([[ 0.25064354]]), 'W2': array([[ 0.91572382, -0.25964701,  0.30955728]]), 'W1': array([[-0.02328483,  0.00016742,  0.00629043],
       [ 0.00226537,  0.00968003,  0.00787365],
       [ 0.02300561,  0.01320554,  0.01044728]]), 'b1': array([[-0.60048326],
       [ 0.04369388],
       [-0.00290758]])}
 {'b2': array([[ 0.25064354]]), 'W2': array([[ 0.91572382, -0.29862268,  0.30955728]]), 'W1': array([[-0.02062025,  0.00016742,  0.00629043],
       [ 0.00226537,  0.01130652,  0.01901607],
       [ 0.02300561,  0.01351209,  0.01044728]]), 'b1': array([[-0.63064256],
       [-0.05157346],
       [-0.00290758]])}
 {'b2': array([[ 0.25064354]]), 'W2': array([[ 0.91572382, -0.29862268,  0.30955728]]), 'W1': array([[-0.02328483,  0.00016742,  0.00629043],
       [ 0.00226537,  0.01130652,  0.02087847],
       [ 0.02300561,  0.01320554,  0.01044728]]), 'b1': array([[-0.63064256],
       [-0.05157346],
       [-0.00290758]])}
 {'b2': array([[ 0.25064354]]), 'W2': array([[ 0.91572382, -0.29862268,  0.30955728]]), 'W1': array([[-0.02062025,  0.00016742,  0.00629043],
       [ 0.00226537,  0.01130652,  0.02087847],
       [ 0.02300561,  0.01320554,  0.01044728]]), 'b1': array([[-0.63064256],
       [-0.05157346],
       [-0.00290758]])}]
2017-10-27 03:57:06,224 : -------------------------------------------------------
2017-10-27 04:09:00,631 : [ {'b2': array([[ 0.25064354]]), 'W2': array([[ 0.91572382, -0.25964701,  0.30955728]]), 'W1': array([[-0.02328483,  0.00016742,  0.00629043],
       [ 0.00226537,  0.00968003,  0.00787365],
       [ 0.02300561,  0.01320554,  0.01044728]]), 'b1': array([[-0.60048326],
       [ 0.04369388],
       [-0.00290758]])}
 {'b2': array([[ 0.25064354]]), 'W2': array([[ 0.91572382, -0.29862268,  0.30955728]]), 'W1': array([[-0.02062025,  0.00016742,  0.00629043],
       [ 0.00226537,  0.01130652,  0.01901607],
       [ 0.02300561,  0.01351209,  0.01044728]]), 'b1': array([[-0.63064256],
       [-0.05157346],
       [-0.00290758]])}
 {'b2': array([[ 0.25064354]]), 'W2': array([[ 0.91572382, -0.29862268,  0.30955728]]), 'W1': array([[-0.02062025,  0.00016742,  0.00629043],
       [ 0.00226537,  0.01130652,  0.02087847],
       [ 0.02300561,  0.01320554,  0.01044728]]), 'b1': array([[-0.63064256],
       [-0.05157346],
       [-0.00290758]])}
 {'b2': array([[ 0.25064354]]), 'W2': array([[ 0.91572382, -0.29862268,  0.30955728]]), 'W1': array([[-0.02328483,  0.00016742,  0.00629043],
       [ 0.00226537,  0.00968003,  0.00787365],
       [ 0.02300561,  0.01320554,  0.01044728]]), 'b1': array([[-0.60048326],
       [ 0.04369388],
       [-0.00290758]])}]
2017-10-27 04:09:00,670 : -------------------------------------------------------
2017-10-27 04:21:26,351 : [ {'b2': array([[ 0.25064354]]), 'W2': array([[ 0.91572382, -0.29862268,  0.30955728]]), 'W1': array([[-0.02062025,  0.00016742,  0.00629043],
       [ 0.00226537,  0.01130652,  0.01901607],
       [ 0.02300561,  0.01351209,  0.01044728]]), 'b1': array([[-0.63064256],
       [-0.05157346],
       [-0.00290758]])}
 {'b2': array([[ 0.25064354]]), 'W2': array([[ 0.91572382, -0.29862268,  0.30955728]]), 'W1': array([[-0.02328483,  0.00138713,  0.00629043],
       [ 0.00226537,  0.00536338,  0.02087847],
       [ 0.02915461,  0.01320554,  0.00695987]]), 'b1': array([[-0.63064256],
       [-0.05157346],
       [-0.00290758]])}
 {'b2': array([[ 0.25064354]]), 'W2': array([[ 0.91572382, -0.29862268,  0.30955728]]), 'W1': array([[-0.02328483,  0.00016742,  0.00629043],
       [ 0.00226537,  0.00968003,  0.00787365],
       [ 0.02300561,  0.01320554,  0.01044728]]), 'b1': array([[-0.60048326],
       [ 0.04369388],
       [-0.00290758]])}
 {'b2': array([[ 0.25064354]]), 'W2': array([[ 0.91572382, -0.29862268,  0.30955728]]), 'W1': array([[-0.02328483,  0.00016742,  0.00629043],
       [ 0.00226537,  0.01130652,  0.02087847],
       [ 0.02300561,  0.01320554,  0.01044728]]), 'b1': array([[-0.60048326],
       [ 0.04369388],
       [ 0.04122659]])}]
2017-10-27 04:21:26,389 : -------------------------------------------------------
2017-10-27 04:35:45,561 : [ {'b2': array([[ 0.25064354]]), 'W2': array([[ 1.54225981, -0.29862268,  0.30955728]]), 'W1': array([[-0.02062025,  0.00016742,  0.00629043],
       [ 0.00226537,  0.01130652,  0.01901607],
       [ 0.02300561,  0.01320554,  0.00695987]]), 'b1': array([[-0.63064256],
       [-0.05157346],
       [-0.00290758]])}
 {'b2': array([[ 0.25064354]]), 'W2': array([[ 0.91572382, -0.29862268,  0.30955728]]), 'W1': array([[-0.02062025,  0.00016742,  0.00629043],
       [ 0.00226537,  0.01130652,  0.01901607],
       [ 0.02300561,  0.01351209,  0.00588823]]), 'b1': array([[-0.39806385],
       [-0.16222164],
       [-0.00290758]])}
 {'b2': array([[ 0.25064354]]), 'W2': array([[ 0.91572382, -0.29862268,  0.30955728]]), 'W1': array([[-0.02062025,  0.00016742,  0.00629043],
       [ 0.00226537,  0.01130652,  0.01901607],
       [ 0.02300561,  0.01351209,  0.01044728]]), 'b1': array([[-0.63064256],
       [-0.05157346],
       [-0.00290758]])}
 {'b2': array([[ 0.25064354]]), 'W2': array([[ 0.91572382, -0.29862268,  0.30955728]]), 'W1': array([[-0.02062025,  0.00016742,  0.00629043],
       [ 0.00226537,  0.01130652,  0.01347215],
       [ 0.02300561,  0.01351209,  0.01044728]]), 'b1': array([[-0.63064256],
       [-0.05157346],
       [-0.00290758]])}]
2017-10-27 04:35:45,609 : -------------------------------------------------------
2017-10-27 04:48:49,293 : [ {'b2': array([[ 0.25064354]]), 'W2': array([[ 0.91572382, -0.29862268,  0.30955728]]), 'W1': array([[-0.02062025,  0.00016742,  0.00629043],
       [ 0.00226537,  0.01130652,  0.01347215],
       [ 0.02300561,  0.01351209,  0.01044728]]), 'b1': array([[-0.63064256],
       [-0.05157346],
       [-0.00290758]])}
 {'b2': array([[ 0.25064354]]), 'W2': array([[ 0.91572382, -0.29862268,  0.30955728]]), 'W1': array([[-0.02062025, -0.00072845,  0.00629043],
       [ 0.00226537,  0.01130652,  0.01901607],
       [ 0.02300561,  0.01379195,  0.00695987]]), 'b1': array([[-0.63064256],
       [-0.05157346],
       [-0.00290758]])}
 {'b2': array([[ 0.25064354]]), 'W2': array([[ 0.91572382, -0.29862268,  0.30955728]]), 'W1': array([[-0.02062025,  0.00016742,  0.00629043],
       [ 0.00226537,  0.01130652,  0.01901607],
       [ 0.02300561,  0.01351209,  0.00588823]]), 'b1': array([[-0.39806385],
       [-0.16222164],
       [-0.00290758]])}
 {'b2': array([[ 0.25064354]]), 'W2': array([[ 0.91572382, -0.29862268,  0.30955728]]), 'W1': array([[-0.02062025,  0.00016742,  0.00629043],
       [ 0.00226537,  0.01130652,  0.01901607],
       [ 0.02300561,  0.01351209,  0.01044728]]), 'b1': array([[-0.63064256],
       [-0.05157346],
       [-0.00290758]])}]
2017-10-27 04:48:49,332 : -------------------------------------------------------
2017-10-27 04:59:39,879 : [ {'b2': array([[ 0.25064354]]), 'W2': array([[ 0.91572382, -0.29862268,  0.30955728]]), 'W1': array([[-0.02062025,  0.00016742,  0.00629043],
       [ 0.00226537,  0.01130652,  0.01347215],
       [ 0.02300561,  0.01351209,  0.01044728]]), 'b1': array([[-0.63064256],
       [-0.05157346],
       [-0.00290758]])}
 {'b2': array([[ 0.25064354]]), 'W2': array([[ 0.91572382, -0.29862268,  0.30955728]]), 'W1': array([[-0.02062025,  0.00016742,  0.00629043],
       [ 0.00226537,  0.01130652,  0.01901607],
       [ 0.02300561,  0.01351209,  0.01044728]]), 'b1': array([[-0.63064256],
       [-0.05157346],
       [-0.00290758]])}
 {'b2': array([[ 0.25064354]]), 'W2': array([[ 0.91572382, -0.29862268,  0.30955728]]), 'W1': array([[-0.02062025,  0.00016742, -0.00211831],
       [ 0.00226537,  0.01130652,  0.01901607],
       [ 0.02300561,  0.01351209,  0.00588823]]), 'b1': array([[-0.39806385],
       [-0.16222164],
       [-0.00290758]])}
 {'b2': array([[ 0.25064354]]), 'W2': array([[ 0.91572382, -0.29862268,  0.30955728]]), 'W1': array([[-0.02062025,  0.00016742,  0.00629043],
       [ 0.00226537,  0.01325698,  0.01901607],
       [ 0.02300561,  0.01351209,  0.00588823]]), 'b1': array([[-0.63064256],
       [-0.05157346],
       [-0.00290758]])}]
2017-10-27 04:59:39,930 : -------------------------------------------------------
2017-10-27 05:09:53,336 : [ {'b2': array([[ 0.25064354]]), 'W2': array([[ 0.91572382, -0.29862268,  0.30955728]]), 'W1': array([[-0.02062025,  0.00016742,  0.00629043],
       [ 0.00226537,  0.01325698,  0.01901607],
       [ 0.02300561,  0.01351209,  0.00588823]]), 'b1': array([[-0.63064256],
       [-0.05157346],
       [-0.00290758]])}
 {'b2': array([[ 0.25064354]]), 'W2': array([[ 0.91572382, -0.29862268,  0.30955728]]), 'W1': array([[-0.02062025,  0.00016742,  0.00629043],
       [ 0.00226537,  0.01130652,  0.01347215],
       [ 0.02300561,  0.01351209,  0.01044728]]), 'b1': array([[-0.63064256],
       [-0.05157346],
       [-0.00290758]])}
 {'b2': array([[ 0.25064354]]), 'W2': array([[ 0.91572382, -0.29862268,  0.30955728]]), 'W1': array([[-0.02062025,  0.00016742,  0.00629043],
       [ 0.00226537,  0.01325698,  0.01901607],
       [ 0.02300561,  0.01351209,  0.00588823]]), 'b1': array([[-0.63064256],
       [-0.05157346],
       [-0.00290758]])}
 {'b2': array([[ 0.25064354]]), 'W2': array([[ 0.91572382, -0.29862268,  0.30955728]]), 'W1': array([[-0.02062025,  0.00016742, -0.00211831],
       [ 0.00226537,  0.01130652,  0.01901607],
       [ 0.02300561,  0.01351209,  0.00588823]]), 'b1': array([[-0.39806385],
       [-0.16222164],
       [-0.00290758]])}]
2017-10-27 05:09:53,380 : -------------------------------------------------------
2017-10-27 05:34:12,875 : [ {'b2': array([[ 0.25064354]]), 'W2': array([[ 0.91572382, -0.29862268,  0.30955728]]), 'W1': array([[-0.01792104,  0.00016742,  0.00629043],
       [ 0.00226537,  0.01325698,  0.01901607],
       [ 0.02300561,  0.01351209,  0.00588823]]), 'b1': array([[-0.63064256],
       [-0.05157346],
       [-0.00290758]])}
 {'b2': array([[ 0.25064354]]), 'W2': array([[ 0.91572382, -0.29862268,  0.30955728]]), 'W1': array([[-0.02062025,  0.00016742,  0.00629043],
       [ 0.00226537,  0.01185713,  0.01347215],
       [ 0.02300561,  0.00391872,  0.01044728]]), 'b1': array([[-0.63064256],
       [-0.05157346],
       [-0.00290758]])}
 {'b2': array([[ 0.25064354]]), 'W2': array([[ 0.91572382, -0.29862268,  0.30955728]]), 'W1': array([[-0.02062025,  0.00016742,  0.00629043],
       [ 0.00226537,  0.01130652,  0.01347215],
       [ 0.02300561,  0.01351209,  0.00856635]]), 'b1': array([[-0.63064256],
       [-0.05157346],
       [-0.00290758]])}
 {'b2': array([[ 0.25064354]]), 'W2': array([[ 0.91572382, -0.29862268,  0.30955728]]), 'W1': array([[-0.02062025,  0.00016742,  0.00629043],
       [ 0.00226537,  0.01325698,  0.01901607],
       [ 0.02300561,  0.01351209,  0.00588823]]), 'b1': array([[-0.63064256],
       [-0.05157346],
       [ 0.32310552]])}]
2017-10-27 05:34:12,911 : -------------------------------------------------------
2017-10-27 05:49:58,033 : [ {'b2': array([[ 0.25064354]]), 'W2': array([[ 0.91572382, -0.29862268,  0.30955728]]), 'W1': array([[-0.01792104,  0.00016742,  0.00629043],
       [ 0.00226537,  0.01325698,  0.01901607],
       [ 0.02300561,  0.01351209,  0.00588823]]), 'b1': array([[-0.63064256],
       [-0.05157346],
       [-0.00290758]])}
 {'b2': array([[ 0.25064354]]), 'W2': array([[ 0.69167464, -0.29862268,  0.30955728]]), 'W1': array([[-0.01792104,  0.00016742,  0.00629043],
       [ 0.00226537,  0.01325698,  0.01901607],
       [ 0.02300561,  0.01351209,  0.00588823]]), 'b1': array([[-0.63064256],
       [-0.05157346],
       [-0.00290758]])}
 {'b2': array([[ 0.25064354]]), 'W2': array([[ 0.91572382, -0.29862268,  0.30955728]]), 'W1': array([[-0.02062025,  0.00016742,  0.00629043],
       [ 0.00226537,  0.01325698,  0.01901607],
       [ 0.02300561,  0.01351209,  0.00588823]]), 'b1': array([[-0.63064256],
       [-0.05157346],
       [ 0.32310552]])}
 {'b2': array([[ 0.25064354]]), 'W2': array([[ 0.91572382, -0.29862268,  0.30955728]]), 'W1': array([[-0.02062025,  0.00016742,  0.00629043],
       [ 0.00226537,  0.01130652,  0.01347215],
       [ 0.02300561,  0.01351209,  0.00856635]]), 'b1': array([[-0.63064256],
       [-0.05157346],
       [-0.00290758]])}]
2017-10-27 05:49:58,082 : -------------------------------------------------------
2017-10-27 06:05:04,448 : [ {'b2': array([[ 0.25064354]]), 'W2': array([[ 0.91572382, -0.29862268,  0.30955728]]), 'W1': array([[-0.02062025,  0.00016742,  0.00629043],
       [ 0.00226537,  0.01325698,  0.01901607],
       [ 0.02300561,  0.01351209,  0.00588823]]), 'b1': array([[-0.63064256],
       [-0.05157346],
       [ 0.32310552]])}
 {'b2': array([[ 0.2803829]]), 'W2': array([[ 0.69167464, -0.29862268,  0.30955728]]), 'W1': array([[-0.01792104,  0.00016742,  0.00629043],
       [ 0.00226537,  0.01325698,  0.01901607],
       [ 0.02300561,  0.01351209,  0.00588823]]), 'b1': array([[-0.45134199],
       [-0.05157346],
       [-0.00290758]])}
 {'b2': array([[ 0.25064354]]), 'W2': array([[ 0.91572382, -0.29862268,  0.30955728]]), 'W1': array([[-0.02062025,  0.00016742,  0.00629043],
       [ 0.00226537,  0.01130652,  0.01347215],
       [ 0.02300561,  0.01351209,  0.00856635]]), 'b1': array([[-0.63064256],
       [-0.05157346],
       [-0.00290758]])}
 {'b2': array([[ 0.25064354]]), 'W2': array([[ 0.69167464, -0.29862268,  0.30955728]]), 'W1': array([[-0.01792104,  0.00016742,  0.00629043],
       [ 0.00226537,  0.01325698,  0.01901607],
       [ 0.02300561,  0.01351209,  0.00588823]]), 'b1': array([[-0.63064256],
       [-0.05157346],
       [-0.00290758]])}]
2017-10-27 06:05:04,486 : -------------------------------------------------------
2017-10-27 06:22:44,046 : [ {'b2': array([[ 0.25064354]]), 'W2': array([[ 0.91572382, -0.29862268,  0.30955728]]), 'W1': array([[-0.02062025,  0.00016742,  0.00629043],
       [ 0.00226537,  0.01325698,  0.01901607],
       [ 0.02300561,  0.01351209,  0.00588823]]), 'b1': array([[-0.63064256],
       [-0.05157346],
       [ 0.32310552]])}
 {'b2': array([[ 0.25064354]]), 'W2': array([[ 0.91572382, -0.29862268,  0.30955728]]), 'W1': array([[-0.02062025,  0.00016742,  0.00629043],
       [ 0.00226537,  0.01325698,  0.01901607],
       [ 0.02300561,  0.01351209,  0.00588823]]), 'b1': array([[-0.63064256],
       [-0.05157346],
       [-0.00290758]])}
 {'b2': array([[ 0.25064354]]), 'W2': array([[ 0.91572382, -0.29862268,  0.30955728]]), 'W1': array([[-0.01792104,  0.00016742,  0.00629043],
       [ 0.00226537,  0.01325698,  0.01901607],
       [ 0.02300561,  0.01351209,  0.00588823]]), 'b1': array([[-0.45134199],
       [-0.05157346],
       [ 0.32310552]])}
 {'b2': array([[ 0.25064354]]), 'W2': array([[ 0.91572382, -0.29862268,  0.30955728]]), 'W1': array([[-0.02062025,  0.00016742,  0.00629043],
       [ 0.00226537,  0.01325698,  0.01901607],
       [ 0.02300561,  0.01351209,  0.00588823]]), 'b1': array([[-0.63064256],
       [-0.05157346],
       [ 0.32310552]])}]
2017-10-27 06:22:44,108 : -------------------------------------------------------
2017-10-27 06:38:46,328 : [ {'b2': array([[ 0.25064354]]), 'W2': array([[ 0.91572382, -0.29862268,  0.30955728]]), 'W1': array([[-0.02062025,  0.00016742,  0.00629043],
       [ 0.00226537,  0.01325698,  0.01901607],
       [ 0.02300561,  0.01351209,  0.00588823]]), 'b1': array([[-0.63064256],
       [-0.05157346],
       [ 0.32310552]])}
 {'b2': array([[ 0.25064354]]), 'W2': array([[ 0.91572382, -0.29862268,  0.30955728]]), 'W1': array([[-0.02137321,  0.00016742,  0.00629043],
       [ 0.00226537,  0.01325698,  0.01901607],
       [ 0.02300561,  0.01351209,  0.00588823]]), 'b1': array([[-0.63064256],
       [-0.05157346],
       [-0.00290758]])}
 {'b2': array([[ 0.25064354]]), 'W2': array([[ 0.91572382, -0.29862268,  0.30955728]]), 'W1': array([[-0.02062025,  0.00016742,  0.00629043],
       [ 0.00226537,  0.01325698,  0.01901607],
       [ 0.02300561,  0.01351209,  0.00588823]]), 'b1': array([[-0.63064256],
       [-0.05157346],
       [-0.00290758]])}
 {'b2': array([[ 0.25064354]]), 'W2': array([[ 0.91572382, -0.29862268,  0.30955728]]), 'W1': array([[-0.01792104,  0.00016742,  0.00629043],
       [ 0.00226537,  0.01325698,  0.01901607],
       [ 0.02300561,  0.01351209,  0.00588823]]), 'b1': array([[-0.45134199],
       [-0.05157346],
       [ 0.32310552]])}]
2017-10-27 06:38:46,374 : -------------------------------------------------------
2017-10-27 06:52:38,224 : [ {'b2': array([[ 0.25064354]]), 'W2': array([[ 0.91572382, -0.29862268,  0.30955728]]), 'W1': array([[-0.02062025,  0.00016742,  0.00629043],
       [ 0.00226537,  0.01325698,  0.01901607],
       [ 0.02300561,  0.01351209,  0.00588823]]), 'b1': array([[-0.63064256],
       [-0.05157346],
       [-0.00290758]])}
 {'b2': array([[ 0.25064354]]), 'W2': array([[ 0.91572382, -0.29862268,  0.30955728]]), 'W1': array([[-0.01792104,  0.00016742,  0.00629043],
       [ 0.00226537,  0.01325698,  0.01901607],
       [ 0.02300561,  0.01351209,  0.00588823]]), 'b1': array([[-0.45134199],
       [-0.05157346],
       [ 0.32310552]])}
 {'b2': array([[ 0.25064354]]), 'W2': array([[ 0.91572382, -0.29862268,  0.30955728]]), 'W1': array([[-0.02062025,  0.00016742,  0.00629043],
       [ 0.00226537,  0.01325698,  0.01901607],
       [ 0.02300561,  0.01406483,  0.00378515]]), 'b1': array([[-0.45134199],
       [-0.61257187],
       [ 0.32310552]])}
 {'b2': array([[ 0.25064354]]), 'W2': array([[ 0.91572382, -0.29862268,  0.30955728]]), 'W1': array([[-0.02062025,  0.00016742,  0.00629043],
       [ 0.00226537,  0.01325698,  0.01901607],
       [ 0.02300561,  0.01351209,  0.00588823]]), 'b1': array([[-0.63064256],
       [-0.05157346],
       [-0.00290758]])}]
2017-10-27 06:52:38,268 : -------------------------------------------------------
2017-10-27 07:07:20,412 : [ {'b2': array([[ 0.23996915]]), 'W2': array([[ 0.91572382, -0.29862268,  0.30955728]]), 'W1': array([[-0.02062025,  0.00016742,  0.00629043],
       [ 0.00226537,  0.01325698,  0.01901607],
       [ 0.02300561,  0.01351209,  0.00588823]]), 'b1': array([[-0.45134199],
       [-0.05157346],
       [ 0.32310552]])}
 {'b2': array([[ 0.25064354]]), 'W2': array([[ 0.91572382, -0.29862268,  0.30955728]]), 'W1': array([[-0.02062025,  0.00016742,  0.00629043],
       [ 0.00226537,  0.01325698,  0.01901607],
       [ 0.02300561,  0.01351209,  0.00588823]]), 'b1': array([[-0.63064256],
       [-0.05157346],
       [-0.00290758]])}
 {'b2': array([[ 0.25064354]]), 'W2': array([[ 0.91572382, -0.29862268,  0.30955728]]), 'W1': array([[-0.02062025,  0.00016742,  0.00629043],
       [ 0.00226537,  0.01325698,  0.01901607],
       [ 0.02300561,  0.01351209,  0.00588823]]), 'b1': array([[-0.63064256],
       [ 0.24541927],
       [ 0.00507853]])}
 {'b2': array([[ 0.25064354]]), 'W2': array([[ 0.91572382, -0.29862268,  0.30955728]]), 'W1': array([[-0.02062025,  0.00016742,  0.00629043],
       [ 0.00226537,  0.01325698,  0.01901607],
       [ 0.02300561,  0.01351209,  0.00588823]]), 'b1': array([[-0.45134199],
       [-0.61257187],
       [ 0.32310552]])}]
2017-10-27 07:07:20,464 : -------------------------------------------------------
2017-10-27 07:23:07,314 : [ {'b2': array([[ 0.25064354]]), 'W2': array([[ 0.91572382, -0.29862268,  0.30955728]]), 'W1': array([[-0.02062025,  0.00016742,  0.00629043],
       [ 0.00226537,  0.01325698,  0.02494384],
       [ 0.02300561,  0.01351209,  0.00588823]]), 'b1': array([[-0.45134199],
       [-0.61257187],
       [ 0.32310552]])}
 {'b2': array([[ 0.25064354]]), 'W2': array([[ 0.91572382, -0.29862268,  0.30955728]]), 'W1': array([[-0.02062025,  0.00016742,  0.00629043],
       [ 0.00226537,  0.01325698,  0.01901607],
       [ 0.02300561,  0.01351209,  0.00588823]]), 'b1': array([[-0.63064256],
       [-0.05157346],
       [-0.00290758]])}
 {'b2': array([[ 0.25064354]]), 'W2': array([[ 0.91572382, -0.29862268,  0.30955728]]), 'W1': array([[-0.02062025,  0.00016742,  0.00629043],
       [ 0.00226537,  0.01325698,  0.0196858 ],
       [ 0.02300561,  0.01351209,  0.00588823]]), 'b1': array([[-0.63064256],
       [ 0.24541927],
       [ 0.00507853]])}
 {'b2': array([[ 0.23996915]]), 'W2': array([[ 0.91572382, -0.29862268,  0.30955728]]), 'W1': array([[-0.02062025,  0.00016742,  0.00265704],
       [ 0.00226537,  0.01325698,  0.01901607],
       [ 0.01891984,  0.01351209,  0.00588823]]), 'b1': array([[-0.45134199],
       [-0.05157346],
       [ 0.32310552]])}]
2017-10-27 07:23:07,353 : -------------------------------------------------------
2017-10-27 07:37:41,206 : [ {'b2': array([[ 0.23996915]]), 'W2': array([[ 0.91572382, -0.29862268,  0.30955728]]), 'W1': array([[-0.02062025,  0.00016742,  0.00265704],
       [ 0.00226537,  0.01325698,  0.01901607],
       [ 0.01891984,  0.01351209,  0.00588823]]), 'b1': array([[-0.45134199],
       [-0.05157346],
       [ 0.32310552]])}
 {'b2': array([[ 0.25064354]]), 'W2': array([[ 0.91572382, -0.29862268,  0.30955728]]), 'W1': array([[-0.02062025,  0.00016742,  0.00629043],
       [ 0.00226537,  0.01325698,  0.01901607],
       [ 0.02300561,  0.01351209,  0.00588823]]), 'b1': array([[-0.63064256],
       [-0.05157346],
       [-0.00290758]])}
 {'b2': array([[ 0.25064354]]), 'W2': array([[ 0.91572382, -0.29862268,  0.30955728]]), 'W1': array([[-0.02062025,  0.00016742,  0.00629043],
       [ 0.00226537,  0.01325698,  0.02494384],
       [ 0.02300561,  0.01351209,  0.00588823]]), 'b1': array([[-0.45134199],
       [-0.61257187],
       [ 0.32310552]])}
 {'b2': array([[ 0.25064354]]), 'W2': array([[ 0.91572382, -0.29862268,  0.30955728]]), 'W1': array([[-0.02062025,  0.00016742,  0.00629043],
       [ 0.00226537,  0.01325698,  0.01901607],
       [ 0.02300561,  0.01351209,  0.00588823]]), 'b1': array([[-0.63064256],
       [-0.05157346],
       [-0.00290758]])}]
2017-10-27 07:37:41,251 : -------------------------------------------------------
2017-10-27 07:54:45,735 : [ {'b2': array([[ 0.27304736]]), 'W2': array([[ 0.91572382, -0.29862268,  0.30955728]]), 'W1': array([[-0.02062025,  0.00016742,  0.00629043],
       [ 0.00226537,  0.01325698,  0.01901607],
       [ 0.02300561,  0.01351209,  0.00588823]]), 'b1': array([[-0.63064256],
       [-0.05157346],
       [-0.00290758]])}
 {'b2': array([[ 0.25064354]]), 'W2': array([[ 0.91572382, -0.29862268,  0.30955728]]), 'W1': array([[-0.02062025,  0.00016742,  0.00629043],
       [ 0.00226537,  0.01325698,  0.01901607],
       [ 0.02300561,  0.01351209,  0.00588823]]), 'b1': array([[-0.63064256],
       [-0.05157346],
       [-0.00290758]])}
 {'b2': array([[ 0.23996915]]), 'W2': array([[ 0.91572382, -0.29862268,  0.30955728]]), 'W1': array([[-0.02062025, -0.00018317,  0.00265704],
       [ 0.00226537,  0.01325698,  0.01901607],
       [ 0.01891984,  0.01351209,  0.00588823]]), 'b1': array([[-0.45134199],
       [-0.05157346],
       [ 0.32310552]])}
 {'b2': array([[ 0.23996915]]), 'W2': array([[ 0.91572382, -0.29862268,  0.30955728]]), 'W1': array([[-0.02062025,  0.00016742,  0.00265704],
       [ 0.00226537,  0.01325698,  0.01901607],
       [ 0.01891984,  0.01351209,  0.00588823]]), 'b1': array([[-0.45134199],
       [-0.05157346],
       [ 0.32310552]])}]
2017-10-27 07:54:45,778 : -------------------------------------------------------
2017-10-27 08:13:06,683 : [ {'b2': array([[ 0.27304736]]), 'W2': array([[ 0.91572382, -0.29862268,  0.30955728]]), 'W1': array([[-0.02062025,  0.00016742,  0.00629043],
       [ 0.00226537,  0.01325698,  0.01901607],
       [ 0.02300561,  0.01351209,  0.00588823]]), 'b1': array([[-0.63064256],
       [-0.05157346],
       [-0.00290758]])}
 {'b2': array([[ 0.23996915]]), 'W2': array([[ 0.91572382, -0.29862268,  0.30955728]]), 'W1': array([[-0.02062025,  0.00016742,  0.00629043],
       [ 0.00226537,  0.01325698,  0.02208008],
       [ 0.02300561,  0.01351209,  0.00588823]]), 'b1': array([[-0.45134199],
       [-0.05157346],
       [ 0.32310552]])}
 {'b2': array([[ 0.25064354]]), 'W2': array([[ 0.91572382, -0.29862268,  0.30955728]]), 'W1': array([[-0.02062025,  0.00016742,  0.00629043],
       [ 0.00226537,  0.01325698,  0.01901607],
       [ 0.02300561,  0.01351209,  0.00588823]]), 'b1': array([[-0.63064256],
       [-0.05157346],
       [-0.00290758]])}
 {'b2': array([[ 0.25064354]]), 'W2': array([[ 0.91572382, -0.29862268,  0.30955728]]), 'W1': array([[-0.02062025, -0.00106749,  0.00629043],
       [ 0.00226537,  0.01325698,  0.01901607],
       [ 0.02300561,  0.01351209,  0.00588823]]), 'b1': array([[-0.63064256],
       [-0.05157346],
       [-0.00290758]])}]
2017-10-27 08:13:06,721 : -------------------------------------------------------
2017-10-27 08:25:38,746 : [ {'b2': array([[ 0.27304736]]), 'W2': array([[ 0.91572382, -0.29862268,  0.30955728]]), 'W1': array([[-0.02062025,  0.00016742,  0.00629043],
       [ 0.00226537,  0.01325698,  0.01901607],
       [ 0.02300561,  0.01351209,  0.00588823]]), 'b1': array([[-0.63064256],
       [-0.05157346],
       [-0.00290758]])}
 {'b2': array([[ 0.23996915]]), 'W2': array([[ 0.91572382, -0.29862268,  0.30955728]]), 'W1': array([[ -2.06202500e-02,   1.67420000e-04,   6.29043000e-03],
       [  2.26537000e-03,   1.32569800e-02,   2.20800800e-02],
       [  2.01238934e-02,   1.35120900e-02,   2.59997887e-05]]), 'b1': array([[-0.487053  ],
       [-0.05157346],
       [-0.04142694]])}
 {'b2': array([[ 0.25064354]]), 'W2': array([[ 0.91572382, -0.29862268,  0.30955728]]), 'W1': array([[-0.02062025,  0.00016742,  0.00629043],
       [ 0.00226537,  0.01325698,  0.01901607],
       [ 0.02300561,  0.01351209,  0.00588823]]), 'b1': array([[-0.63064256],
       [-0.05157346],
       [-0.00290758]])}
 {'b2': array([[ 0.23996915]]), 'W2': array([[ 1.34599611, -0.29862268,  0.30955728]]), 'W1': array([[-0.02062025,  0.00016742,  0.00629043],
       [ 0.00226537,  0.01325698,  0.02208008],
       [ 0.02300561,  0.01351209,  0.00588823]]), 'b1': array([[-0.63406808],
       [-0.05157346],
       [ 0.32310552]])}]
2017-10-27 08:25:38,790 : -------------------------------------------------------
2017-10-27 08:40:46,872 : [ {'b2': array([[ 0.25064354]]), 'W2': array([[ 1.34599611, -0.29862268,  0.30955728]]), 'W1': array([[-0.02062025,  0.00016742,  0.00629043],
       [ 0.00226537,  0.01325698,  0.02208008],
       [ 0.02300561,  0.01351209,  0.00588823]]), 'b1': array([[-0.63406808],
       [-0.03488594],
       [ 0.32310552]])}
 {'b2': array([[ 0.27304736]]), 'W2': array([[ 0.91572382, -0.29862268,  0.30955728]]), 'W1': array([[-0.02062025,  0.00016742,  0.00629043],
       [ 0.00226537,  0.01325698,  0.01901607],
       [ 0.02300561,  0.01351209,  0.00588823]]), 'b1': array([[-0.63064256],
       [-0.05157346],
       [-0.00290758]])}
 {'b2': array([[ 0.23996915]]), 'W2': array([[ 0.91572382, -0.29862268,  0.30955728]]), 'W1': array([[-0.02062025,  0.00016742,  0.00629043],
       [ 0.00226537,  0.01325698,  0.01901607],
       [ 0.02300561,  0.01351209,  0.00588823]]), 'b1': array([[-0.63064256],
       [-0.05157346],
       [ 0.32310552]])}
 {'b2': array([[ 0.23996915]]), 'W2': array([[ 0.91572382, -0.29862268,  0.30955728]]), 'W1': array([[ -2.06202500e-02,   1.67420000e-04,   6.29043000e-03],
       [  2.26537000e-03,   1.32569800e-02,   2.20800800e-02],
       [  2.01238934e-02,   1.35120900e-02,   2.59997887e-05]]), 'b1': array([[-0.487053  ],
       [-0.05157346],
       [-0.04142694]])}]
2017-10-27 08:40:46,908 : -------------------------------------------------------
2017-10-27 08:55:12,003 : [ {'b2': array([[ 0.27304736]]), 'W2': array([[ 0.91572382, -0.29862268,  0.30955728]]), 'W1': array([[-0.01875676,  0.00016742,  0.00629043],
       [ 0.00226537,  0.01325698,  0.01901607],
       [ 0.02300561,  0.01351209,  0.00588823]]), 'b1': array([[-0.63064256],
       [-0.05157346],
       [-0.00290758]])}
 {'b2': array([[ 0.27304736]]), 'W2': array([[ 0.91572382, -0.29862268,  0.30955728]]), 'W1': array([[-0.02062025,  0.00016742,  0.00629043],
       [ 0.00226537,  0.01325698,  0.02389935],
       [ 0.02300561,  0.01351209,  0.00588823]]), 'b1': array([[-0.73119972],
       [-0.05157346],
       [-0.00290758]])}
 {'b2': array([[ 0.23996915]]), 'W2': array([[ 0.91572382, -0.29862268,  0.30955728]]), 'W1': array([[ -2.06202500e-02,   1.67420000e-04,   6.29043000e-03],
       [  2.26537000e-03,   1.32569800e-02,   2.20800800e-02],
       [  2.01238934e-02,   1.35120900e-02,   2.59997887e-05]]), 'b1': array([[-0.487053  ],
       [-0.05157346],
       [-0.04142694]])}
 {'b2': array([[ 0.23996915]]), 'W2': array([[ 0.91572382, -0.29862268,  0.30955728]]), 'W1': array([[-0.02062025,  0.00016742,  0.00629043],
       [ 0.00226537,  0.01325698,  0.01901607],
       [ 0.02300561,  0.01351209,  0.00588823]]), 'b1': array([[-0.63064256],
       [-0.05157346],
       [ 0.32310552]])}]
2017-10-27 08:55:12,044 : -------------------------------------------------------
2017-10-27 09:10:55,351 : [ {'b2': array([[ 0.27304736]]), 'W2': array([[ 0.91572382, -0.29862268,  0.30955728]]), 'W1': array([[-0.02062025,  0.00016742,  0.01148373],
       [ 0.00226537,  0.01325698,  0.01901607],
       [ 0.02300561,  0.01351209,  0.00588823]]), 'b1': array([[-0.63064256],
       [-0.05157346],
       [-0.00290758]])}
 {'b2': array([[ 0.27304736]]), 'W2': array([[ 0.91572382, -0.29862268,  0.30955728]]), 'W1': array([[-0.02062025,  0.00016742,  0.00629043],
       [ 0.00226537,  0.01325698,  0.02389935],
       [ 0.02300561,  0.01351209,  0.00588823]]), 'b1': array([[-0.73119972],
       [-0.05157346],
       [-0.00290758]])}
 {'b2': array([[ 0.27304736]]), 'W2': array([[ 0.91572382, -0.29862268,  0.30955728]]), 'W1': array([[-0.02062025,  0.00016742,  0.00629043],
       [ 0.00226537,  0.01325698,  0.02389935],
       [ 0.02300561,  0.01351209,  0.00588823]]), 'b1': array([[-0.73119972],
       [-0.05157346],
       [-0.00290758]])}
 {'b2': array([[ 0.23996915]]), 'W2': array([[ 0.91572382, -0.29862268,  0.30955728]]), 'W1': array([[-0.02062025,  0.00016742,  0.00629043],
       [ 0.00226537,  0.01352433,  0.01901607],
       [ 0.02300561,  0.01351209,  0.00588823]]), 'b1': array([[-0.63064256],
       [-0.05157346],
       [ 0.32310552]])}]
2017-10-27 09:10:55,401 : -------------------------------------------------------
2017-10-27 09:24:14,145 : [ {'b2': array([[ 0.27304736]]), 'W2': array([[ 0.91572382, -0.29862268,  0.30955728]]), 'W1': array([[-0.02062025,  0.00016742,  0.00629043],
       [ 0.00226537,  0.01325698,  0.02389935],
       [ 0.02300561,  0.01649217,  0.0095058 ]]), 'b1': array([[-0.73119972],
       [-0.05157346],
       [-0.00290758]])}
 {'b2': array([[ 0.27304736]]), 'W2': array([[ 0.91572382, -0.29862268,  0.30955728]]), 'W1': array([[-0.02062025, -0.00020864,  0.00629043],
       [ 0.00226537,  0.01325698,  0.02389935],
       [ 0.02300561,  0.01351209,  0.00588823]]), 'b1': array([[-0.63064256],
       [-0.05157346],
       [-0.00290758]])}
 {'b2': array([[ 0.27304736]]), 'W2': array([[ 0.91572382, -0.29862268,  0.30955728]]), 'W1': array([[-0.02062025,  0.00107289,  0.00629043],
       [ 0.00226537,  0.01325698,  0.02389935],
       [ 0.02300561,  0.01351209,  0.00588823]]), 'b1': array([[-0.73119972],
       [-0.05157346],
       [-0.00290758]])}
 {'b2': array([[ 0.27304736]]), 'W2': array([[ 0.91572382, -0.29862268,  0.30955728]]), 'W1': array([[-0.02062025,  0.00016742,  0.00381535],
       [ 0.00226537,  0.01325698,  0.02389935],
       [ 0.02300561,  0.01351209,  0.00588823]]), 'b1': array([[-0.73119972],
       [-0.05157346],
       [-0.00290758]])}]
2017-10-27 09:24:14,182 : -------------------------------------------------------
